#
# A fatal error has been detected by the Java Runtime Environment:
#
#  EXCEPTION_ACCESS_VIOLATION (0xc0000005) at pc=0x00007ffa2dbede36, pid=1548, tid=31084
#
# JRE version: Java(TM) SE Runtime Environment (25.0+37) (build 25+37-LTS-3491)
# Java VM: Java HotSpot(TM) 64-Bit Server VM (25+37-LTS-3491, mixed mode, sharing, tiered, compressed oops, compressed class ptrs, g1 gc, windows-amd64)
# Problematic frame:
# C  [ntdll.dll+0x2de36]
#
# No core dump will be written. Minidumps are not enabled by default on client versions of Windows
#
# If you would like to submit a bug report, please visit:
#   https://bugreport.java.com/bugreport/crash.jsp
#

---------------  S U M M A R Y ------------

Command Line: -javaagent:C:\Users\rober\AppData\Local\JetBrains\IntelliJIdea2026.1\captureAgent\debugger-agent.jar=file:///C:/Users/rober/AppData/Local/Temp/capture15223411199036775930.props -ea -Didea.test.cyclic.buffer.size=1048576 -javaagent:C:\Program Files\JetBrains\IntelliJ IDEA 2025.2.3\lib\idea_rt.jar=64350 -Dkotlinx.coroutines.debug.enable.creation.stack.trace=false -Ddebugger.agent.enable.coroutines=true -Dkotlinx.coroutines.debug.enable.flows.stack.trace=true -Dkotlinx.coroutines.debug.enable.mutable.state.flows.stack.trace=true -Ddebugger.async.stack.trace.for.all.threads=true -Dfile.encoding=UTF-8 -Dsun.stdout.encoding=UTF-8 -Dsun.stderr.encoding=UTF-8 com.intellij.rt.junit.JUnitStarter -ideVersion5 -junit5 com.treble.feasimulation.solver.BeamSolverAdditionalTest

Host: Intel(R) Core(TM) Ultra 7 255H, 16 cores, 15G,  Windows 11 , 64 bit Build 26100 (10.0.26100.8328)
Time: Sun Jun  7 20:42:59 2026 GMT Summer Time elapsed time: 0.890834 seconds (0d 0h 0m 0s)

---------------  T H R E A D  ---------------

Current thread (0x000001dbc3895bc0):  VMThread "VM Thread"          [id=31084, stack(0x000000d6da400000,0x000000d6da500000) (1024K)]

Stack: [0x000000d6da400000,0x000000d6da500000],  sp=0x000000d6da4fea70,  free space=1018k
Native frames: (J=compiled Java code, j=interpreted, Vv=VM code, C=native code)
C  [ntdll.dll+0x2de36]  (no source info available)
C  [ntdll.dll+0x27010]  (no source info available)
C  [windows.storage.dll+0x1b6665]  (no source info available)
C  [windows.storage.dll+0x1b5c69]  (no source info available)
C  [windows.storage.dll+0x1b5a7a]  (no source info available)
C  [windows.storage.dll+0x35bb96]  (no source info available)
C  [ntdll.dll+0x15f98a]  (no source info available)
C  [ntdll.dll+0x12d23]  (no source info available)
C  [ntdll.dll+0x2cef]  (no source info available)
C  [ntdll.dll+0x43be]  (no source info available)
C  [KERNEL32.DLL+0x417fb]  (no source info available)
C  [ucrtbase.dll+0xa00b3]  (no source info available)
V  [jvm.dll+0x79ea1a]  (no source info available)
V  [jvm.dll+0x79eee1]  (no source info available)
V  [jvm.dll+0x79ea00]  (no source info available)
V  [jvm.dll+0x47a124]  (no source info available)
V  [jvm.dll+0x96ee71]  (no source info available)
V  [jvm.dll+0x97018d]  (no source info available)
V  [jvm.dll+0x970709]  (no source info available)
V  [jvm.dll+0x9709b3]  (no source info available)
V  [jvm.dll+0x90681d]  (no source info available)
V  [jvm.dll+0x7a5015]  (no source info available)
C  [ucrtbase.dll+0x37b0]  (no source info available)
C  [KERNEL32.DLL+0x2e957]  (no source info available)
C  [ntdll.dll+0x427c]  (no source info available)


siginfo: EXCEPTION_ACCESS_VIOLATION (0xc0000005), reading address 0x0000000000002000


Registers:
RAX=0x0000000000002000, RBX=0x000001dba1b90000, RCX=0x0000000017000017, RDX=0x00000000ff800000
RSP=0x000000d6da4fea70, RBP=0x00007ffa2a5f0000, RSI=0x000001dbc389f490, RDI=0x000001dba1b902e8
R8 =0x0000000000000017, R9 =0x0000000000000003, R10=0x000001dba1b90320, R11=0x0000000000000000
R12=0x0000000000000017, R13=0x0000000000000017, R14=0x000001dbca53de60, R15=0x000001dbc389f4a0
RIP=0x00007ffa2dbede36, EFLAGS=0x0000000000010246

XMM[0]=0x0000000000000000 0x0000000000000000
XMM[1]=0x0000000000000000 0x0000000000000000
XMM[2]=0x0000000000000000 0x0000000000000000
XMM[3]=0x0000000000000000 0x0000000000000000
XMM[4]=0x0000000000000000 0x0000000000000000
XMM[5]=0x0000000000000000 0x0000000000000000
XMM[6]=0x0000000000000000 0x0000000000000000
XMM[7]=0x0000000000000000 0x0000000000000000
XMM[8]=0x0000000000000000 0x404e000000000000
XMM[9]=0x0000000000000000 0x0000000000000000
XMM[10]=0x0000000000000000 0x0000000000000000
XMM[11]=0x0000000000000000 0x0000000000000000
XMM[12]=0x0000000000000000 0x0000000000000000
XMM[13]=0x0000000000000000 0x0000000000000000
XMM[14]=0x0000000000000000 0x0000000000000000
XMM[15]=0x0000000000000000 0x0000000000000000
  MXCSR=0x00001fa0


Register to memory mapping:

RAX=0x0000000000002000 is an unknown value
RBX=0x000001dba1b90000 points into unknown readable memory: 0x0000000000000000 | 00 00 00 00 00 00 00 00
RCX=0x0000000017000017 is an unknown value
RDX=0x00000000ff800000 is an unknown value
RSP=0x000000d6da4fea70 points into unknown readable memory: 0x000001dba1b90000 | 00 00 b9 a1 db 01 00 00
RBP=0x00007ffa2a5f0000 windows.storage.dll
RSI=0x000001dbc389f490 points into unknown readable memory: 0x0000000000000000 | 00 00 00 00 00 00 00 00
RDI=0x000001dba1b902e8 points into unknown readable memory: 0x000001dba1b94720 | 20 47 b9 a1 db 01 00 00
R8 =0x0000000000000017 is an unknown value
R9 =0x0000000000000003 is an unknown value
R10=0x000001dba1b90320 points into unknown readable memory: 0xb7bffffdfffffffc | fc ff ff ff fd ff bf b7
R11=0x0 is null
R12=0x0000000000000017 is an unknown value
R13=0x0000000000000017 is an unknown value
R14=0x000001dbca53de60 points into unknown readable memory: 0x0000000200000000 | 00 00 00 00 02 00 00 00
R15=0x000001dbc389f4a0 points into unknown readable memory: 0x0000000000000000 | 00 00 00 00 00 00 00 00

Top of Stack: (sp=0x000000d6da4fea70)
0x000000d6da4fea70:   000001dba1b90000 0000000000000001   ................
0x000000d6da4fea80:   000001dba1b93b10 00007ffa2dca16b0   .;.........-....
0x000000d6da4fea90:   0000000000000000 00007ffa2d6ff208   ..........o-....
0x000000d6da4feaa0:   0000000100000000 00007ffa00000000   ................
0x000000d6da4feab0:   0000000000000001 0000000000000017   ................
0x000000d6da4feac0:   000000d6da4f0101 000000d6da4feb00   ..O.......O.....
0x000000d6da4fead0:   000001dba1b90150 0000001700000017   P...............
0x000000d6da4feae0:   000001db00000001 0000000000000000   ................
0x000000d6da4feaf0:   0000000000000000 0000000000000017   ................
0x000000d6da4feb00:   0000000000000000 0000000000000000   ................
0x000000d6da4feb10:   000001dba1b90320 0000000000000000    ...............
0x000000d6da4feb20:   0000000000000000 0000000000000000   ................
0x000000d6da4feb30:   0000000000000000 000001dba1b903e8   ................
0x000000d6da4feb40:   0000000000000000 0000000000000000   ................
0x000000d6da4feb50:   0000e2d93d03ca9f 0000000000000000   ...=............
0x000000d6da4feb60:   0000000000000000 ffff591b2dbc0000   ...........-.Y..
0x000000d6da4feb70:   0000000000000015 00007ffa2d6ff208   ..........o-....
0x000000d6da4feb80:   0000000000000000 000001dbc389f490   ................
0x000000d6da4feb90:   00007ffa2d690d1a 00007ffa2b156712   ..i-.....g.+....
0x000000d6da4feba0:   0000000000000017 0000000000000000   ................
0x000000d6da4febb0:   0000000016010017 0000000000000017   ................
0x000000d6da4febc0:   0000000000000000 00007ffa5a00a6fc   ...........Z....
0x000000d6da4febd0:   0000000000190018 00007ffa02000002   ................
0x000000d6da4febe0:   000000d6da4fed78 000001dbc38a1100   x.O.............
0x000000d6da4febf0:   000001dbc38a1100 000001db17000017   ................
0x000000d6da4fec00:   00007ffa2d730cd8 00007ffa2d692c93   ..s-.....,i-....
0x000000d6da4fec10:   0000000000000000 0000000000000000   ................
0x000000d6da4fec20:   0000000000000000 000001dba1b90000   ................
0x000000d6da4fec30:   0000000000000000 000000007ffe0385   ................
0x000000d6da4fec40:   000001dbc389f4a0 00007ffa2dbe7010   .........p.-....
0x000000d6da4fec50:   000001dba1b90000 000001dbc389f4a0   ................
0x000000d6da4fec60:   000001dbc389f490 000001dbc389f490   ................

Instructions: (pc=0x00007ffa2dbede36)
  0x00007ffa2dbedd36:   44 89 5c 24 6c 4c 89 9c 24 a0 00 00 00 45 8b c5
  0x00007ffa2dbedd46:   41 c1 e8 05 44 89 44 24 6c 44 8b 4f 08 44 2b 4f
  0x00007ffa2dbedd56:   18 41 c1 e9 05 41 ff c9 48 8b 47 28 4e 8d 14 80
  0x00007ffa2dbedd66:   4c 89 94 24 a0 00 00 00 41 83 e5 1f ba ff ff ff
  0x00007ffa2dbedd76:   ff 41 0f b6 cd d3 e2 41 23 12 85 d2 0f 84 4d 03
  0x00007ffa2dbedd86:   00 00 8b ca 66 85 d2 0f 85 0a 02 00 00 f7 c2 00
  0x00007ffa2dbedd96:   00 ff 00 0f 85 66 05 00 00 48 c1 e9 18 48 8d 05
  0x00007ffa2dbedda6:   b6 17 15 00 0f b6 0c 01 83 c1 18 41 c1 e0 05 44
  0x00007ffa2dbeddb6:   03 c1 44 89 44 24 6c 44 39 5f 0c 0f 85 ce 01 00
  0x00007ffa2dbeddc6:   00 48 8b 47 30 4e 8b 34 c0 48 8b b4 24 f0 01 00
  0x00007ffa2dbeddd6:   00 4d 85 f6 0f 84 ba 00 00 00 48 8d 83 50 01 00
  0x00007ffa2dbedde6:   00 49 3b c6 74 42 83 7b 7c 00 0f 84 ab 03 00 00
  0x00007ffa2dbeddf6:   41 8b 46 f8 89 84 24 88 01 00 00 85 43 7c 74 0d
  0x00007ffa2dbede06:   33 83 88 00 00 00 89 84 24 88 01 00 00 8b c8 66
  0x00007ffa2dbede16:   89 44 24 68 48 8b b4 24 f0 01 00 00 0f b7 c1 4c
  0x00007ffa2dbede26:   3b f8 0f 87 f1 04 00 00 4c 8d 7e 10 49 8b 46 08
=>0x00007ffa2dbede36:   48 8b 08 45 33 e4 49 3b ce 0f 85 5f 06 00 00 4d
  0x00007ffa2dbede46:   89 37 49 89 47 08 4c 89 38 4d 89 7e 08 0f b7 46
  0x00007ffa2dbede56:   08 48 03 83 c0 00 00 00 48 89 83 c0 00 00 00 48
  0x00007ffa2dbede66:   8b bb 38 01 00 00 48 85 ff 0f 84 b6 00 00 00 4c
  0x00007ffa2dbede76:   89 a4 24 a8 00 00 00 0f b7 4e 08 8b 57 08 48 3b
  0x00007ffa2dbede86:   ca 72 25 48 8b 07 48 85 c0 0f 84 23 01 00 00 48
  0x00007ffa2dbede96:   8b f8 eb e7 48 8b 3f 44 8b 67 18 4c 89 a4 24 88
  0x00007ffa2dbedea6:   00 00 00 e9 62 fd ff ff 48 89 8c 24 a8 00 00 00
  0x00007ffa2dbedeb6:   ff ca 44 0f b7 46 08 4c 89 84 24 20 01 00 00 44
  0x00007ffa2dbedec6:   8b f1 44 2b 77 18 47 8d 24 36 83 7f 0c 00 45 0f
  0x00007ffa2dbeded6:   44 e6 8b 47 10 ff c0 89 47 10 48 8b 47 30 4e 8b
  0x00007ffa2dbedee6:   2c e0 3b ca 75 08 8b 47 14 ff c0 89 47 14 4d 85
  0x00007ffa2dbedef6:   ed 0f 85 54 01 00 00 48 8b 47 30 4e 89 3c e0 4d
  0x00007ffa2dbedf06:   85 ed 75 21 41 8b c6 c1 e8 05 41 83 e6 1f ba 01
  0x00007ffa2dbedf16:   00 00 00 41 0f b6 ce d3 e2 8b c8 48 8b 47 28 0b
  0x00007ffa2dbedf26:   14 88 89 14 88 48 8d 7b 7c 83 3f 00 74 16 0f b6


Stack slot to memory mapping:

stack at sp + 0 slots: 0x000001dba1b90000 points into unknown readable memory: 0x0000000000000000 | 00 00 00 00 00 00 00 00
stack at sp + 1 slots: 0x0000000000000001 is an unknown value
stack at sp + 2 slots: 0x000001dba1b93b10 points into unknown readable memory: 0x000001dba1b9ba60 | 60 ba b9 a1 db 01 00 00
stack at sp + 3 slots: 0x00007ffa2dca16b0 ntdll.dll
stack at sp + 4 slots: 0x0 is null
stack at sp + 5 slots: 0x00007ffa2d6ff208 SHCORE.dll
stack at sp + 6 slots: 0x0000000100000000 is an unknown value
stack at sp + 7 slots: 0x00007ffa00000000 is an unknown value

VM_Operation (0x000000d6d9dff350): Exit, mode: safepoint, requested by thread 0x000001dba1bcc530


---------------  P R O C E S S  ---------------

Threads class SMR info:
_java_thread_list=0x000001dbc9fc7430, length=25, elements={
0x000001dba1bcc530, 0x000001dbc38a6a80, 0x000001dbc38a8250, 0x000001dbc38ab030,
0x000001dbc38ae3d0, 0x000001dbc38af0d0, 0x000001dbc38b7ed0, 0x000001dbc38c2b10,
0x000001dbc38de600, 0x000001dbc38e2680, 0x000001dbc38e1e70, 0x000001dbc38e1660,
0x000001dbc38e0e50, 0x000001dbc4242fd0, 0x000001dbc38e36a0, 0x000001dbc4798d90,
0x000001dbc4630bd0, 0x000001dbc4a16190, 0x000001dbc4a0b480, 0x000001dbc97a0130,
0x000001dbc97a2980, 0x000001dbc4afc1e0, 0x000001dbc4af9300, 0x000001dbc4afe8f0,
0x000001dbc4aff890
}

Java Threads: ( => current thread )
  0x000001dba1bcc530 JavaThread "main"                              [_thread_blocked, id=26544, stack(0x000000d6d9d00000,0x000000d6d9e00000) (1024K)]
  0x000001dbc38a6a80 JavaThread "Reference Handler"          daemon [_thread_blocked, id=27988, stack(0x000000d6da500000,0x000000d6da600000) (1024K)]
  0x000001dbc38a8250 JavaThread "Finalizer"                  daemon [_thread_blocked, id=27424, stack(0x000000d6da600000,0x000000d6da700000) (1024K)]
  0x000001dbc38ab030 JavaThread "Signal Dispatcher"          daemon [_thread_blocked, id=34072, stack(0x000000d6da700000,0x000000d6da800000) (1024K)]
  0x000001dbc38ae3d0 JavaThread "Attach Listener"            daemon [_thread_blocked, id=35816, stack(0x000000d6da800000,0x000000d6da900000) (1024K)]
  0x000001dbc38af0d0 JavaThread "Service Thread"             daemon [_thread_blocked, id=32844, stack(0x000000d6da900000,0x000000d6daa00000) (1024K)]
  0x000001dbc38b7ed0 JavaThread "Monitor Deflation Thread"   daemon [_thread_blocked, id=34096, stack(0x000000d6daa00000,0x000000d6dab00000) (1024K)]
  0x000001dbc38c2b10 JavaThread "C2 CompilerThread0"         daemon [_thread_blocked, id=13324, stack(0x000000d6dab00000,0x000000d6dac00000) (1024K)]
  0x000001dbc38de600 JavaThread "C1 CompilerThread0"         daemon [_thread_blocked, id=34620, stack(0x000000d6dac00000,0x000000d6dad00000) (1024K)]
  0x000001dbc38e2680 JavaThread "C1 CompilerThread1"         daemon [_thread_blocked, id=27784, stack(0x000000d6dad00000,0x000000d6dae00000) (1024K)]
  0x000001dbc38e1e70 JavaThread "C1 CompilerThread2"         daemon [_thread_blocked, id=31800, stack(0x000000d6dae00000,0x000000d6daf00000) (1024K)]
  0x000001dbc38e1660 JavaThread "C1 CompilerThread3"         daemon [_thread_blocked, id=19084, stack(0x000000d6daf00000,0x000000d6db000000) (1024K)]
  0x000001dbc38e0e50 JavaThread "C2 CompilerThread1"         daemon [_thread_blocked, id=33660, stack(0x000000d6db000000,0x000000d6db100000) (1024K)]
  0x000001dbc4242fd0 JavaThread "Common-Cleaner"             daemon [_thread_blocked, id=33916, stack(0x000000d6db100000,0x000000d6db200000) (1024K)]
  0x000001dbc38e36a0 JavaThread "C2 CompilerThread2"         daemon [_thread_blocked, id=26132, stack(0x000000d6db200000,0x000000d6db300000) (1024K)]
  0x000001dbc4798d90 JavaThread "IntelliJ Suspend Helper"    daemon [_thread_blocked, id=33668, stack(0x000000d6db300000,0x000000d6db400000) (1024K)]
  0x000001dbc4630bd0 JavaThread "CoarseTimer"                daemon [_thread_blocked, id=33468, stack(0x000000d6db400000,0x000000d6db500000) (1024K)]
  0x000001dbc4a16190 JavaThread "Monitor Ctrl-Break"         daemon [_thread_in_native, id=29528, stack(0x000000d6db500000,0x000000d6db600000) (1024K)]
  0x000001dbc4a0b480 JavaThread "Notification Thread"        daemon [_thread_blocked, id=34904, stack(0x000000d6db600000,0x000000d6db700000) (1024K)]
  0x000001dbc97a0130 JavaThread "C2 CompilerThread3"         daemon [_thread_blocked, id=31100, stack(0x000000d6db700000,0x000000d6db800000) (1024K)]
  0x000001dbc97a2980 JavaThread "C2 CompilerThread4"         daemon [_thread_blocked, id=9228, stack(0x000000d6db800000,0x000000d6db900000) (1024K)]
  0x000001dbc4afc1e0 JavaThread "RMI TCP Accept-0"           daemon [_thread_in_native, id=4136, stack(0x000000d6db900000,0x000000d6dba00000) (1024K)]
  0x000001dbc4af9300 JavaThread "RMI TCP Connection(1)-192.168.5.103" daemon [_thread_in_native, id=30044, stack(0x000000d6dba00000,0x000000d6dbb00000) (1024K)]
  0x000001dbc4afe8f0 JavaThread "RMI Scheduler(0)"           daemon [_thread_blocked, id=33232, stack(0x000000d6dbb00000,0x000000d6dbc00000) (1024K)]
  0x000001dbc4aff890 JavaThread "JMX server connection timeout 42" daemon [_thread_blocked, id=21240, stack(0x000000d6dbc00000,0x000000d6dbd00000) (1024K)]
Total: 25

Other Threads:
=>0x000001dbc3895bc0 VMThread "VM Thread"                           [id=31084, stack(0x000000d6da400000,0x000000d6da500000) (1024K)]
  0x000001dba40d22a0 WorkerThread "GC Thread#0"                     [id=28660, stack(0x000000d6d9e00000,0x000000d6d9f00000) (1024K)]
  0x000001dbc9f07de0 WorkerThread "GC Thread#1"                     [id=34732, stack(0x000000d6dbd00000,0x000000d6dbe00000) (1024K)]
  0x000001dbc9f0a900 WorkerThread "GC Thread#2"                     [id=32100, stack(0x000000d6dbe00000,0x000000d6dbf00000) (1024K)]
  0x000001dbc9f08680 WorkerThread "GC Thread#3"                     [id=12724, stack(0x000000d6dbf00000,0x000000d6dc000000) (1024K)]
  0x000001dbc9f0be90 WorkerThread "GC Thread#4"                     [id=35156, stack(0x000000d6dc000000,0x000000d6dc100000) (1024K)]
  0x000001dbc9f09370 WorkerThread "GC Thread#5"                     [id=11100, stack(0x000000d6dc100000,0x000000d6dc200000) (1024K)]
  0x000001dbc9f08230 WorkerThread "GC Thread#6"                     [id=4292, stack(0x000000d6dc200000,0x000000d6dc300000) (1024K)]
  0x000001dbc9f0c2e0 WorkerThread "GC Thread#7"                     [id=35600, stack(0x000000d6dc300000,0x000000d6dc400000) (1024K)]
  0x000001dba40ebb10 ConcurrentGCThread "G1 Main Marker"            terminated
  0x000001dba40ec4b0 WorkerThread "G1 Conc#0"                       [id=31852, stack(0x000000d6da000000,0x000000d6da100000) (1024K)]
  0x000001dba411e430 ConcurrentGCThread "G1 Refine#0"               terminated
  0x000001dbc374efd0 ConcurrentGCThread "G1 Service"                terminated
Total: 13

Threads with active compile tasks:
Total: 0

VM state: at safepoint (shutting down)

VM Mutex/Monitor currently owned by a thread:  ([mutex/lock_event])
[0x00007ff94d6b94a8] Threads_lock - owner thread: 0x000001dbc3895bc0
[0x00007ff94d6b9628] Heap_lock - owner thread: 0x000001dba1bcc530

Heap address: 0x0000000708e00000, size: 3954 MB, Compressed Oops mode: Zero based, Oop shift amount: 3

CDS archive(s) mapped at: [0x0000000036000000-0x0000000036dd0000-0x0000000036dd0000), size 14483456, SharedBaseAddress: 0x0000000036000000, ArchiveRelocationMode: 1.
Compressed class space mapped at: 0x0000000037000000-0x0000000077000000, reserved size: 1073741824
UseCompressedClassPointers 1, UseCompactObjectHeaders 0
Narrow klass pointer bits 32, Max shift 3
Narrow klass base: 0x0000000036000000, Narrow klass shift: 0
Encoding Range: [0x0000000036000000 - 0x0000000136000000), (4294967296 bytes)
Klass Range:    [0x0000000036010000 - 0x0000000077000000), (1090453504 bytes)
Klass ID Range:  [65536 - 1090519033) (1090453497)
Protection zone: [0x0000000036000000 - 0x0000000036010000), (65536 bytes)

GC Precious Log:
 CardTable entry size: 512
 Card Set container configuration: InlinePtr #cards 4 size 8 Array Of Cards #cards 16 size 48 Howl #buckets 8 coarsen threshold 3686 Howl Bitmap #cards 512 size 80 coarsen threshold 460 Card regions per heap region 1 cards per card region 4096
 CPUs: 16 total, 16 available
 Memory: 15814M
 Large Page Support: Disabled
 NUMA Support: Disabled
 Compressed Oops: Enabled (Zero based)
 Heap Region Size: 2M
 Heap Min Capacity: 8M
 Heap Initial Capacity: 248M
 Heap Max Capacity: 3954M
 Pre-touch: Disabled
 Parallel Workers: 13
 Concurrent Workers: 3
 Concurrent Refinement Workers: 13
 Periodic GC: Disabled

Heap:
 garbage-first heap   total reserved 4048896K, committed 256000K, used 10752K [0x0000000708e00000, 0x0000000800000000)
  region size 2048K, 6 young (12288K), 3 survivors (6144K)

Heap Regions: E=young(eden), S=young(survivor), O=old, HS=humongous(starts), HC=humongous(continues), CS=collection set, F=free, TAMS=top-at-mark-start, PB=parsable bottom
|   0|0x0000000708e00000, 0x0000000708e00000, 0x0000000709000000|  0%| F|  |TAMS 0x0000000708e00000| PB 0x0000000708e00000| Untracked |  0
|   1|0x0000000709000000, 0x0000000709000000, 0x0000000709200000|  0%| F|  |TAMS 0x0000000709000000| PB 0x0000000709000000| Untracked |  0
|   2|0x0000000709200000, 0x0000000709200000, 0x0000000709400000|  0%| F|  |TAMS 0x0000000709200000| PB 0x0000000709200000| Untracked |  0
|   3|0x0000000709400000, 0x0000000709400000, 0x0000000709600000|  0%| F|  |TAMS 0x0000000709400000| PB 0x0000000709400000| Untracked |  0
|   4|0x0000000709600000, 0x0000000709600000, 0x0000000709800000|  0%| F|  |TAMS 0x0000000709600000| PB 0x0000000709600000| Untracked |  0
|   5|0x0000000709800000, 0x0000000709800000, 0x0000000709a00000|  0%| F|  |TAMS 0x0000000709800000| PB 0x0000000709800000| Untracked |  0
|   6|0x0000000709a00000, 0x0000000709a00000, 0x0000000709c00000|  0%| F|  |TAMS 0x0000000709a00000| PB 0x0000000709a00000| Untracked |  0
|   7|0x0000000709c00000, 0x0000000709c00000, 0x0000000709e00000|  0%| F|  |TAMS 0x0000000709c00000| PB 0x0000000709c00000| Untracked |  0
|   8|0x0000000709e00000, 0x0000000709e00000, 0x000000070a000000|  0%| F|  |TAMS 0x0000000709e00000| PB 0x0000000709e00000| Untracked |  0
|   9|0x000000070a000000, 0x000000070a000000, 0x000000070a200000|  0%| F|  |TAMS 0x000000070a000000| PB 0x000000070a000000| Untracked |  0
|  10|0x000000070a200000, 0x000000070a200000, 0x000000070a400000|  0%| F|  |TAMS 0x000000070a200000| PB 0x000000070a200000| Untracked |  0
|  11|0x000000070a400000, 0x000000070a400000, 0x000000070a600000|  0%| F|  |TAMS 0x000000070a400000| PB 0x000000070a400000| Untracked |  0
|  12|0x000000070a600000, 0x000000070a600000, 0x000000070a800000|  0%| F|  |TAMS 0x000000070a600000| PB 0x000000070a600000| Untracked |  0
|  13|0x000000070a800000, 0x000000070a800000, 0x000000070aa00000|  0%| F|  |TAMS 0x000000070a800000| PB 0x000000070a800000| Untracked |  0
|  14|0x000000070aa00000, 0x000000070aa00000, 0x000000070ac00000|  0%| F|  |TAMS 0x000000070aa00000| PB 0x000000070aa00000| Untracked |  0
|  15|0x000000070ac00000, 0x000000070ac00000, 0x000000070ae00000|  0%| F|  |TAMS 0x000000070ac00000| PB 0x000000070ac00000| Untracked |  0
|  16|0x000000070ae00000, 0x000000070ae00000, 0x000000070b000000|  0%| F|  |TAMS 0x000000070ae00000| PB 0x000000070ae00000| Untracked |  0
|  17|0x000000070b000000, 0x000000070b000000, 0x000000070b200000|  0%| F|  |TAMS 0x000000070b000000| PB 0x000000070b000000| Untracked |  0
|  18|0x000000070b200000, 0x000000070b200000, 0x000000070b400000|  0%| F|  |TAMS 0x000000070b200000| PB 0x000000070b200000| Untracked |  0
|  19|0x000000070b400000, 0x000000070b400000, 0x000000070b600000|  0%| F|  |TAMS 0x000000070b400000| PB 0x000000070b400000| Untracked |  0
|  20|0x000000070b600000, 0x000000070b600000, 0x000000070b800000|  0%| F|  |TAMS 0x000000070b600000| PB 0x000000070b600000| Untracked |  0
|  21|0x000000070b800000, 0x000000070b800000, 0x000000070ba00000|  0%| F|  |TAMS 0x000000070b800000| PB 0x000000070b800000| Untracked |  0
|  22|0x000000070ba00000, 0x000000070ba00000, 0x000000070bc00000|  0%| F|  |TAMS 0x000000070ba00000| PB 0x000000070ba00000| Untracked |  0
|  23|0x000000070bc00000, 0x000000070bc00000, 0x000000070be00000|  0%| F|  |TAMS 0x000000070bc00000| PB 0x000000070bc00000| Untracked |  0
|  24|0x000000070be00000, 0x000000070be00000, 0x000000070c000000|  0%| F|  |TAMS 0x000000070be00000| PB 0x000000070be00000| Untracked |  0
|  25|0x000000070c000000, 0x000000070c000000, 0x000000070c200000|  0%| F|  |TAMS 0x000000070c000000| PB 0x000000070c000000| Untracked |  0
|  26|0x000000070c200000, 0x000000070c200000, 0x000000070c400000|  0%| F|  |TAMS 0x000000070c200000| PB 0x000000070c200000| Untracked |  0
|  27|0x000000070c400000, 0x000000070c400000, 0x000000070c600000|  0%| F|  |TAMS 0x000000070c400000| PB 0x000000070c400000| Untracked |  0
|  28|0x000000070c600000, 0x000000070c600000, 0x000000070c800000|  0%| F|  |TAMS 0x000000070c600000| PB 0x000000070c600000| Untracked |  0
|  29|0x000000070c800000, 0x000000070c800000, 0x000000070ca00000|  0%| F|  |TAMS 0x000000070c800000| PB 0x000000070c800000| Untracked |  0
|  30|0x000000070ca00000, 0x000000070ca00000, 0x000000070cc00000|  0%| F|  |TAMS 0x000000070ca00000| PB 0x000000070ca00000| Untracked |  0
|  31|0x000000070cc00000, 0x000000070cc00000, 0x000000070ce00000|  0%| F|  |TAMS 0x000000070cc00000| PB 0x000000070cc00000| Untracked |  0
|  32|0x000000070ce00000, 0x000000070ce00000, 0x000000070d000000|  0%| F|  |TAMS 0x000000070ce00000| PB 0x000000070ce00000| Untracked |  0
|  33|0x000000070d000000, 0x000000070d000000, 0x000000070d200000|  0%| F|  |TAMS 0x000000070d000000| PB 0x000000070d000000| Untracked |  0
|  34|0x000000070d200000, 0x000000070d200000, 0x000000070d400000|  0%| F|  |TAMS 0x000000070d200000| PB 0x000000070d200000| Untracked |  0
|  35|0x000000070d400000, 0x000000070d400000, 0x000000070d600000|  0%| F|  |TAMS 0x000000070d400000| PB 0x000000070d400000| Untracked |  0
|  36|0x000000070d600000, 0x000000070d600000, 0x000000070d800000|  0%| F|  |TAMS 0x000000070d600000| PB 0x000000070d600000| Untracked |  0
|  37|0x000000070d800000, 0x000000070d800000, 0x000000070da00000|  0%| F|  |TAMS 0x000000070d800000| PB 0x000000070d800000| Untracked |  0
|  38|0x000000070da00000, 0x000000070da00000, 0x000000070dc00000|  0%| F|  |TAMS 0x000000070da00000| PB 0x000000070da00000| Untracked |  0
|  39|0x000000070dc00000, 0x000000070dc00000, 0x000000070de00000|  0%| F|  |TAMS 0x000000070dc00000| PB 0x000000070dc00000| Untracked |  0
|  40|0x000000070de00000, 0x000000070de00000, 0x000000070e000000|  0%| F|  |TAMS 0x000000070de00000| PB 0x000000070de00000| Untracked |  0
|  41|0x000000070e000000, 0x000000070e000000, 0x000000070e200000|  0%| F|  |TAMS 0x000000070e000000| PB 0x000000070e000000| Untracked |  0
|  42|0x000000070e200000, 0x000000070e200000, 0x000000070e400000|  0%| F|  |TAMS 0x000000070e200000| PB 0x000000070e200000| Untracked |  0
|  43|0x000000070e400000, 0x000000070e400000, 0x000000070e600000|  0%| F|  |TAMS 0x000000070e400000| PB 0x000000070e400000| Untracked |  0
|  44|0x000000070e600000, 0x000000070e600000, 0x000000070e800000|  0%| F|  |TAMS 0x000000070e600000| PB 0x000000070e600000| Untracked |  0
|  45|0x000000070e800000, 0x000000070e800000, 0x000000070ea00000|  0%| F|  |TAMS 0x000000070e800000| PB 0x000000070e800000| Untracked |  0
|  46|0x000000070ea00000, 0x000000070ea00000, 0x000000070ec00000|  0%| F|  |TAMS 0x000000070ea00000| PB 0x000000070ea00000| Untracked |  0
|  47|0x000000070ec00000, 0x000000070ec00000, 0x000000070ee00000|  0%| F|  |TAMS 0x000000070ec00000| PB 0x000000070ec00000| Untracked |  0
|  48|0x000000070ee00000, 0x000000070ee00000, 0x000000070f000000|  0%| F|  |TAMS 0x000000070ee00000| PB 0x000000070ee00000| Untracked |  0
|  49|0x000000070f000000, 0x000000070f000000, 0x000000070f200000|  0%| F|  |TAMS 0x000000070f000000| PB 0x000000070f000000| Untracked |  0
|  50|0x000000070f200000, 0x000000070f200000, 0x000000070f400000|  0%| F|  |TAMS 0x000000070f200000| PB 0x000000070f200000| Untracked |  0
|  51|0x000000070f400000, 0x000000070f400000, 0x000000070f600000|  0%| F|  |TAMS 0x000000070f400000| PB 0x000000070f400000| Untracked |  0
|  52|0x000000070f600000, 0x000000070f600000, 0x000000070f800000|  0%| F|  |TAMS 0x000000070f600000| PB 0x000000070f600000| Untracked |  0
|  53|0x000000070f800000, 0x000000070f800000, 0x000000070fa00000|  0%| F|  |TAMS 0x000000070f800000| PB 0x000000070f800000| Untracked |  0
|  54|0x000000070fa00000, 0x000000070fa00000, 0x000000070fc00000|  0%| F|  |TAMS 0x000000070fa00000| PB 0x000000070fa00000| Untracked |  0
|  55|0x000000070fc00000, 0x000000070fc00000, 0x000000070fe00000|  0%| F|  |TAMS 0x000000070fc00000| PB 0x000000070fc00000| Untracked |  0
|  56|0x000000070fe00000, 0x000000070fe00000, 0x0000000710000000|  0%| F|  |TAMS 0x000000070fe00000| PB 0x000000070fe00000| Untracked |  0
|  57|0x0000000710000000, 0x0000000710000000, 0x0000000710200000|  0%| F|  |TAMS 0x0000000710000000| PB 0x0000000710000000| Untracked |  0
|  58|0x0000000710200000, 0x0000000710200000, 0x0000000710400000|  0%| F|  |TAMS 0x0000000710200000| PB 0x0000000710200000| Untracked |  0
|  59|0x0000000710400000, 0x0000000710400000, 0x0000000710600000|  0%| F|  |TAMS 0x0000000710400000| PB 0x0000000710400000| Untracked |  0
|  60|0x0000000710600000, 0x0000000710600000, 0x0000000710800000|  0%| F|  |TAMS 0x0000000710600000| PB 0x0000000710600000| Untracked |  0
|  61|0x0000000710800000, 0x0000000710800000, 0x0000000710a00000|  0%| F|  |TAMS 0x0000000710800000| PB 0x0000000710800000| Untracked |  0
|  62|0x0000000710a00000, 0x0000000710a00000, 0x0000000710c00000|  0%| F|  |TAMS 0x0000000710a00000| PB 0x0000000710a00000| Untracked |  0
|  63|0x0000000710c00000, 0x0000000710c00000, 0x0000000710e00000|  0%| F|  |TAMS 0x0000000710c00000| PB 0x0000000710c00000| Untracked |  0
|  64|0x0000000710e00000, 0x0000000710e00000, 0x0000000711000000|  0%| F|  |TAMS 0x0000000710e00000| PB 0x0000000710e00000| Untracked |  0
|  65|0x0000000711000000, 0x0000000711000000, 0x0000000711200000|  0%| F|  |TAMS 0x0000000711000000| PB 0x0000000711000000| Untracked |  0
|  66|0x0000000711200000, 0x0000000711200000, 0x0000000711400000|  0%| F|  |TAMS 0x0000000711200000| PB 0x0000000711200000| Untracked |  0
|  67|0x0000000711400000, 0x0000000711400000, 0x0000000711600000|  0%| F|  |TAMS 0x0000000711400000| PB 0x0000000711400000| Untracked |  0
|  68|0x0000000711600000, 0x0000000711600000, 0x0000000711800000|  0%| F|  |TAMS 0x0000000711600000| PB 0x0000000711600000| Untracked |  0
|  69|0x0000000711800000, 0x0000000711800000, 0x0000000711a00000|  0%| F|  |TAMS 0x0000000711800000| PB 0x0000000711800000| Untracked |  0
|  70|0x0000000711a00000, 0x0000000711a00000, 0x0000000711c00000|  0%| F|  |TAMS 0x0000000711a00000| PB 0x0000000711a00000| Untracked |  0
|  71|0x0000000711c00000, 0x0000000711c00000, 0x0000000711e00000|  0%| F|  |TAMS 0x0000000711c00000| PB 0x0000000711c00000| Untracked |  0
|  72|0x0000000711e00000, 0x0000000711e00000, 0x0000000712000000|  0%| F|  |TAMS 0x0000000711e00000| PB 0x0000000711e00000| Untracked |  0
|  73|0x0000000712000000, 0x0000000712000000, 0x0000000712200000|  0%| F|  |TAMS 0x0000000712000000| PB 0x0000000712000000| Untracked |  0
|  74|0x0000000712200000, 0x0000000712200000, 0x0000000712400000|  0%| F|  |TAMS 0x0000000712200000| PB 0x0000000712200000| Untracked |  0
|  75|0x0000000712400000, 0x0000000712400000, 0x0000000712600000|  0%| F|  |TAMS 0x0000000712400000| PB 0x0000000712400000| Untracked |  0
|  76|0x0000000712600000, 0x0000000712600000, 0x0000000712800000|  0%| F|  |TAMS 0x0000000712600000| PB 0x0000000712600000| Untracked |  0
|  77|0x0000000712800000, 0x0000000712800000, 0x0000000712a00000|  0%| F|  |TAMS 0x0000000712800000| PB 0x0000000712800000| Untracked |  0
|  78|0x0000000712a00000, 0x0000000712a00000, 0x0000000712c00000|  0%| F|  |TAMS 0x0000000712a00000| PB 0x0000000712a00000| Untracked |  0
|  79|0x0000000712c00000, 0x0000000712c00000, 0x0000000712e00000|  0%| F|  |TAMS 0x0000000712c00000| PB 0x0000000712c00000| Untracked |  0
|  80|0x0000000712e00000, 0x0000000712e00000, 0x0000000713000000|  0%| F|  |TAMS 0x0000000712e00000| PB 0x0000000712e00000| Untracked |  0
|  81|0x0000000713000000, 0x0000000713000000, 0x0000000713200000|  0%| F|  |TAMS 0x0000000713000000| PB 0x0000000713000000| Untracked |  0
|  82|0x0000000713200000, 0x0000000713200000, 0x0000000713400000|  0%| F|  |TAMS 0x0000000713200000| PB 0x0000000713200000| Untracked |  0
|  83|0x0000000713400000, 0x0000000713400000, 0x0000000713600000|  0%| F|  |TAMS 0x0000000713400000| PB 0x0000000713400000| Untracked |  0
|  84|0x0000000713600000, 0x0000000713600000, 0x0000000713800000|  0%| F|  |TAMS 0x0000000713600000| PB 0x0000000713600000| Untracked |  0
|  85|0x0000000713800000, 0x0000000713800000, 0x0000000713a00000|  0%| F|  |TAMS 0x0000000713800000| PB 0x0000000713800000| Untracked |  0
|  86|0x0000000713a00000, 0x0000000713a00000, 0x0000000713c00000|  0%| F|  |TAMS 0x0000000713a00000| PB 0x0000000713a00000| Untracked |  0
|  87|0x0000000713c00000, 0x0000000713c00000, 0x0000000713e00000|  0%| F|  |TAMS 0x0000000713c00000| PB 0x0000000713c00000| Untracked |  0
|  88|0x0000000713e00000, 0x0000000713e00000, 0x0000000714000000|  0%| F|  |TAMS 0x0000000713e00000| PB 0x0000000713e00000| Untracked |  0
|  89|0x0000000714000000, 0x0000000714000000, 0x0000000714200000|  0%| F|  |TAMS 0x0000000714000000| PB 0x0000000714000000| Untracked |  0
|  90|0x0000000714200000, 0x0000000714200000, 0x0000000714400000|  0%| F|  |TAMS 0x0000000714200000| PB 0x0000000714200000| Untracked |  0
|  91|0x0000000714400000, 0x0000000714400000, 0x0000000714600000|  0%| F|  |TAMS 0x0000000714400000| PB 0x0000000714400000| Untracked |  0
|  92|0x0000000714600000, 0x0000000714600000, 0x0000000714800000|  0%| F|  |TAMS 0x0000000714600000| PB 0x0000000714600000| Untracked |  0
|  93|0x0000000714800000, 0x0000000714800000, 0x0000000714a00000|  0%| F|  |TAMS 0x0000000714800000| PB 0x0000000714800000| Untracked |  0
|  94|0x0000000714a00000, 0x0000000714a00000, 0x0000000714c00000|  0%| F|  |TAMS 0x0000000714a00000| PB 0x0000000714a00000| Untracked |  0
|  95|0x0000000714c00000, 0x0000000714c00000, 0x0000000714e00000|  0%| F|  |TAMS 0x0000000714c00000| PB 0x0000000714c00000| Untracked |  0
|  96|0x0000000714e00000, 0x0000000714e00000, 0x0000000715000000|  0%| F|  |TAMS 0x0000000714e00000| PB 0x0000000714e00000| Untracked |  0
|  97|0x0000000715000000, 0x000000071515aa40, 0x0000000715200000| 67%| S|CS|TAMS 0x0000000715000000| PB 0x0000000715000000| Complete |  0
|  98|0x0000000715200000, 0x0000000715400000, 0x0000000715400000|100%| S|CS|TAMS 0x0000000715200000| PB 0x0000000715200000| Complete |  0
|  99|0x0000000715400000, 0x0000000715600000, 0x0000000715600000|100%| S|CS|TAMS 0x0000000715400000| PB 0x0000000715400000| Complete |  0
| 100|0x0000000715600000, 0x0000000715600000, 0x0000000715800000|  0%| F|  |TAMS 0x0000000715600000| PB 0x0000000715600000| Untracked |  0
| 101|0x0000000715800000, 0x0000000715800000, 0x0000000715a00000|  0%| F|  |TAMS 0x0000000715800000| PB 0x0000000715800000| Untracked |  0
| 102|0x0000000715a00000, 0x0000000715a00000, 0x0000000715c00000|  0%| F|  |TAMS 0x0000000715a00000| PB 0x0000000715a00000| Untracked |  0
| 103|0x0000000715c00000, 0x0000000715c00000, 0x0000000715e00000|  0%| F|  |TAMS 0x0000000715c00000| PB 0x0000000715c00000| Untracked |  0
| 104|0x0000000715e00000, 0x0000000715e00000, 0x0000000716000000|  0%| F|  |TAMS 0x0000000715e00000| PB 0x0000000715e00000| Untracked |  0
| 105|0x0000000716000000, 0x0000000716000000, 0x0000000716200000|  0%| F|  |TAMS 0x0000000716000000| PB 0x0000000716000000| Untracked |  0
| 106|0x0000000716200000, 0x0000000716200000, 0x0000000716400000|  0%| F|  |TAMS 0x0000000716200000| PB 0x0000000716200000| Untracked |  0
| 107|0x0000000716400000, 0x0000000716400000, 0x0000000716600000|  0%| F|  |TAMS 0x0000000716400000| PB 0x0000000716400000| Untracked |  0
| 108|0x0000000716600000, 0x0000000716600000, 0x0000000716800000|  0%| F|  |TAMS 0x0000000716600000| PB 0x0000000716600000| Untracked |  0
| 109|0x0000000716800000, 0x0000000716800000, 0x0000000716a00000|  0%| F|  |TAMS 0x0000000716800000| PB 0x0000000716800000| Untracked |  0
| 110|0x0000000716a00000, 0x0000000716a00000, 0x0000000716c00000|  0%| F|  |TAMS 0x0000000716a00000| PB 0x0000000716a00000| Untracked |  0
| 111|0x0000000716c00000, 0x0000000716c00000, 0x0000000716e00000|  0%| F|  |TAMS 0x0000000716c00000| PB 0x0000000716c00000| Untracked |  0
| 112|0x0000000716e00000, 0x0000000716e00000, 0x0000000717000000|  0%| F|  |TAMS 0x0000000716e00000| PB 0x0000000716e00000| Untracked |  0
| 113|0x0000000717000000, 0x0000000717000000, 0x0000000717200000|  0%| F|  |TAMS 0x0000000717000000| PB 0x0000000717000000| Untracked |  0
| 114|0x0000000717200000, 0x0000000717200000, 0x0000000717400000|  0%| F|  |TAMS 0x0000000717200000| PB 0x0000000717200000| Untracked |  0
| 115|0x0000000717400000, 0x0000000717400000, 0x0000000717600000|  0%| F|  |TAMS 0x0000000717400000| PB 0x0000000717400000| Untracked |  0
| 116|0x0000000717600000, 0x0000000717600000, 0x0000000717800000|  0%| F|  |TAMS 0x0000000717600000| PB 0x0000000717600000| Untracked |  0
| 117|0x0000000717800000, 0x0000000717800000, 0x0000000717a00000|  0%| F|  |TAMS 0x0000000717800000| PB 0x0000000717800000| Untracked |  0
| 118|0x0000000717a00000, 0x0000000717a00000, 0x0000000717c00000|  0%| F|  |TAMS 0x0000000717a00000| PB 0x0000000717a00000| Untracked |  0
| 119|0x0000000717c00000, 0x0000000717c00000, 0x0000000717e00000|  0%| F|  |TAMS 0x0000000717c00000| PB 0x0000000717c00000| Untracked |  0
| 120|0x0000000717e00000, 0x0000000717e00000, 0x0000000718000000|  0%| F|  |TAMS 0x0000000717e00000| PB 0x0000000717e00000| Untracked |  0
| 121|0x0000000718000000, 0x00000007181fdab8, 0x0000000718200000| 99%| E|  |TAMS 0x0000000718000000| PB 0x0000000718000000| Complete |  0
| 122|0x0000000718200000, 0x0000000718400000, 0x0000000718400000|100%| E|CS|TAMS 0x0000000718200000| PB 0x0000000718200000| Complete |  0
| 123|0x0000000718400000, 0x0000000718600000, 0x0000000718600000|100%| E|CS|TAMS 0x0000000718400000| PB 0x0000000718400000| Complete |  0
|1976|0x00000007ffe00000, 0x00000007fff25608, 0x0000000800000000| 57%| O|  |TAMS 0x00000007ffe00000| PB 0x00000007ffe00000| Untracked |  0

Card table byte_map: [0x000001dbbca50000,0x000001dbbd210000] _byte_map_base: 0x000001dbb9209000

Marking Bits: (CMBitMap*) 0x000001dba40d2830
 Bits: [0x000001dbbd210000, 0x000001dbc0fd8000)

Polling page: 0x000001dba1e50000

Metaspace:
Metaspace        used 14513K, committed 14784K, reserved 1114112K
 class space     used 1442K, committed 1600K, reserved 1048576K

Usage:
  Non-class:     12.76 MB used.
      Class:      1.41 MB used.
       Both:     14.17 MB used.

Virtual space:
  Non-class space:       64.00 MB reserved,      12.88 MB ( 20%) committed,  1 nodes.
      Class space:        1.00 GB reserved,       1.56 MB ( <1%) committed,  1 nodes.
             Both:        1.06 GB reserved,      14.44 MB (  1%) committed. 

Chunk freelists:
   Non-Class:  3.16 MB
       Class:  14.42 MB
        Both:  17.58 MB

MaxMetaspaceSize: unlimited
CompressedClassSpaceSize: 1.00 GB
Initial GC threshold: 21.00 MB
Current GC threshold: 21.00 MB
CDS: on
 - commit_granule_bytes: 65536.
 - commit_granule_words: 8192.
 - virtual_space_node_default_size: 8388608.
 - enlarge_chunks_in_place: 1.
UseCompressedClassPointers 1, UseCompactObjectHeaders 0
Narrow klass pointer bits 32, Max shift 3
Narrow klass base: 0x0000000036000000, Narrow klass shift: 0
Encoding Range: [0x0000000036000000 - 0x0000000136000000), (4294967296 bytes)
Klass Range:    [0x0000000036010000 - 0x0000000077000000), (1090453504 bytes)
Klass ID Range:  [65536 - 1090519033) (1090453497)
Protection zone: [0x0000000036000000 - 0x0000000036010000), (65536 bytes)


Internal statistics:

num_allocs_failed_limit: 0.
num_arena_births: 192.
num_arena_deaths: 0.
num_vsnodes_births: 2.
num_vsnodes_deaths: 0.
num_space_committed: 231.
num_space_uncommitted: 0.
num_chunks_returned_to_freelist: 0.
num_chunks_taken_from_freelist: 428.
num_chunk_merges: 0.
num_chunk_splits: 235.
num_chunks_enlarged: 136.
num_inconsistent_stats: 0.

CodeHeap 'non-profiled nmethods': size=119232Kb used=622Kb max_used=622Kb free=118609Kb
 bounds [0x000001dbb4470000, 0x000001dbb46e0000, 0x000001dbbb8e0000]
CodeHeap 'profiled nmethods': size=119104Kb used=3546Kb max_used=3546Kb free=115557Kb
 bounds [0x000001dbac8e0000, 0x000001dbacc60000, 0x000001dbb3d30000]
CodeHeap 'non-nmethods': size=7424Kb used=3124Kb max_used=3170Kb free=4299Kb
 bounds [0x000001dbb3d30000, 0x000001dbb4050000, 0x000001dbb4470000]
CodeCache: size=245760Kb, used=7292Kb, max_used=7338Kb, free=238465Kb
 total_blobs=2879, nmethods=2316, adapters=463, full_count=0
Compilation: enabled, stopped_count=0, restarted_count=0

Compilation events (20 events):
Event: 0.569 Thread 0x000001dbc38e0e50 nmethod 2295 0x000001dbb450a408 code [0x000001dbb450a500, 0x000001dbb450a848]
Event: 0.569 Thread 0x000001dbc38de600 nmethod 2312 0x000001dbacc50208 code [0x000001dbacc50300, 0x000001dbacc50560]
Event: 0.570 Thread 0x000001dbc38e0e50 2314       4       org.jetbrains.capture.org.objectweb.asm.ClassReader::readUtf (44 bytes)
Event: 0.570 Thread 0x000001dbc38e2680 nmethod 2313 0x000001dbacc50588 code [0x000001dbacc50680, 0x000001dbacc50eb0]
Event: 0.570 Thread 0x000001dbc38e36a0 2315       4       java.lang.String::hashCode (60 bytes)
Event: 0.570 Thread 0x000001dbc38de600 2316       3       java.lang.Class::reflectionData (43 bytes)
Event: 0.570 Thread 0x000001dbc38e1e70 2317       3       java.lang.Class::copyMethods (36 bytes)
Event: 0.570 Thread 0x000001dbc38e2680 2318       3       org.jetbrains.capture.org.objectweb.asm.Frame::push (59 bytes)
Event: 0.570 Thread 0x000001dbc38de600 nmethod 2316 0x000001dbacc50f08 code [0x000001dbacc51000, 0x000001dbacc513c0]
Event: 0.570 Thread 0x000001dbc38e1e70 nmethod 2317 0x000001dbacc51408 code [0x000001dbacc51500, 0x000001dbacc51c30]
Event: 0.570 Thread 0x000001dbc38e2680 nmethod 2318 0x000001dbacc51c88 code [0x000001dbacc51d80, 0x000001dbacc525f8]
Event: 0.571 Thread 0x000001dbc38e2680 2319       3       org.jetbrains.capture.org.objectweb.asm.SymbolTable::addConstantMemberReference (147 bytes)
Event: 0.571 Thread 0x000001dbc38e1660 nmethod 2311 0x000001dbacc52608 code [0x000001dbacc52700, 0x000001dbacc55b00]
Event: 0.571 Thread 0x000001dbc38e2680 nmethod 2319 0x000001dbacc55b88 code [0x000001dbacc55c80, 0x000001dbacc56968]
Event: 0.571 Thread 0x000001dbc38e36a0 nmethod 2315 0x000001dbb450a888 code [0x000001dbb450a980, 0x000001dbb450aca8]
Event: 0.574 Thread 0x000001dbc38de600 2320       1       sun.invoke.util.Wrapper::basicTypeChar (5 bytes)
Event: 0.574 Thread 0x000001dbc38de600 nmethod 2320 0x000001dbb450ad08 code [0x000001dbb450ae00, 0x000001dbb450aed0]
Event: 0.575 Thread 0x000001dbc38e0e50 nmethod 2314 0x000001dbb450b008 code [0x000001dbb450b100, 0x000001dbb450b778]
Event: 0.576 Thread 0x000001dbc38e1660 2321       1       java.util.concurrent.CopyOnWriteArrayList::getArray (5 bytes)
Event: 0.576 Thread 0x000001dbc38e1660 nmethod 2321 0x000001dbb450b808 code [0x000001dbb450b900, 0x000001dbb450b9c8]

GC Heap Usage History (2 events):
Event: 0.516 {heap Before GC invocations=0 (full 0):
 garbage-first heap   total reserved 4048896K, committed 256000K, used 50325K [0x0000000708e00000, 0x0000000800000000)
  region size 2048K, 24 young (49152K), 0 survivors (0K)
}
Event: 0.521 {heap After GC invocations=1 (full 0):
 garbage-first heap   total reserved 4048896K, committed 256000K, used 6656K [0x0000000708e00000, 0x0000000800000000)
  region size 2048K, 3 young (6144K), 3 survivors (6144K)
}

Metaspace Usage History (2 events):
Event: 0.516 {metaspace Before GC invocations=0 (full 0):
 Metaspace       used 13603K, committed 13824K, reserved 1114112K
  class space    used 1345K, committed 1472K, reserved 1048576K
}
Event: 0.521 {metaspace After GC invocations=1 (full 0):
 Metaspace       used 13603K, committed 13824K, reserved 1114112K
  class space    used 1345K, committed 1472K, reserved 1048576K
}

Dll operation events (11 events):
Event: 0.009 Loaded shared library C:\Program Files\Java\jdk-25\bin\java.dll
Event: 0.009 Loaded shared library C:\Program Files\Java\jdk-25\bin\zip.dll
Event: 0.071 Loaded shared library C:\Program Files\Java\jdk-25\bin\instrument.dll
Event: 0.077 Loaded shared library C:\Program Files\Java\jdk-25\bin\net.dll
Event: 0.078 Loaded shared library C:\Program Files\Java\jdk-25\bin\jimage.dll
Event: 0.078 Loaded shared library C:\Program Files\Java\jdk-25\bin\nio.dll
Event: 0.083 Loaded shared library C:\Program Files\Java\jdk-25\bin\zip.dll
Event: 0.087 Loaded shared library C:\Program Files\Java\jdk-25\bin\verify.dll
Event: 0.144 Loaded shared library C:\Program Files\Java\jdk-25\bin\extnet.dll
Event: 0.150 Loaded shared library C:\Program Files\Java\jdk-25\bin\management.dll
Event: 0.165 Loaded shared library C:\Program Files\Java\jdk-25\bin\management_ext.dll

Deoptimization events (20 events):
Event: 0.525 Thread 0x000001dba1bcc530 Uncommon trap: trap_request=0xffffff45 fr.pc=0x000001dbb44aca50 relative=0x0000000000000050
Event: 0.525 Thread 0x000001dba1bcc530 Uncommon trap: reason=unstable_if action=reinterpret pc=0x000001dbb44aca50 method=java.lang.CharacterData.of(I)Ljava/lang/CharacterData; @ 4 c2
Event: 0.525 Thread 0x000001dba1bcc530 DEOPT PACKING pc=0x000001dbb44aca50 sp=0x000000d6d9dfb890
Event: 0.525 Thread 0x000001dba1bcc530 DEOPT UNPACKING pc=0x000001dbb3e51002 sp=0x000000d6d9dfb830 mode 2
Event: 0.527 Thread 0x000001dba1bcc530 Uncommon trap: trap_request=0xffffff45 fr.pc=0x000001dbb449ca1c relative=0x000000000000029c
Event: 0.527 Thread 0x000001dba1bcc530 Uncommon trap: reason=unstable_if action=reinterpret pc=0x000001dbb449ca1c method=java.lang.String.hashCode()I @ 20 c2
Event: 0.527 Thread 0x000001dba1bcc530 DEOPT PACKING pc=0x000001dbb449ca1c sp=0x000000d6d9dfc110
Event: 0.527 Thread 0x000001dba1bcc530 DEOPT UNPACKING pc=0x000001dbb3e51002 sp=0x000000d6d9dfc0a0 mode 2
Event: 0.527 Thread 0x000001dba1bcc530 Uncommon trap: trap_request=0xffffff45 fr.pc=0x000001dbb4488808 relative=0x0000000000000188
Event: 0.527 Thread 0x000001dba1bcc530 Uncommon trap: reason=unstable_if action=reinterpret pc=0x000001dbb4488808 method=jdk.internal.util.ArraysSupport.vectorizedHashCode(Ljava/lang/Object;IIII)I @ 2 c2
Event: 0.527 Thread 0x000001dba1bcc530 DEOPT PACKING pc=0x000001dbb4488808 sp=0x000000d6d9dfbf90
Event: 0.527 Thread 0x000001dba1bcc530 DEOPT UNPACKING pc=0x000001dbb3e51002 sp=0x000000d6d9dfbf40 mode 2
Event: 0.536 Thread 0x000001dba1bcc530 Uncommon trap: trap_request=0xffffff45 fr.pc=0x000001dbb44ff30c relative=0x000000000000008c
Event: 0.536 Thread 0x000001dba1bcc530 Uncommon trap: reason=unstable_if action=reinterpret pc=0x000001dbb44ff30c method=sun.net.www.ParseUtil.firstEncodeIndex(Ljava/lang/String;)I @ 51 c2
Event: 0.536 Thread 0x000001dba1bcc530 DEOPT PACKING pc=0x000001dbb44ff30c sp=0x000000d6d9dfb8b0
Event: 0.536 Thread 0x000001dba1bcc530 DEOPT UNPACKING pc=0x000001dbb3e51002 sp=0x000000d6d9dfb838 mode 2
Event: 0.547 Thread 0x000001dba1bcc530 Uncommon trap: trap_request=0xffffff45 fr.pc=0x000001dbb44fda7c relative=0x00000000000000fc
Event: 0.547 Thread 0x000001dba1bcc530 Uncommon trap: reason=unstable_if action=reinterpret pc=0x000001dbb44fda7c method=java.lang.ref.SoftReference.get()Ljava/lang/Object; @ 17 c2
Event: 0.547 Thread 0x000001dba1bcc530 DEOPT PACKING pc=0x000001dbb44fda7c sp=0x000000d6d9dfd0c0
Event: 0.547 Thread 0x000001dba1bcc530 DEOPT UNPACKING pc=0x000001dbb3e51002 sp=0x000000d6d9dfcff0 mode 2

Classes loaded (20 events):
Event: 0.574 Loading class java/util/concurrent/ForkJoinPool$1
Event: 0.574 Loading class java/util/concurrent/ForkJoinPool$1 done
Event: 0.574 Loading class java/util/concurrent/ForkJoinPool$DefaultForkJoinWorkerThreadFactory
Event: 0.574 Loading class java/util/concurrent/ForkJoinPool$DefaultForkJoinWorkerThreadFactory done
Event: 0.574 Loading class java/util/concurrent/ForkJoinWorkerThread$InnocuousForkJoinWorkerThread
Event: 0.574 Loading class java/util/concurrent/ForkJoinWorkerThread$InnocuousForkJoinWorkerThread done
Event: 0.574 Loading class java/util/concurrent/ForkJoinTask$AdaptedRunnableAction
Event: 0.574 Loading class java/util/concurrent/ForkJoinTask$AdaptedRunnableAction done
Event: 0.575 Loading class org/junit/platform/launcher/TestPlan
Event: 0.575 Loading class org/junit/platform/launcher/TestPlan done
Event: 0.575 Loading class org/junit/platform/launcher/TestPlan
Event: 0.575 Loading class org/junit/platform/launcher/TestPlan done
Event: 0.575 Loading class org/junit/platform/launcher/TestPlan
Event: 0.575 Loading class org/junit/platform/launcher/TestPlan done
Event: 0.575 Loading class org/junit/platform/launcher/TestPlan
Event: 0.575 Loading class org/junit/platform/launcher/TestPlan done
Event: 0.575 Loading class org/junit/platform/launcher/core/DefaultLauncherSession$ClosedLauncher
Event: 0.575 Loading class org/junit/platform/launcher/core/DefaultLauncherSession$ClosedLauncher done
Event: 0.576 Loading class java/util/IdentityHashMap$KeyIterator
Event: 0.576 Loading class java/util/IdentityHashMap$KeyIterator done

Classes unloaded (0 events):
No events

Classes redefined (1 events):
Event: 0.098 Thread 0x000001dbc3895bc0 redefined class name=java.lang.Throwable, count=1

Internal exceptions (20 events):
Event: 0.411 Thread 0x000001dbc4af9300 Exception <a 'java/lang/ClassNotFoundException'{0x00000007163b2800}: javax/management/remote/rmi/RMIConnectionImpl_Skel> (0x00000007163b2800) 
thrown [s\open\src\hotspot\share\classfile\systemDictionary.cpp, line 327]
Event: 0.411 Thread 0x000001dbc4aff890 Exception <a 'java/lang/NoSuchMethodError'{0x0000000715f03b98}: 'java.lang.Object java.lang.invoke.DirectMethodHandle$Holder.invokeSpecial(java.lang.Object, java.lang.Object, java.lang.Object, java.lang.Object, long)'> (0x0000000715f03b98) 
thrown [s\open\src\hotspot\share\interpreter\linkResolver.cpp, line 804]
Event: 0.412 Thread 0x000001dbc4aff890 Exception <a 'java/lang/NoSuchMethodError'{0x0000000715f13d08}: 'java.lang.Object java.lang.invoke.Invokers$Holder.linkToTargetMethod(java.lang.Object, long, java.lang.Object)'> (0x0000000715f13d08) 
thrown [s\open\src\hotspot\share\interpreter\linkResolver.cpp, line 804]
Event: 0.419 Thread 0x000001dbc4af9300 Exception <a 'java/lang/NoSuchMethodError'{0x0000000715ff63e0}: 'int java.lang.invoke.DelegatingMethodHandle$Holder.reinvoke_L(java.lang.Object, java.lang.Object, java.lang.Object, java.lang.Object, java.lang.Object)'> (0x0000000715ff63e0) 
thrown [s\open\src\hotspot\share\interpreter\linkResolver.cpp, line 804]
Event: 0.421 Thread 0x000001dba1bcc530 Exception <a 'java/lang/NoSuchMethodError'{0x0000000715eefc28}: 'void java.lang.invoke.DirectMethodHandle$Holder.invokeInterface(java.lang.Object, java.lang.Object, java.lang.Object, java.lang.Object)'> (0x0000000715eefc28) 
thrown [s\open\src\hotspot\share\interpreter\linkResolver.cpp, line 804]
Event: 0.421 Thread 0x000001dba1bcc530 Exception <a 'java/lang/IncompatibleClassChangeError'{0x0000000715ef7cf0}: Found class java.lang.Object, but interface was expected> (0x0000000715ef7cf0) 
thrown [s\open\src\hotspot\share\interpreter\linkResolver.cpp, line 871]
Event: 0.423 Thread 0x000001dbc4af9300 Exception <a 'java/lang/NoSuchMethodError'{0x0000000715c40468}: 'java.lang.Object java.lang.invoke.DirectMethodHandle$Holder.invokeStatic(java.lang.Object, java.lang.Object, java.lang.Object, java.lang.Object, java.lang.Object, java.lang.Object, java.lang.Object, java.lang.Object, java.lang.Object)'> (0x0000000715c40468) 
thrown [s\open\src\hotspot\share\interpreter\linkResolver.cpp, line 804]
Event: 0.424 Thread 0x000001dba1bcc530 Exception <a 'java/lang/NoSuchMethodError'{0x0000000715d24f60}: 'void java.lang.invoke.DirectMethodHandle$Holder.invokeStatic(java.lang.Object, java.lang.Object, java.lang.Object, java.lang.Object)'> (0x0000000715d24f60) 
thrown [s\open\src\hotspot\share\interpreter\linkResolver.cpp, line 804]
Event: 0.425 Thread 0x000001dbc4af9300 Exception <a 'java/lang/NoSuchMethodError'{0x0000000715c53998}: 'java.lang.Object java.lang.invoke.Invokers$Holder.invokeExact_MT(java.lang.Object, java.lang.Object, java.lang.Object, java.lang.Object, java.lang.Object, java.lang.Object)'> (0x0000000715c53998) 
thrown [s\open\src\hotspot\share\interpreter\linkResolver.cpp, line 804]
Event: 0.427 Thread 0x000001dbc4af9300 Exception <a 'java/lang/NoSuchMethodError'{0x0000000715c5f738}: 'java.lang.Object java.lang.invoke.DirectMethodHandle$Holder.invokeInterface(java.lang.Object, java.lang.Object, java.lang.Object, java.lang.Object, java.lang.Object)'> (0x0000000715c5f738) 
thrown [s\open\src\hotspot\share\interpreter\linkResolver.cpp, line 804]
Event: 0.428 Thread 0x000001dba1bcc530 Exception <a 'java/lang/NoSuchMethodError'{0x0000000715d63d78}: 'java.lang.Object java.lang.invoke.DirectMethodHandle$Holder.newInvokeSpecial(java.lang.Object, java.lang.Object, int)'> (0x0000000715d63d78) 
thrown [s\open\src\hotspot\share\interpreter\linkResolver.cpp, line 804]
Event: 0.430 Thread 0x000001dbc4af9300 Exception <a 'java/lang/NoSuchMethodError'{0x0000000715caeca8}: 'double java.lang.invoke.DirectMethodHandle$Holder.invokeInterface(java.lang.Object, java.lang.Object)'> (0x0000000715caeca8) 
thrown [s\open\src\hotspot\share\interpreter\linkResolver.cpp, line 804]
Event: 0.431 Thread 0x000001dbc4af9300 Exception <a 'java/lang/NoSuchMethodError'{0x0000000715cbf9d0}: 'double java.lang.invoke.DelegatingMethodHandle$Holder.reinvoke_L(java.lang.Object, java.lang.Object)'> (0x0000000715cbf9d0) 
thrown [s\open\src\hotspot\share\interpreter\linkResolver.cpp, line 804]
Event: 0.442 Thread 0x000001dba1bcc530 Exception <a 'java/lang/NoSuchMethodError'{0x0000000715a5ddf0}: 'int java.lang.invoke.DirectMethodHandle$Holder.invokeSpecialIFC(java.lang.Object, java.lang.Object, java.lang.Object, java.lang.Object, java.lang.Object)'> (0x0000000715a5ddf0) 
thrown [s\open\src\hotspot\share\interpreter\linkResolver.cpp, line 804]
Event: 0.442 Thread 0x000001dba1bcc530 Exception <a 'java/lang/NoSuchMethodError'{0x0000000715a6ef78}: 'int java.lang.invoke.DirectMethodHandle$Holder.invokeStatic(java.lang.Object, java.lang.Object, java.lang.Object, java.lang.Object, java.lang.Object)'> (0x0000000715a6ef78) 
thrown [s\open\src\hotspot\share\interpreter\linkResolver.cpp, line 804]
Event: 0.452 Thread 0x000001dba1bcc530 Exception <a 'java/lang/NoSuchMethodError'{0x0000000715b01a00}: 'void java.lang.invoke.DirectMethodHandle$Holder.invokeStaticInit(java.lang.Object)'> (0x0000000715b01a00) 
thrown [s\open\src\hotspot\share\interpreter\linkResolver.cpp, line 804]
Event: 0.467 Thread 0x000001dba1bcc530 Exception <a 'java/lang/NoSuchMethodError'{0x0000000715bfa8b8}: 'void java.lang.invoke.DirectMethodHandle$Holder.invokeStaticInit(java.lang.Object, java.lang.Object, java.lang.Object, java.lang.Object)'> (0x0000000715bfa8b8) 
thrown [s\open\src\hotspot\share\interpreter\linkResolver.cpp, line 804]
Event: 0.477 Thread 0x000001dba1bcc530 Exception <a 'java/lang/NoSuchMethodError'{0x00000007158cddd0}: 'int java.lang.invoke.DirectMethodHandle$Holder.invokeStaticInit(java.lang.Object, java.lang.Object)'> (0x00000007158cddd0) 
thrown [s\open\src\hotspot\share\interpreter\linkResolver.cpp, line 804]
Event: 0.509 Thread 0x000001dba1bcc530 Exception <a 'java/lang/IncompatibleClassChangeError'{0x0000000715767718}: Found class java.lang.Object, but interface was expected> (0x0000000715767718) 
thrown [s\open\src\hotspot\share\interpreter\linkResolver.cpp, line 871]
Event: 0.528 Thread 0x000001dba1bcc530 Exception <a 'java/lang/NoSuchMethodError'{0x000000071848a9a0}: 'void java.lang.invoke.DirectMethodHandle$Holder.invokeVirtual(java.lang.Object, java.lang.Object)'> (0x000000071848a9a0) 
thrown [s\open\src\hotspot\share\interpreter\linkResolver.cpp, line 804]

VM Operations (20 events):
Event: 0.280 Executing non-safepoint VM operation: HandshakeAllThreads (Deoptimize) done
Event: 0.285 Executing non-safepoint VM operation: HandshakeAllThreads (Deoptimize)
Event: 0.285 Executing non-safepoint VM operation: HandshakeAllThreads (Deoptimize) done
Event: 0.310 Executing non-safepoint VM operation: HandshakeAllThreads (Deoptimize)
Event: 0.310 Executing non-safepoint VM operation: HandshakeAllThreads (Deoptimize) done
Event: 0.311 Executing non-safepoint VM operation: HandshakeAllThreads (Deoptimize)
Event: 0.311 Executing non-safepoint VM operation: HandshakeAllThreads (Deoptimize) done
Event: 0.316 Executing non-safepoint VM operation: HandshakeAllThreads (Deoptimize)
Event: 0.316 Executing non-safepoint VM operation: HandshakeAllThreads (Deoptimize) done
Event: 0.325 Executing non-safepoint VM operation: HandshakeAllThreads (Deoptimize)
Event: 0.325 Executing non-safepoint VM operation: HandshakeAllThreads (Deoptimize) done
Event: 0.410 Executing non-safepoint VM operation: HandshakeAllThreads (Deoptimize)
Event: 0.411 Executing non-safepoint VM operation: HandshakeAllThreads (Deoptimize) done
Event: 0.512 Executing non-safepoint VM operation: HandshakeAllThreads (Deoptimize)
Event: 0.512 Executing non-safepoint VM operation: HandshakeAllThreads (Deoptimize) done
Event: 0.516 Executing safepoint VM operation: G1CollectForAllocation (G1 Evacuation Pause)
Event: 0.521 Executing safepoint VM operation: G1CollectForAllocation (G1 Evacuation Pause) done
Event: 0.526 Executing non-safepoint VM operation: HandshakeAllThreads (Deoptimize)
Event: 0.526 Executing non-safepoint VM operation: HandshakeAllThreads (Deoptimize) done
Event: 0.576 Executing safepoint VM operation: Exit

Memory protections (0 events):
No events

Nmethod flushes (0 events):
No events

Events (20 events):
Event: 0.029 Thread 0x000001dba1bcc530 Thread added: 0x000001dbc38de600
Event: 0.053 Thread 0x000001dbc38de600 Thread added: 0x000001dbc38e2680
Event: 0.063 Thread 0x000001dbc38de600 Thread added: 0x000001dbc38e1e70
Event: 0.063 Thread 0x000001dbc38e2680 Thread added: 0x000001dbc38e1660
Event: 0.066 Thread 0x000001dbc38e2680 Thread added: 0x000001dbc38e0e50
Event: 0.079 Thread 0x000001dba1bcc530 Thread added: 0x000001dbc4242fd0
Event: 0.095 Thread 0x000001dbc38e1e70 Thread added: 0x000001dbc38e36a0
Event: 0.100 Thread 0x000001dba1bcc530 Thread added: 0x000001dbc4798d90
Event: 0.110 Thread 0x000001dba1bcc530 Thread added: 0x000001dbc4630bd0
Event: 0.128 Thread 0x000001dba1bcc530 Thread added: 0x000001dbc4a16190
Event: 0.128 Thread 0x000001dba1bcc530 Thread added: 0x000001dbc4a0b480
Event: 0.249 Thread 0x000001dbc38de600 Thread added: 0x000001dbc97a0130
Event: 0.249 Thread 0x000001dbc38e2680 Thread added: 0x000001dbc97a2980
Event: 0.331 Thread 0x000001dbc38ae3d0 Thread added: 0x000001dbc4afc1e0
Event: 0.386 Thread 0x000001dbc4afc1e0 Thread added: 0x000001dbc4af9300
Event: 0.403 Thread 0x000001dbc4af9300 Thread added: 0x000001dbc4afe8f0
Event: 0.408 Thread 0x000001dbc4af9300 Thread added: 0x000001dbc4aff890
Event: 0.576 Thread 0x000001dba1bcc530 Thread added: 0x000001dbc9d47f30
Event: 0.576 Thread 0x000001dbc9d47f30 Thread exited: 0x000001dbc9d47f30
Event: 0.576 Thread 0x000001dba1bcc530 Before exit entered


Dynamic libraries:
0x00007ff615900000 - 0x00007ff615910000 	C:\Program Files\Java\jdk-25\bin\java.exe
0x00007ffa2dbc0000 - 0x00007ffa2de27000 	C:\Windows\SYSTEM32\ntdll.dll
0x00007ffa2cdd0000 - 0x00007ffa2ce99000 	C:\Windows\System32\KERNEL32.DLL
0x00007ffa2b110000 - 0x00007ffa2b507000 	C:\Windows\System32\KERNELBASE.dll
0x00007ffa2b7f0000 - 0x00007ffa2b93b000 	C:\Windows\System32\ucrtbase.dll
0x00007ffa16c60000 - 0x00007ffa16c7e000 	C:\Program Files\Java\jdk-25\bin\VCRUNTIME140.dll
0x00007ffa16c40000 - 0x00007ffa16c57000 	C:\Program Files\Java\jdk-25\bin\jli.dll
0x00007ffa2c2d0000 - 0x00007ffa2c496000 	C:\Windows\System32\USER32.dll
0x00007ffa087f0000 - 0x00007ffa08a82000 	C:\Windows\WinSxS\amd64_microsoft.windows.common-controls_6595b64144ccf1df_6.0.26100.8457_none_3e0b2faee331e92d\COMCTL32.dll
0x00007ffa2b510000 - 0x00007ffa2b537000 	C:\Windows\System32\win32u.dll
0x00007ffa2bc10000 - 0x00007ffa2bcb9000 	C:\Windows\System32\msvcrt.dll
0x00007ffa2b9d0000 - 0x00007ffa2b9fb000 	C:\Windows\System32\GDI32.dll
0x00007ffa2b6c0000 - 0x00007ffa2b7ec000 	C:\Windows\System32\gdi32full.dll
0x00007ffa2afd0000 - 0x00007ffa2b073000 	C:\Windows\System32\msvcp_win.dll
0x00007ffa2cf30000 - 0x00007ffa2cf62000 	C:\Windows\System32\IMM32.DLL
0x00007ffa19430000 - 0x00007ffa1943c000 	C:\Program Files\Java\jdk-25\bin\vcruntime140_1.dll
0x00007ff9f4ee0000 - 0x00007ff9f4f6d000 	C:\Program Files\Java\jdk-25\bin\msvcp140.dll
0x00007ff94c940000 - 0x00007ff94d79f000 	C:\Program Files\Java\jdk-25\bin\server\jvm.dll
0x00007ffa2c590000 - 0x00007ffa2c646000 	C:\Windows\System32\ADVAPI32.dll
0x00007ffa2d430000 - 0x00007ffa2d4d7000 	C:\Windows\System32\sechost.dll
0x00007ffa2be10000 - 0x00007ffa2bf28000 	C:\Windows\System32\RPCRT4.dll
0x00007ffa2cea0000 - 0x00007ffa2cf20000 	C:\Windows\System32\WS2_32.dll
0x00007ffa2a470000 - 0x00007ffa2a4ce000 	C:\Windows\SYSTEM32\POWRPROF.dll
0x00007ffa18a90000 - 0x00007ffa18a9b000 	C:\Windows\SYSTEM32\VERSION.dll
0x00007ffa17580000 - 0x00007ffa175b6000 	C:\Windows\SYSTEM32\WINMM.dll
0x00007ffa2a450000 - 0x00007ffa2a464000 	C:\Windows\SYSTEM32\UMPDC.dll
0x00007ffa29380000 - 0x00007ffa2939b000 	C:\Windows\SYSTEM32\kernel.appcore.dll
0x00007ffa16d30000 - 0x00007ffa16d3a000 	C:\Program Files\Java\jdk-25\bin\jimage.dll
0x00007ffa163f0000 - 0x00007ffa16632000 	C:\Windows\SYSTEM32\DBGHELP.DLL
0x00007ffa2d770000 - 0x00007ffa2daf3000 	C:\Windows\System32\combase.dll
0x00007ffa2c4a0000 - 0x00007ffa2c579000 	C:\Windows\System32\OLEAUT32.dll
0x00007ff9f90f0000 - 0x00007ff9f912b000 	C:\Windows\SYSTEM32\dbgcore.DLL
0x00007ffa2af20000 - 0x00007ffa2afc8000 	C:\Windows\System32\bcryptPrimitives.dll
0x00007ffa05f70000 - 0x00007ffa05f80000 	C:\Program Files\Java\jdk-25\bin\instrument.dll
0x00007ffa16c20000 - 0x00007ffa16c3f000 	C:\Program Files\Java\jdk-25\bin\java.dll
0x00007ffa2ba00000 - 0x00007ffa2bb97000 	C:\Windows\System32\ole32.dll
0x00007ffa2c650000 - 0x00007ffa2cdbe000 	C:\Windows\System32\SHELL32.dll
0x00007ff9f8e30000 - 0x00007ff9f8e47000 	C:\Program Files\Java\jdk-25\bin\zip.dll
0x00007ffa2a5f0000 - 0x00007ffa2ae5c000 	C:\Windows\System32\windows.storage.dll
0x00007ffa2d650000 - 0x00007ffa2d746000 	C:\Windows\System32\SHCORE.dll
0x00007ffa2bba0000 - 0x00007ffa2bc06000 	C:\Windows\System32\shlwapi.dll
0x00007ffa2a510000 - 0x00007ffa2a539000 	C:\Windows\SYSTEM32\profapi.dll
0x00007ff9fd960000 - 0x00007ff9fd972000 	C:\Program Files\Java\jdk-25\bin\net.dll
0x00007ffa298f0000 - 0x00007ffa2995c000 	C:\Windows\system32\mswsock.dll
0x00007ff9fc9d0000 - 0x00007ff9fc9e6000 	C:\Program Files\Java\jdk-25\bin\nio.dll
0x00007ffa03f20000 - 0x00007ffa03f30000 	C:\Program Files\Java\jdk-25\bin\verify.dll
0x00007ffa28e40000 - 0x00007ffa28f72000 	C:\Windows\SYSTEM32\DNSAPI.dll
0x00007ffa28e00000 - 0x00007ffa28e32000 	C:\Windows\SYSTEM32\IPHLPAPI.DLL
0x00007ffa2c580000 - 0x00007ffa2c58a000 	C:\Windows\System32\NSI.dll
0x00007ffa23870000 - 0x00007ffa2387b000 	C:\Windows\System32\rasadhlp.dll
0x00007ffa257c0000 - 0x00007ffa25846000 	C:\Windows\System32\fwpuclnt.dll
0x00007ff9fd950000 - 0x00007ff9fd959000 	C:\Program Files\Java\jdk-25\bin\extnet.dll
0x00007ff9fd3f0000 - 0x00007ff9fd3fa000 	C:\Program Files\Java\jdk-25\bin\management.dll
0x00007ff9fab70000 - 0x00007ff9fab7c000 	C:\Program Files\Java\jdk-25\bin\management_ext.dll
0x00007ffa2db70000 - 0x00007ffa2db78000 	C:\Windows\System32\PSAPI.DLL
0x00007ffa29bd0000 - 0x00007ffa29beb000 	C:\Windows\SYSTEM32\CRYPTSP.dll
0x00007ffa292e0000 - 0x00007ffa29319000 	C:\Windows\system32\rsaenh.dll
0x00007ffa299a0000 - 0x00007ffa299d3000 	C:\Windows\SYSTEM32\USERENV.dll
0x00007ffa2a4e0000 - 0x00007ffa2a50a000 	C:\Windows\SYSTEM32\bcrypt.dll
0x00007ffa29bf0000 - 0x00007ffa29bfc000 	C:\Windows\SYSTEM32\CRYPTBASE.dll
0x00007ff9e8c50000 - 0x00007ff9e8c68000 	C:\Windows\system32\napinsp.dll
0x00007ff9e85d0000 - 0x00007ff9e85e3000 	C:\Windows\System32\winrnr.dll
0x00007ff9e85a0000 - 0x00007ff9e85c2000 	C:\Windows\system32\nlansp_c.dll
0x00007ff9f8180000 - 0x00007ff9f8196000 	C:\Windows\system32\wshbth.dll
0x00007ffa098a0000 - 0x00007ffa098f6000 	C:\Windows\SYSTEM32\pdh.dll
0x00007ff9fd6f0000 - 0x00007ff9fd702000 	C:\Windows\System32\perfproc.dll
0x00007ffa16d80000 - 0x00007ffa16d91000 	C:\Windows\System32\perfos.dll
0x00007ffa28a40000 - 0x00007ffa28a52000 	C:\Windows\SYSTEM32\pfclient.dll

JVMTI agents:
C:\Users\rober\AppData\Local\JetBrains\IntelliJIdea2026.1\captureAgent\debugger-agent.jar path:C:\Program Files\Java\jdk-25\bin\instrument.dll, loaded, initialized, instrumentlib options:file:///C:/Users/rober/AppData/Local/Temp/capture15223411199036775930.props
C:\Program Files\JetBrains\IntelliJ IDEA 2025.2.3\lib\idea_rt.jar path:C:\Program Files\Java\jdk-25\bin\instrument.dll, loaded, initialized, instrumentlib options:64350

dbghelp: loaded successfully - version: 4.0.5 - missing functions: none
symbol engine: initialized successfully - sym options: 0x614 - pdb path: .;C:\Program Files\Java\jdk-25\bin;C:\Windows\SYSTEM32;C:\Windows\WinSxS\amd64_microsoft.windows.common-controls_6595b64144ccf1df_6.0.26100.8457_none_3e0b2faee331e92d;C:\Program Files\Java\jdk-25\bin\server

VM Arguments:
jvm_args: -javaagent:C:\Users\rober\AppData\Local\JetBrains\IntelliJIdea2026.1\captureAgent\debugger-agent.jar=file:///C:/Users/rober/AppData/Local/Temp/capture15223411199036775930.props -ea -Didea.test.cyclic.buffer.size=1048576 -javaagent:C:\Program Files\JetBrains\IntelliJ IDEA 2025.2.3\lib\idea_rt.jar=64350 -Dkotlinx.coroutines.debug.enable.creation.stack.trace=false -Ddebugger.agent.enable.coroutines=true -Dkotlinx.coroutines.debug.enable.flows.stack.trace=true -Dkotlinx.coroutines.debug.enable.mutable.state.flows.stack.trace=true -Ddebugger.async.stack.trace.for.all.threads=true -Dfile.encoding=UTF-8 -Dsun.stdout.encoding=UTF-8 -Dsun.stderr.encoding=UTF-8 
java_command: com.intellij.rt.junit.JUnitStarter -ideVersion5 -junit5 com.treble.feasimulation.solver.BeamSolverAdditionalTest
java_class_path (initial): C:\Users\rober\.m2\repository\org\junit\platform\junit-platform-launcher\1.12.1\junit-platform-launcher-1.12.1.jar;C:\Program Files\JetBrains\IntelliJ IDEA 2025.2.3\lib\idea_rt.jar;C:\Program Files\JetBrains\IntelliJ IDEA 2025.2.3\plugins\junit\lib\junit5-rt.jar;C:\Program Files\JetBrains\IntelliJ IDEA 2025.2.3\plugins\junit\lib\junit-rt.jar;C:\Users\rober\IdeaProjects\FEA-Simulation\target\test-classes;C:\Users\rober\IdeaProjects\FEA-Simulation\target\classes;C:\Users\rober\.m2\repository\org\openjfx\javafx-controls\21.0.6\javafx-controls-21.0.6.jar;C:\Users\rober\.m2\repository\org\openjfx\javafx-controls\21.0.6\javafx-controls-21.0.6-win.jar;C:\Users\rober\.m2\repository\org\openjfx\javafx-graphics\21.0.6\javafx-graphics-21.0.6.jar;C:\Users\rober\.m2\repository\org\openjfx\javafx-graphics\21.0.6\javafx-graphics-21.0.6-win.jar;C:\Users\rober\.m2\repository\org\openjfx\javafx-base\21.0.6\javafx-base-21.0.6.jar;C:\Users\rober\.m2\repository\org\openjfx\javafx-base\21.0.6\javafx-base-21.0.6-win.jar;C:\Users\rober\.m2\repository\org\openjfx\javafx-fxml\21.0.6\javafx-fxml-21.0.6.jar;C:\Users\rober\.m2\repository\org\openjfx\javafx-fxml\21.0.6\javafx-fxml-21.0.6-win.jar;C:\Users\rober\.m2\repository\org\openjfx\javafx-web\21.0.6\javafx-web-21.0.6.jar;C:\Users\rober\.m2\repository\org\openjfx\javafx-web\21.0.6\javafx-web-21.0.6-win.jar;C:\Users\rober\.m2\repository\org\openjfx\javafx-swing\21.0.6\javafx-swing-21.0.6.jar;C:\Users\rober\.m2\repository\org\openjfx\javafx-swing\21.0.6\javafx-swing-21.0.6-win.jar;C:\Users\rober\.m2\repository\org\openjfx\javafx-media\21.0.6\javafx-media-21.0.6.jar;C:\Users\rober\.m2\repository\org\openjfx\javafx-media\21.0.6\javafx-media-21.0.6-win.jar;C:\Users\rober\.m2\repository\org\controlsfx\controlsfx\11.2.1\controlsfx-11.2.1.jar;C:\Users\rober\.m2\repository\com\dlsc\formsfx\formsfx-core\11.6.0\formsfx-core-11.6.0.jar;C:\Users\rober\.m2\repository\net\synedra\validatorfx\0.6.1\validatorfx-0.6.1.jar;C:\Users\rober\.m2\repository\org\kordamp\ikonli\ikonli-javafx\12.3.1\ikonli-javafx-12.3.1.jar;C:\Users\rober\.m2\repository\org\kordamp\ikonli\ikonli-core\12.3.1\ikonli-core-12.3.1.jar;C:\Users\rober\.m2\repository\org\kordamp\bootstrapfx\bootstrapfx-core\0.4.0\bootstrapfx-core-0.4.0.jar;C:\Users\rober\.m2\repository\eu\hansolo\tilesfx\21.0.9\tilesfx-21.0.9.jar;C:\Users\rober\.m2\repository\eu\hansolo\fx\countries\21.0.17\countries-21.0.17.jar;C:\Users\rober\.m2\repository\eu\hansolo\fx\heatmap\21.0.5\heatmap-21.0.5.jar;C:\Users\rober\.m2\repository\eu\hansolo\toolboxfx\21.0.5\toolboxfx-21.0.5.jar;C:\Users\rober\.m2\repository\eu\hansolo\toolbox\21.0.9\toolbox-21.0.9.jar;C:\Users\rober\.m2\repository\com\github\almasb\fxgl\11.17\fxgl-11.17.jar;C:\Users\rober\.m2\repository\com\github\almasb\fxgl-core\11.17\fxgl-core-11.17.jar;C:\Users\rober\.m2\repository\com\gluonhq\attach\audio\4.0.9\audio-4.0.9.jar;C:\Users\rober\.m2\repository\com\github\almasb\fxgl-io\11.17\fxgl-io-11.17.jar;C:\Users\rober\.m2\repository\com\gluonhq\attach\storage\4.0.9\storage-4.0.9.jar;C:\Users\rober\.m2\repository\com\gluonhq\attach\util\4.0.9\util-4.0.9.jar;C:\Users\rober\.m2\repository\com\github\almasb\fxgl-entity\11.17\fxgl-entity-11.17.jar;C:\Users\rober\.m2\repository\com\github\almasb\fxgl-scene\11.17\fxgl-scene-11.17.jar;C:\Users\rober\.m2\repository\com\github\almasb\fxgl-gameplay\11.17\fxgl-gameplay-11.17.jar;C:\Users\rober\.m2\repository\com\fasterxml\jackson\core\jackson-annotations\2.12.1\jackson-annotations-2.12.1.jar;C:\Users\rober\.m2\repository\com\fasterxml\jackson\core\jackson-databind\2.12.1\jackson-databind-2.12.1.jar;C:\Users\rober\.m2\repository\com\fasterxml\jackson\core\jackson-core\2.12.1\jackson-core-2.12.1.jar;C:\Users\rober\.m2\repository\com\gluonhq\attach\lifecycle\4.0.9\lifecycle-4.0.9.jar;C:\Users\rober\.m2\repository\org\jetbrains\kotlin\kotlin-stdlib\1.5.10\kotlin-stdlib-1.5.10-modular.jar;C:\Users\rober\.m2\repository\org\jetbrains\annotations\13.0\annotations-13.0.jar;C:\Users\rober\.m2\repository\org\jetbrains\kotlin\kotlin-stdlib-common\1.5.10\kotlin-stdlib-common-1.5.10.jar;C:\Users\rober\.m2\repository\org\junit\jupiter\junit-jupiter-api\5.12.1\junit-jupiter-api-5.12.1.jar;C:\Users\rober\.m2\repository\org\opentest4j\opentest4j\1.3.0\opentest4j-1.3.0.jar;C:\Users\rober\.m2\repository\org\junit\platform\junit-platform-commons\1.12.1\junit-platform-commons-1.12.1.jar;C:\Users\rober\.m2\repository\org\apiguardian\apiguardian-api\1.1.2\apiguardian-api-1.1.2.jar;C:\Users\rober\.m2\repository\org\junit\jupiter\junit-jupiter-engine\5.12.1\junit-jupiter-engine-5.12.1.jar;C:\Users\rober\.m2\repository\org\junit\platform\junit-platform-engine\1.12.1\junit-platform-engine-1.12.1.jar;C:\Users\rober\.m2\repository\org\ejml\ejml-core\0.41\ejml-core-0.41.jar;C:\Users\rober\.m2\repository\org\ejml\ejml-ddense\0.41\ejml-ddense-0.41.jar;C:\Users\rober\.m2\repository\org\ejml\ejml-simple\0.41\ejml-simple-0.41.jar;C:\Users\rober\.m2\repository\org\ejml\ejml-fdense\0.41\ejml-fdense-0.41.jar;C:\Users\rober\.m2\repository\org\ejml\ejml-cdense\0.41\ejml-cdense-0.41.jar;C:\Users\rober\.m2\repository\org\ejml\ejml-zdense\0.41\ejml-zdense-0.41.jar;C:\Users\rober\.m2\repository\org\ejml\ejml-dsparse\0.41\ejml-dsparse-0.41.jar;C:\Users\rober\.m2\repository\org\ejml\ejml-fsparse\0.41\ejml-fsparse-0.41.jar
Launcher Type: SUN_STANDARD

[Global flags]
     intx CICompilerCount                          = 12                                        {product} {ergonomic}
     uint ConcGCThreads                            = 3                                         {product} {ergonomic}
     uint G1ConcRefinementThreads                  = 13                                        {product} {ergonomic}
   size_t G1HeapRegionSize                         = 2097152                                   {product} {ergonomic}
   size_t InitialHeapSize                          = 260046848                                 {product} {ergonomic}
   size_t MarkStackSize                            = 4194304                                   {product} {ergonomic}
   size_t MarkStackSizeMax                         = 536870912                                 {product} {ergonomic}
   size_t MaxHeapSize                              = 4146069504                                {product} {ergonomic}
   size_t MaxNewSize                               = 2487222272                                {product} {ergonomic}
   size_t MinHeapDeltaBytes                        = 2097152                                   {product} {ergonomic}
   size_t MinHeapSize                              = 8388608                                   {product} {ergonomic}
    uintx NonNMethodCodeHeapSize                   = 7602176                                {pd product} {ergonomic}
    uintx NonProfiledCodeHeapSize                  = 122093568                              {pd product} {ergonomic}
    uintx ProfiledCodeHeapSize                     = 121962496                              {pd product} {ergonomic}
    uintx ReservedCodeCacheSize                    = 251658240                              {pd product} {ergonomic}
     bool SegmentedCodeCache                       = true                                      {product} {ergonomic}
   size_t SoftMaxHeapSize                          = 4146069504                             {manageable} {ergonomic}
     bool UseCompressedOops                        = true                           {product lp64_product} {ergonomic}
     bool UseG1GC                                  = true                                      {product} {ergonomic}
     bool UseLargePagesIndividualAllocation        = false                                  {pd product} {ergonomic}

Logging:
Log output configuration:
 #0: stdout all=off uptime,level,tags foldmultilines=false
 #1: stderr all=off uptime,level,tags foldmultilines=false

Release file:
IMPLEMENTOR="Oracle Corporation" 
JAVA_RUNTIME_VERSION="25+37-LTS-3491" 
JAVA_VERSION="25" 
JAVA_VERSION_DATE="2025-09-16" 
LIBC="default" 
MODULES="java.base java.compiler java.datatransfer java.xml java.prefs java.desktop java.instrument java.logging java.management java.security.sasl java.naming java.rmi java.management.rmi java.net.http java.scripting java.security.jgss java.transaction.xa java.sql java.sql.rowset java.xml.crypto java.se java.smartcardio jdk.accessibility jdk.internal.jvmstat jdk.attach jdk.charsets jdk.internal.opt jdk.zipfs jdk.compiler jdk.crypto.cryptoki jdk.crypto.ec jdk.crypto.mscapi jdk.dynalink jdk.internal.ed jdk.editpad jdk.internal.vm.ci jdk.graal.compiler jdk.graal.compiler.management jdk.hotspot.agent jdk.httpserver jdk.incubator.vector jdk.internal.le jdk.internal.md jdk.jartool jdk.javadoc jdk.jcmd jdk.management jdk.management.agent jdk.jconsole jdk.jdeps jdk.jdwp.agent jdk.jdi jdk.jfr jdk.jlink jdk.jpackage jdk.jshell jdk.jsobject jdk.jstatd jdk.localedata jdk.management.jfr jdk.naming.dns jdk.naming.rmi jdk.net jdk.nio.mapmode jdk.sctp jdk.security.auth jdk.security.jgss jdk.unsupported jdk.unsupported.desktop jdk.xml.dom" 
OS_ARCH="x86_64" 
OS_NAME="Windows" 
SOURCE=".:git:49d6a23b8806 open:git:6c48f4ed707b" 

Environment Variables:
PATH=C:\Program Files\Common Files\Oracle\Java\javapath;C:\Windows\system32;C:\Windows;C:\Windows\System32\Wbem;C:\Windows\System32\WindowsPowerShell\v1.0\;C:\Windows\System32\OpenSSH\;C:\Program Files\Git\cmd;C:\Program Files\dotnet\;C:\Program Files\nodejs\;C:\Program Files\GitHub CLI\;"C:\Users\rober\AppData\Local\Microsoft\WindowsApps;C:\Users\rober\Python\";C:\Users\rober\AppData\Local\Programs\Microsoft VS Code\bin;C:\Program Files\JetBrains\IntelliJ IDEA 2025.2.3\bin;C:\Users\rober\.dotnet\tools;C:\Users\rober\AppData\Roaming\npm;C:\Users\rober\AppData\Local\Python\bin;C:\Users\rober\AppData\Local\Python\pythoncore-3.14-64\Scripts;C:\Program Files\JetBrains\PyCharm 2026.1.2\bin;C:\Users\rober\AppData\Local\JetBrains\Toolbox\scripts;C:\Users\rober\AppData\Local\Programs\cursor\resources\app\bin
USERNAME=rober
OS=Windows_NT
PROCESSOR_IDENTIFIER=Intel64 Family 6 Model 197 Stepping 2, GenuineIntel
TMP=C:\Users\rober\AppData\Local\Temp
TEMP=C:\Users\rober\AppData\Local\Temp




Compilation memory statistics disabled.

Periodic native trim disabled

---------------  S Y S T E M  ---------------

OS:
 Windows 11 , 64 bit Build 26100 (10.0.26100.8328)
OS uptime: 0 days 7:04 hours
Hyper-V role detected

CPU: total 16 (initial active 16) (16 cores per cpu, 1 threads per core) family 6 model 197 stepping 2 microcode 0x116, cx8, cmov, fxsr, mmx, 3dnowpref, sse, sse2, sse3, ssse3, sse4.1, sse4.2, popcnt, lzcnt, tsc, tscinvbit, avx, avx2, aes, erms, clmul, bmi1, bmi2, adx, sha, fma, vzeroupper, clflush, clflushopt, clwb, hv, serialize, rdtscp, rdpid, fsrm, gfni, f16c, cet_ibt, cet_ss, avx_ifma
Processor Information for processor 0
  Max Mhz: 2000, Current Mhz: 2000, Mhz Limit: 2000
Processor Information for processor 1
  Max Mhz: 2000, Current Mhz: 2000, Mhz Limit: 2000
Processor Information for processor 2
  Max Mhz: 1500, Current Mhz: 1500, Mhz Limit: 1500
Processor Information for processor 3
  Max Mhz: 1500, Current Mhz: 1500, Mhz Limit: 1500
Processor Information for processor 4
  Max Mhz: 1500, Current Mhz: 1500, Mhz Limit: 1500
Processor Information for processor 5
  Max Mhz: 1500, Current Mhz: 1500, Mhz Limit: 1500
Processor Information for processor 6
  Max Mhz: 1500, Current Mhz: 1500, Mhz Limit: 1500
Processor Information for processor 7
  Max Mhz: 1500, Current Mhz: 1500, Mhz Limit: 1500
Processor Information for processor 8
  Max Mhz: 1500, Current Mhz: 1500, Mhz Limit: 1500
Processor Information for processor 9
  Max Mhz: 1500, Current Mhz: 1500, Mhz Limit: 1500
Processor Information for processor 10
  Max Mhz: 2000, Current Mhz: 2000, Mhz Limit: 2000
Processor Information for processor 11
  Max Mhz: 2000, Current Mhz: 1500, Mhz Limit: 2000
Processor Information for processor 12
  Max Mhz: 2000, Current Mhz: 2000, Mhz Limit: 2000
Processor Information for processor 13
  Max Mhz: 2000, Current Mhz: 2000, Mhz Limit: 2000
Processor Information for processor 14
  Max Mhz: 700, Current Mhz: 700, Mhz Limit: 700
Processor Information for processor 15
  Max Mhz: 700, Current Mhz: 700, Mhz Limit: 700

Memory: 4k page, system-wide physical 15814M (1963M free)
TotalPageFile size 52678M (AvailPageFile size 21392M)
current process WorkingSet (physical memory assigned to process): 144M, peak: 145M
current process commit charge ("private bytes"): 394M, peak: 397M

vm_info: Java HotSpot(TM) 64-Bit Server VM (25+37-LTS-3491) for windows-amd64 JRE (25+37-LTS-3491), built on 2025-08-14T21:13:00Z with unknown MS VC++:1943

END.
