#
# A fatal error has been detected by the Java Runtime Environment:
#
#  EXCEPTION_ACCESS_VIOLATION (0xc0000005) at pc=0x00007ffa2dbee138, pid=33712, tid=31456
#
# JRE version: Java(TM) SE Runtime Environment (25.0+37) (build 25+37-LTS-3491)
# Java VM: Java HotSpot(TM) 64-Bit Server VM (25+37-LTS-3491, mixed mode, sharing, tiered, compressed oops, compressed class ptrs, g1 gc, windows-amd64)
# Problematic frame:
# C  [ntdll.dll+0x2e138]
#
# No core dump will be written. Minidumps are not enabled by default on client versions of Windows
#
# If you would like to submit a bug report, please visit:
#   https://bugreport.java.com/bugreport/crash.jsp
#

---------------  S U M M A R Y ------------

Command Line: -javaagent:C:\Users\rober\AppData\Local\JetBrains\IntelliJIdea2026.1\captureAgent\debugger-agent.jar=file:///C:/Users/rober/AppData/Local/Temp/capture10918851219660635515.props -ea -Didea.test.cyclic.buffer.size=1048576 -javaagent:C:\Program Files\JetBrains\IntelliJ IDEA 2025.2.3\lib\idea_rt.jar=49247 -Dkotlinx.coroutines.debug.enable.creation.stack.trace=false -Ddebugger.agent.enable.coroutines=true -Dkotlinx.coroutines.debug.enable.flows.stack.trace=true -Dkotlinx.coroutines.debug.enable.mutable.state.flows.stack.trace=true -Ddebugger.async.stack.trace.for.all.threads=true -Dfile.encoding=UTF-8 -Dsun.stdout.encoding=UTF-8 -Dsun.stderr.encoding=UTF-8 com.intellij.rt.junit.JUnitStarter -ideVersion5 -junit5 com.treble.feasimulation.model.TriangularElementTest

Host: Intel(R) Core(TM) Ultra 7 255H, 16 cores, 15G,  Windows 11 , 64 bit Build 26100 (10.0.26100.8328)
Time: Sun Jun  7 21:36:30 2026 GMT Summer Time elapsed time: 1.120328 seconds (0d 0h 0m 1s)

---------------  T H R E A D  ---------------

Current thread (0x0000016ae749a390):  VMThread "VM Thread"          [id=31456, stack(0x0000000c3bf00000,0x0000000c3c000000) (1024K)]

Stack: [0x0000000c3bf00000,0x0000000c3c000000],  sp=0x0000000c3bffe690,  free space=1017k
Native frames: (J=compiled Java code, j=interpreted, Vv=VM code, C=native code)
C  [ntdll.dll+0x2e138]  (no source info available)
C  [ntdll.dll+0x27010]  (no source info available)
C  [ucrtbase.dll+0x1e0fb]  (no source info available)
C  [ucrtbase.dll+0x15d15]  (no source info available)
C  [pdh.dll+0x16c79]  (no source info available)
C  [pdh.dll+0x16913]  (no source info available)
C  [pdh.dll+0xb412]  (no source info available)
C  [pdh.dll+0x18906]  (no source info available)
C  [pdh.dll+0x2071d]  (no source info available)
C  [pdh.dll+0x21876]  (no source info available)
C  [ntdll.dll+0x15f98a]  (no source info available)
C  [ntdll.dll+0x12d23]  (no source info available)
C  [ntdll.dll+0x2cef]  (no source info available)
C  [ntdll.dll+0x43be]  (no source info available)
C  [KERNEL32.DLL+0x417fb]  (no source info available)
C  [ucrtbase.dll+0xa00b3]  (no source info available)
V  [jvm.dll+0x79ea1a]  (no source info available)
V  [jvm.dll+0x79eee1]  (no source info available)
V  [jvm.dll+0x79ea00]  (no source info available)
V  [jvm.dll+0x47a124]  (no source info available)
V  [jvm.dll+0x96ee71]  (no source info available)
V  [jvm.dll+0x97018d]  (no source info available)
V  [jvm.dll+0x970709]  (no source info available)
V  [jvm.dll+0x9709b3]  (no source info available)
V  [jvm.dll+0x90681d]  (no source info available)
V  [jvm.dll+0x7a5015]  (no source info available)
C  [ucrtbase.dll+0x37b0]  (no source info available)
C  [KERNEL32.DLL+0x2e957]  (no source info available)
C  [ntdll.dll+0x427c]  (no source info available)


siginfo: EXCEPTION_ACCESS_VIOLATION (0xc0000005), reading address 0x0000016a00001178


Registers:
RAX=0x0000016aede3df70, RBX=0x0000016ac5710000, RCX=0x000000000000c7c7, RDX=0x00000000000000c7
RSP=0x0000000c3bffe690, RBP=0x0000016aed9bf778, RSI=0x0000016aedf03f70, RDI=0x0000016aede3df60
R8 =0x0000016aede3df70, R9 =0x0000016ac54e02c0, R10=0x0000000c3b392000, R11=0x0000016aedc18e70
R12=0x000000007ffe0300, R13=0x0000000000000001, R14=0x0000016a00001170, R15=0x0000016aedf83f90
RIP=0x00007ffa2dbee138, EFLAGS=0x0000000000010246

XMM[0]=0x0000000000000000 0x0000000000000000
XMM[1]=0x0000000000000000 0x0000000000000000
XMM[2]=0x0000000000000000 0x0000000000000000
XMM[3]=0x0000000000000000 0x0000000000000000
XMM[4]=0x0000000000000000 0x0000000000000000
XMM[5]=0x0000000000000000 0x0000000000000000
XMM[6]=0x0000000000000000 0x0000000000000000
XMM[7]=0x0000000000000000 0x0000000000000000
XMM[8]=0x0000000000000000 0x404e000000000000
XMM[9]=0x0000000000000000 0x0000000000000000
XMM[10]=0x0000000000000000 0x0000000000000000
XMM[11]=0x0000000000000000 0x0000000000000000
XMM[12]=0x0000000000000000 0x0000000000000000
XMM[13]=0x0000000000000000 0x0000000000000000
XMM[14]=0x0000000000000000 0x0000000000000000
XMM[15]=0x0000000000000000 0x0000000000000000
  MXCSR=0x00001fa0


Register to memory mapping:

RAX=0x0000016aede3df70 points into unknown readable memory: 0x0000016a00001170 | 70 11 00 00 6a 01 00 00
RBX=0x0000016ac5710000 points into unknown readable memory: 0x0000000000000000 | 00 00 00 00 00 00 00 00
RCX=0x000000000000c7c7 is an unknown value
RDX=0x00000000000000c7 is an unknown value
RSP=0x0000000c3bffe690 points into unknown readable memory: 0x0000016ac5710000 | 00 00 71 c5 6a 01 00 00
RBP=0x0000016aed9bf778 points into unknown readable memory: 0xffffffffffffffff | ff ff ff ff ff ff ff ff
RSI=0x0000016aedf03f70 points into unknown readable memory: 0x0000000000000000 | 00 00 00 00 00 00 00 00
RDI=0x0000016aede3df60 points into unknown readable memory: 0x0061002000730065 | 65 00 73 00 20 00 61 00
R8 =0x0000016aede3df70 points into unknown readable memory: 0x0000016a00001170 | 70 11 00 00 6a 01 00 00
R9 =0x0000016ac54e02c0 points into unknown readable memory: 0x00007ff94d6b94b0 | b0 94 6b 4d f9 7f 00 00
R10=0x0000000c3b392000 points into unknown readable memory: 0x0000000000000000 | 00 00 00 00 00 00 00 00
R11=0x0000016aedc18e70 points into unknown readable memory: 0x0000016aed9bf6e0 | e0 f6 9b ed 6a 01 00 00
R12=0x000000007ffe0300 points into unknown readable memory: 0x0000000000989680 | 80 96 98 00 00 00 00 00
R13=0x0000000000000001 is an unknown value
R14=0x0000016a00001170 is an unknown value
R15=0x0000016aedf83f90 points into unknown readable memory: 0x0000016aedf89e50 | 50 9e f8 ed 6a 01 00 00

Top of Stack: (sp=0x0000000c3bffe690)
0x0000000c3bffe690:   0000016ac5710000 0000016ac5710000   ..q.j.....q.j...
0x0000000c3bffe6a0:   0000000000008001 0000016ac5710000   ..........q.j...
0x0000000c3bffe6b0:   0000000000000000 0000000c3bffe701   ...........;....
0x0000000c3bffe6c0:   0000016ac5710000 00007ffa2dc03122   ..q.j..."1.-....
0x0000000c3bffe6d0:   00000000ed8e1801 0000000000008001   ................
0x0000000c3bffe6e0:   0000000000000101 0000000000000000   ................
0x0000000c3bffe6f0:   0000000000000000 0000037f00001001   ................
0x0000000c3bffe700:   0000000000000001 0000000000000000   ................
0x0000000c3bffe710:   0000000000000000 0000000000000107   ................
0x0000000c3bffe720:   0000000000000000 000000007ffe0380   ................
0x0000000c3bffe730:   0000016ac57147c4 0000000000000107   .Gq.j...........
0x0000000c3bffe740:   0000000c3bfff000 00007ffa2dbeed27   ...;....'..-....
0x0000000c3bffe750:   0000000000000000 0000000000000000   ................
0x0000000c3bffe760:   0000000000150000 00007ffa2dbe70f7   .........p.-....
0x0000000c3bffe770:   0000000c3bfff000 00007ffa2dbeed27   ...;....'..-....
0x0000000c3bffe780:   0000016ac5710000 ffff3b06c5710000   ..q.j.....q..;..
0x0000000c3bffe790:   0000000000000105 000000000000c601   ................
0x0000000c3bffe7a0:   0000000000000000 0000016aedf03f70   ........p?..j...
0x0000000c3bffe7b0:   0000000000000107 0000000000000000   ................
0x0000000c3bffe7c0:   0000000000008001 0000000000000000   ................
0x0000000c3bffe7d0:   0000000007010107 0000000000000107   ................
0x0000000c3bffe7e0:   0000000000000000 00000000c700c601   ................
0x0000000c3bffe7f0:   0000000000010000 00007ffa02000002   ................
0x0000000c3bffe800:   0000000000000000 0000000000000000   ................
0x0000000c3bffe810:   0000000000000000 0000000011001001   ................
0x0000000c3bffe820:   00007ffa098a0000 0000016aed9bf768   ........h...j...
0x0000000c3bffe830:   0000000000000001 000000007ffe0385   ................
0x0000000c3bffe840:   0000000000000000 0000016ac5710000   ..........q.j...
0x0000000c3bffe850:   0000000000000000 000000007ffe0385   ................
0x0000000c3bffe860:   0000016aedf03f80 00007ffa2dbe7010   .?..j....p.-....
0x0000000c3bffe870:   0000016ac5710000 0000000000000001   ..q.j...........
0x0000000c3bffe880:   0000016aedf03f70 0000016aedf03f70   p?..j...p?..j...

Instructions: (pc=0x00007ffa2dbee138)
  0x00007ffa2dbee038:   e9 d1 f6 ff ff 44 8d 61 ff 41 8b c4 48 89 84 24
  0x00007ffa2dbee048:   88 00 00 00 e9 bf fb ff ff 41 8b 4d f8 89 8c 24
  0x00007ffa2dbee058:   98 01 00 00 83 7b 7c 00 74 4f 33 8b 88 00 00 00
  0x00007ffa2dbee068:   8b f1 89 8c 24 98 01 00 00 8b d1 c1 ea 10 8b c1
  0x00007ffa2dbee078:   c1 e8 08 32 d0 32 d1 8b c1 c1 e8 18 3a c2 74 29
  0x00007ffa2dbee088:   33 c0 48 89 44 24 28 48 89 44 24 20 45 33 c9 4d
  0x00007ffa2dbee098:   8d 45 f0 48 8b d3 8d 48 03 e8 da c2 ff ff 0f b7
  0x00007ffa2dbee0a8:   ce 4c 8b 84 24 20 01 00 00 0f b7 c1 44 2b c0 44
  0x00007ffa2dbee0b8:   89 84 24 08 01 00 00 48 8b b4 24 f0 01 00 00 45
  0x00007ffa2dbee0c8:   85 c0 0f 8f 35 fe ff ff e9 28 fe ff ff 45 3b c1
  0x00007ffa2dbee0d8:   0f 87 3f 03 00 00 49 83 c2 04 4c 89 94 24 a0 00
  0x00007ffa2dbee0e8:   00 00 41 8b 12 41 ff c0 44 89 44 24 6c e9 86 fc
  0x00007ffa2dbee0f8:   ff ff 85 c9 74 2c 8b 93 88 00 00 00 33 57 08 89
  0x00007ffa2dbee108:   57 08 8b ca c1 e9 10 8b c2 c1 e8 08 32 c8 32 ca
  0x00007ffa2dbee118:   c1 ea 18 3a d1 74 0b 48 8b d7 48 8b cb e8 16 16
  0x00007ffa2dbee128:   00 00 4c 8d 47 10 4d 8b 30 4c 8b 7f 18 49 8b 07
=>0x00007ffa2dbee138:   4d 8b 4e 08 49 3b c0 0f 85 7e 03 00 00 49 3b c1
  0x00007ffa2dbee148:   0f 85 75 03 00 00 0f b7 47 08 48 8b 8b c0 00 00
  0x00007ffa2dbee158:   00 48 2b c8 48 89 8b c0 00 00 00 48 8b 93 38 01
  0x00007ffa2dbee168:   00 00 48 85 d2 0f 84 04 01 00 00 48 c7 84 24 d0
  0x00007ffa2dbee178:   00 00 00 00 00 00 00 0f b7 4f 08 44 8b 4a 08 49
  0x00007ffa2dbee188:   3b c9 0f 82 c4 00 00 00 48 8b 02 48 85 c0 0f 84
  0x00007ffa2dbee198:   b4 00 00 00 48 8b d0 eb e2 41 0f b7 46 f8 66 89
  0x00007ffa2dbee1a8:   44 24 68 0f b7 c8 e9 6f fc ff ff 83 7f 0c 00 0f
  0x00007ffa2dbee1b8:   85 48 02 00 00 48 8b 47 30 4e 8b 24 e8 4d 3b c4
  0x00007ffa2dbee1c8:   0f 84 2f 01 00 00 4d 8d 44 24 f0 41 8b 50 08 89
  0x00007ffa2dbee1d8:   94 24 78 01 00 00 83 7b 7c 00 74 43 33 93 88 00
  0x00007ffa2dbee1e8:   00 00 8b f2 89 94 24 78 01 00 00 8b ca c1 e9 10
  0x00007ffa2dbee1f8:   8b c2 c1 e8 08 32 c8 32 ca 8b c2 c1 e8 18 3a c1
  0x00007ffa2dbee208:   74 1d 33 c0 48 89 44 24 28 48 89 44 24 20 45 33
  0x00007ffa2dbee218:   c9 48 8b d3 8d 48 03 e8 5c c1 ff ff 0f b7 d6 0f
  0x00007ffa2dbee228:   b7 c2 41 8b cf 2b c8 89 8c 24 04 01 00 00 85 c9


Stack slot to memory mapping:

stack at sp + 0 slots: 0x0000016ac5710000 points into unknown readable memory: 0x0000000000000000 | 00 00 00 00 00 00 00 00
stack at sp + 1 slots: 0x0000016ac5710000 points into unknown readable memory: 0x0000000000000000 | 00 00 00 00 00 00 00 00
stack at sp + 2 slots: 0x0000000000008001 is an unknown value
stack at sp + 3 slots: 0x0000016ac5710000 points into unknown readable memory: 0x0000000000000000 | 00 00 00 00 00 00 00 00
stack at sp + 4 slots: 0x0 is null
stack at sp + 5 slots: 0x0000000c3bffe701 points into unknown readable memory: 00 00 00 00 00 00 00
stack at sp + 6 slots: 0x0000016ac5710000 points into unknown readable memory: 0x0000000000000000 | 00 00 00 00 00 00 00 00
stack at sp + 7 slots: 0x00007ffa2dc03122 ntdll.dll

VM_Operation (0x0000000c3b8fef10): Exit, mode: safepoint, requested by thread 0x0000016ac7b6b560


---------------  P R O C E S S  ---------------

Threads class SMR info:
_java_thread_list=0x0000016aed821c60, length=25, elements={
0x0000016ac7b6b560, 0x0000016ae74ac390, 0x0000016ae74acca0, 0x0000016ae74af710,
0x0000016ae74b1410, 0x0000016ae74bd250, 0x0000016ae74c0170, 0x0000016ae74c1670,
0x0000016ae74e60a0, 0x0000016ae7bf83a0, 0x0000016ae7cab2e0, 0x0000016ae7cb97f0,
0x0000016ae7d6ed40, 0x0000016aec19d380, 0x0000016ae7e71e60, 0x0000016aec443960,
0x0000016aec446e30, 0x0000016aec5afd70, 0x0000016aec5ad520, 0x0000016aec5aed50,
0x0000016aec5af560, 0x0000016aec54eca0, 0x0000016aec54c590, 0x0000016ae74bc5b0,
0x0000016aed60b590
}

Java Threads: ( => current thread )
  0x0000016ac7b6b560 JavaThread "main"                              [_thread_blocked, id=32052, stack(0x0000000c3b800000,0x0000000c3b900000) (1024K)]
  0x0000016ae74ac390 JavaThread "Reference Handler"          daemon [_thread_blocked, id=34200, stack(0x0000000c3c000000,0x0000000c3c100000) (1024K)]
  0x0000016ae74acca0 JavaThread "Finalizer"                  daemon [_thread_blocked, id=35436, stack(0x0000000c3c100000,0x0000000c3c200000) (1024K)]
  0x0000016ae74af710 JavaThread "Signal Dispatcher"          daemon [_thread_blocked, id=35296, stack(0x0000000c3c200000,0x0000000c3c300000) (1024K)]
  0x0000016ae74b1410 JavaThread "Attach Listener"            daemon [_thread_blocked, id=33944, stack(0x0000000c3c300000,0x0000000c3c400000) (1024K)]
  0x0000016ae74bd250 JavaThread "Service Thread"             daemon [_thread_blocked, id=33336, stack(0x0000000c3c400000,0x0000000c3c500000) (1024K)]
  0x0000016ae74c0170 JavaThread "Monitor Deflation Thread"   daemon [_thread_blocked, id=29460, stack(0x0000000c3c500000,0x0000000c3c600000) (1024K)]
  0x0000016ae74c1670 JavaThread "C2 CompilerThread0"         daemon [_thread_blocked, id=31952, stack(0x0000000c3c600000,0x0000000c3c700000) (1024K)]
  0x0000016ae74e60a0 JavaThread "C1 CompilerThread0"         daemon [_thread_blocked, id=4924, stack(0x0000000c3c700000,0x0000000c3c800000) (1024K)]
  0x0000016ae7bf83a0 JavaThread "C1 CompilerThread1"         daemon [_thread_blocked, id=26116, stack(0x0000000c3c800000,0x0000000c3c900000) (1024K)]
  0x0000016ae7cab2e0 JavaThread "C1 CompilerThread2"         daemon [_thread_blocked, id=32044, stack(0x0000000c3c900000,0x0000000c3ca00000) (1024K)]
  0x0000016ae7cb97f0 JavaThread "C2 CompilerThread1"         daemon [_thread_blocked, id=32904, stack(0x0000000c3ca00000,0x0000000c3cb00000) (1024K)]
  0x0000016ae7d6ed40 JavaThread "Common-Cleaner"             daemon [_thread_blocked, id=9812, stack(0x0000000c3cb00000,0x0000000c3cc00000) (1024K)]
  0x0000016aec19d380 JavaThread "IntelliJ Suspend Helper"    daemon [_thread_blocked, id=35352, stack(0x0000000c3cc00000,0x0000000c3cd00000) (1024K)]
  0x0000016ae7e71e60 JavaThread "CoarseTimer"                daemon [_thread_blocked, id=25732, stack(0x0000000c3cd00000,0x0000000c3ce00000) (1024K)]
  0x0000016aec443960 JavaThread "Monitor Ctrl-Break"         daemon [_thread_in_native, id=22228, stack(0x0000000c3ce00000,0x0000000c3cf00000) (1024K)]
  0x0000016aec446e30 JavaThread "Notification Thread"        daemon [_thread_blocked, id=32176, stack(0x0000000c3cf00000,0x0000000c3d000000) (1024K)]
  0x0000016aec5afd70 JavaThread "C1 CompilerThread3"         daemon [_thread_blocked, id=34224, stack(0x0000000c3d000000,0x0000000c3d100000) (1024K)]
  0x0000016aec5ad520 JavaThread "C2 CompilerThread2"         daemon [_thread_blocked, id=28376, stack(0x0000000c3d100000,0x0000000c3d200000) (1024K)]
  0x0000016aec5aed50 JavaThread "C2 CompilerThread3"         daemon [_thread_blocked, id=34624, stack(0x0000000c3d200000,0x0000000c3d300000) (1024K)]
  0x0000016aec5af560 JavaThread "C2 CompilerThread4"         daemon [_thread_blocked, id=33460, stack(0x0000000c3d300000,0x0000000c3d400000) (1024K)]
  0x0000016aec54eca0 JavaThread "RMI TCP Accept-0"           daemon [_thread_in_native, id=32644, stack(0x0000000c3d400000,0x0000000c3d500000) (1024K)]
  0x0000016aec54c590 JavaThread "RMI TCP Connection(1)-192.168.5.103" daemon [_thread_in_native, id=6048, stack(0x0000000c3d500000,0x0000000c3d600000) (1024K)]
  0x0000016ae74bc5b0 JavaThread "RMI Scheduler(0)"           daemon [_thread_blocked, id=28812, stack(0x0000000c3d600000,0x0000000c3d700000) (1024K)]
  0x0000016aed60b590 JavaThread "JMX server connection timeout 42" daemon [_thread_blocked, id=30992, stack(0x0000000c3d700000,0x0000000c3d800000) (1024K)]
Total: 25

Other Threads:
=>0x0000016ae749a390 VMThread "VM Thread"                           [id=31456, stack(0x0000000c3bf00000,0x0000000c3c000000) (1024K)]
  0x0000016ac7bd46d0 WorkerThread "GC Thread#0"                     [id=32732, stack(0x0000000c3b900000,0x0000000c3ba00000) (1024K)]
  0x0000016aed1fae50 WorkerThread "GC Thread#1"                     [id=11488, stack(0x0000000c3d800000,0x0000000c3d900000) (1024K)]
  0x0000016aed1fd520 WorkerThread "GC Thread#2"                     [id=35188, stack(0x0000000c3d900000,0x0000000c3da00000) (1024K)]
  0x0000016aed1fb6f0 WorkerThread "GC Thread#3"                     [id=3368, stack(0x0000000c3da00000,0x0000000c3db00000) (1024K)]
  0x0000016aed1fbb40 WorkerThread "GC Thread#4"                     [id=27936, stack(0x0000000c3db00000,0x0000000c3dc00000) (1024K)]
  0x0000016aed1fbf90 WorkerThread "GC Thread#5"                     [id=35060, stack(0x0000000c3dc00000,0x0000000c3dd00000) (1024K)]
  0x0000016aed1fc3e0 WorkerThread "GC Thread#6"                     [id=32156, stack(0x0000000c3dd00000,0x0000000c3de00000) (1024K)]
  0x0000016aed1fd0d0 WorkerThread "GC Thread#7"                     [id=34724, stack(0x0000000c3de00000,0x0000000c3df00000) (1024K)]
  0x0000016aed1f98c0 WorkerThread "GC Thread#8"                     [id=33396, stack(0x0000000c3df00000,0x0000000c3e000000) (1024K)]
  0x0000016ac7bed050 ConcurrentGCThread "G1 Main Marker"            terminated
  0x0000016ac7bed9f0 WorkerThread "G1 Conc#0"                       [id=28964, stack(0x0000000c3bb00000,0x0000000c3bc00000) (1024K)]
  0x0000016ae734f5b0 ConcurrentGCThread "G1 Refine#0"               terminated
  0x0000016ae734ffc0 ConcurrentGCThread "G1 Service"                terminated
Total: 14

Threads with active compile tasks:
Total: 0

VM state: at safepoint (shutting down)

VM Mutex/Monitor currently owned by a thread:  ([mutex/lock_event])
[0x00007ff94d6b94a8] Threads_lock - owner thread: 0x0000016ae749a390
[0x00007ff94d6b9628] Heap_lock - owner thread: 0x0000016ac7b6b560

Heap address: 0x0000000708e00000, size: 3954 MB, Compressed Oops mode: Zero based, Oop shift amount: 3

CDS archive(s) mapped at: [0x0000000032000000-0x0000000032dd0000-0x0000000032dd0000), size 14483456, SharedBaseAddress: 0x0000000032000000, ArchiveRelocationMode: 1.
Compressed class space mapped at: 0x0000000033000000-0x0000000073000000, reserved size: 1073741824
UseCompressedClassPointers 1, UseCompactObjectHeaders 0
Narrow klass pointer bits 32, Max shift 3
Narrow klass base: 0x0000000032000000, Narrow klass shift: 0
Encoding Range: [0x0000000032000000 - 0x0000000132000000), (4294967296 bytes)
Klass Range:    [0x0000000032010000 - 0x0000000073000000), (1090453504 bytes)
Klass ID Range:  [65536 - 1090519033) (1090453497)
Protection zone: [0x0000000032000000 - 0x0000000032010000), (65536 bytes)

GC Precious Log:
 CardTable entry size: 512
 Card Set container configuration: InlinePtr #cards 4 size 8 Array Of Cards #cards 16 size 48 Howl #buckets 8 coarsen threshold 3686 Howl Bitmap #cards 512 size 80 coarsen threshold 460 Card regions per heap region 1 cards per card region 4096
 CPUs: 16 total, 16 available
 Memory: 15814M
 Large Page Support: Disabled
 NUMA Support: Disabled
 Compressed Oops: Enabled (Zero based)
 Heap Region Size: 2M
 Heap Min Capacity: 8M
 Heap Initial Capacity: 248M
 Heap Max Capacity: 3954M
 Pre-touch: Disabled
 Parallel Workers: 13
 Concurrent Workers: 3
 Concurrent Refinement Workers: 13
 Periodic GC: Disabled

Heap:
 garbage-first heap   total reserved 4048896K, committed 256000K, used 6818K [0x0000000708e00000, 0x0000000800000000)
  region size 2048K, 4 young (8192K), 3 survivors (6144K)

Heap Regions: E=young(eden), S=young(survivor), O=old, HS=humongous(starts), HC=humongous(continues), CS=collection set, F=free, TAMS=top-at-mark-start, PB=parsable bottom
|   0|0x0000000708e00000, 0x0000000708e00000, 0x0000000709000000|  0%| F|  |TAMS 0x0000000708e00000| PB 0x0000000708e00000| Untracked |  0
|   1|0x0000000709000000, 0x0000000709000000, 0x0000000709200000|  0%| F|  |TAMS 0x0000000709000000| PB 0x0000000709000000| Untracked |  0
|   2|0x0000000709200000, 0x0000000709200000, 0x0000000709400000|  0%| F|  |TAMS 0x0000000709200000| PB 0x0000000709200000| Untracked |  0
|   3|0x0000000709400000, 0x0000000709400000, 0x0000000709600000|  0%| F|  |TAMS 0x0000000709400000| PB 0x0000000709400000| Untracked |  0
|   4|0x0000000709600000, 0x0000000709600000, 0x0000000709800000|  0%| F|  |TAMS 0x0000000709600000| PB 0x0000000709600000| Untracked |  0
|   5|0x0000000709800000, 0x0000000709800000, 0x0000000709a00000|  0%| F|  |TAMS 0x0000000709800000| PB 0x0000000709800000| Untracked |  0
|   6|0x0000000709a00000, 0x0000000709a00000, 0x0000000709c00000|  0%| F|  |TAMS 0x0000000709a00000| PB 0x0000000709a00000| Untracked |  0
|   7|0x0000000709c00000, 0x0000000709c00000, 0x0000000709e00000|  0%| F|  |TAMS 0x0000000709c00000| PB 0x0000000709c00000| Untracked |  0
|   8|0x0000000709e00000, 0x0000000709e00000, 0x000000070a000000|  0%| F|  |TAMS 0x0000000709e00000| PB 0x0000000709e00000| Untracked |  0
|   9|0x000000070a000000, 0x000000070a000000, 0x000000070a200000|  0%| F|  |TAMS 0x000000070a000000| PB 0x000000070a000000| Untracked |  0
|  10|0x000000070a200000, 0x000000070a200000, 0x000000070a400000|  0%| F|  |TAMS 0x000000070a200000| PB 0x000000070a200000| Untracked |  0
|  11|0x000000070a400000, 0x000000070a400000, 0x000000070a600000|  0%| F|  |TAMS 0x000000070a400000| PB 0x000000070a400000| Untracked |  0
|  12|0x000000070a600000, 0x000000070a600000, 0x000000070a800000|  0%| F|  |TAMS 0x000000070a600000| PB 0x000000070a600000| Untracked |  0
|  13|0x000000070a800000, 0x000000070a800000, 0x000000070aa00000|  0%| F|  |TAMS 0x000000070a800000| PB 0x000000070a800000| Untracked |  0
|  14|0x000000070aa00000, 0x000000070aa00000, 0x000000070ac00000|  0%| F|  |TAMS 0x000000070aa00000| PB 0x000000070aa00000| Untracked |  0
|  15|0x000000070ac00000, 0x000000070ac00000, 0x000000070ae00000|  0%| F|  |TAMS 0x000000070ac00000| PB 0x000000070ac00000| Untracked |  0
|  16|0x000000070ae00000, 0x000000070ae00000, 0x000000070b000000|  0%| F|  |TAMS 0x000000070ae00000| PB 0x000000070ae00000| Untracked |  0
|  17|0x000000070b000000, 0x000000070b000000, 0x000000070b200000|  0%| F|  |TAMS 0x000000070b000000| PB 0x000000070b000000| Untracked |  0
|  18|0x000000070b200000, 0x000000070b200000, 0x000000070b400000|  0%| F|  |TAMS 0x000000070b200000| PB 0x000000070b200000| Untracked |  0
|  19|0x000000070b400000, 0x000000070b400000, 0x000000070b600000|  0%| F|  |TAMS 0x000000070b400000| PB 0x000000070b400000| Untracked |  0
|  20|0x000000070b600000, 0x000000070b600000, 0x000000070b800000|  0%| F|  |TAMS 0x000000070b600000| PB 0x000000070b600000| Untracked |  0
|  21|0x000000070b800000, 0x000000070b800000, 0x000000070ba00000|  0%| F|  |TAMS 0x000000070b800000| PB 0x000000070b800000| Untracked |  0
|  22|0x000000070ba00000, 0x000000070ba00000, 0x000000070bc00000|  0%| F|  |TAMS 0x000000070ba00000| PB 0x000000070ba00000| Untracked |  0
|  23|0x000000070bc00000, 0x000000070bc00000, 0x000000070be00000|  0%| F|  |TAMS 0x000000070bc00000| PB 0x000000070bc00000| Untracked |  0
|  24|0x000000070be00000, 0x000000070be00000, 0x000000070c000000|  0%| F|  |TAMS 0x000000070be00000| PB 0x000000070be00000| Untracked |  0
|  25|0x000000070c000000, 0x000000070c000000, 0x000000070c200000|  0%| F|  |TAMS 0x000000070c000000| PB 0x000000070c000000| Untracked |  0
|  26|0x000000070c200000, 0x000000070c200000, 0x000000070c400000|  0%| F|  |TAMS 0x000000070c200000| PB 0x000000070c200000| Untracked |  0
|  27|0x000000070c400000, 0x000000070c400000, 0x000000070c600000|  0%| F|  |TAMS 0x000000070c400000| PB 0x000000070c400000| Untracked |  0
|  28|0x000000070c600000, 0x000000070c600000, 0x000000070c800000|  0%| F|  |TAMS 0x000000070c600000| PB 0x000000070c600000| Untracked |  0
|  29|0x000000070c800000, 0x000000070c800000, 0x000000070ca00000|  0%| F|  |TAMS 0x000000070c800000| PB 0x000000070c800000| Untracked |  0
|  30|0x000000070ca00000, 0x000000070ca00000, 0x000000070cc00000|  0%| F|  |TAMS 0x000000070ca00000| PB 0x000000070ca00000| Untracked |  0
|  31|0x000000070cc00000, 0x000000070cc00000, 0x000000070ce00000|  0%| F|  |TAMS 0x000000070cc00000| PB 0x000000070cc00000| Untracked |  0
|  32|0x000000070ce00000, 0x000000070ce00000, 0x000000070d000000|  0%| F|  |TAMS 0x000000070ce00000| PB 0x000000070ce00000| Untracked |  0
|  33|0x000000070d000000, 0x000000070d000000, 0x000000070d200000|  0%| F|  |TAMS 0x000000070d000000| PB 0x000000070d000000| Untracked |  0
|  34|0x000000070d200000, 0x000000070d200000, 0x000000070d400000|  0%| F|  |TAMS 0x000000070d200000| PB 0x000000070d200000| Untracked |  0
|  35|0x000000070d400000, 0x000000070d400000, 0x000000070d600000|  0%| F|  |TAMS 0x000000070d400000| PB 0x000000070d400000| Untracked |  0
|  36|0x000000070d600000, 0x000000070d600000, 0x000000070d800000|  0%| F|  |TAMS 0x000000070d600000| PB 0x000000070d600000| Untracked |  0
|  37|0x000000070d800000, 0x000000070d800000, 0x000000070da00000|  0%| F|  |TAMS 0x000000070d800000| PB 0x000000070d800000| Untracked |  0
|  38|0x000000070da00000, 0x000000070da00000, 0x000000070dc00000|  0%| F|  |TAMS 0x000000070da00000| PB 0x000000070da00000| Untracked |  0
|  39|0x000000070dc00000, 0x000000070dc00000, 0x000000070de00000|  0%| F|  |TAMS 0x000000070dc00000| PB 0x000000070dc00000| Untracked |  0
|  40|0x000000070de00000, 0x000000070de00000, 0x000000070e000000|  0%| F|  |TAMS 0x000000070de00000| PB 0x000000070de00000| Untracked |  0
|  41|0x000000070e000000, 0x000000070e000000, 0x000000070e200000|  0%| F|  |TAMS 0x000000070e000000| PB 0x000000070e000000| Untracked |  0
|  42|0x000000070e200000, 0x000000070e200000, 0x000000070e400000|  0%| F|  |TAMS 0x000000070e200000| PB 0x000000070e200000| Untracked |  0
|  43|0x000000070e400000, 0x000000070e400000, 0x000000070e600000|  0%| F|  |TAMS 0x000000070e400000| PB 0x000000070e400000| Untracked |  0
|  44|0x000000070e600000, 0x000000070e600000, 0x000000070e800000|  0%| F|  |TAMS 0x000000070e600000| PB 0x000000070e600000| Untracked |  0
|  45|0x000000070e800000, 0x000000070e800000, 0x000000070ea00000|  0%| F|  |TAMS 0x000000070e800000| PB 0x000000070e800000| Untracked |  0
|  46|0x000000070ea00000, 0x000000070ea00000, 0x000000070ec00000|  0%| F|  |TAMS 0x000000070ea00000| PB 0x000000070ea00000| Untracked |  0
|  47|0x000000070ec00000, 0x000000070ec00000, 0x000000070ee00000|  0%| F|  |TAMS 0x000000070ec00000| PB 0x000000070ec00000| Untracked |  0
|  48|0x000000070ee00000, 0x000000070ee00000, 0x000000070f000000|  0%| F|  |TAMS 0x000000070ee00000| PB 0x000000070ee00000| Untracked |  0
|  49|0x000000070f000000, 0x000000070f000000, 0x000000070f200000|  0%| F|  |TAMS 0x000000070f000000| PB 0x000000070f000000| Untracked |  0
|  50|0x000000070f200000, 0x000000070f200000, 0x000000070f400000|  0%| F|  |TAMS 0x000000070f200000| PB 0x000000070f200000| Untracked |  0
|  51|0x000000070f400000, 0x000000070f400000, 0x000000070f600000|  0%| F|  |TAMS 0x000000070f400000| PB 0x000000070f400000| Untracked |  0
|  52|0x000000070f600000, 0x000000070f600000, 0x000000070f800000|  0%| F|  |TAMS 0x000000070f600000| PB 0x000000070f600000| Untracked |  0
|  53|0x000000070f800000, 0x000000070f800000, 0x000000070fa00000|  0%| F|  |TAMS 0x000000070f800000| PB 0x000000070f800000| Untracked |  0
|  54|0x000000070fa00000, 0x000000070fa00000, 0x000000070fc00000|  0%| F|  |TAMS 0x000000070fa00000| PB 0x000000070fa00000| Untracked |  0
|  55|0x000000070fc00000, 0x000000070fc00000, 0x000000070fe00000|  0%| F|  |TAMS 0x000000070fc00000| PB 0x000000070fc00000| Untracked |  0
|  56|0x000000070fe00000, 0x000000070fe00000, 0x0000000710000000|  0%| F|  |TAMS 0x000000070fe00000| PB 0x000000070fe00000| Untracked |  0
|  57|0x0000000710000000, 0x0000000710000000, 0x0000000710200000|  0%| F|  |TAMS 0x0000000710000000| PB 0x0000000710000000| Untracked |  0
|  58|0x0000000710200000, 0x0000000710200000, 0x0000000710400000|  0%| F|  |TAMS 0x0000000710200000| PB 0x0000000710200000| Untracked |  0
|  59|0x0000000710400000, 0x0000000710400000, 0x0000000710600000|  0%| F|  |TAMS 0x0000000710400000| PB 0x0000000710400000| Untracked |  0
|  60|0x0000000710600000, 0x0000000710600000, 0x0000000710800000|  0%| F|  |TAMS 0x0000000710600000| PB 0x0000000710600000| Untracked |  0
|  61|0x0000000710800000, 0x0000000710800000, 0x0000000710a00000|  0%| F|  |TAMS 0x0000000710800000| PB 0x0000000710800000| Untracked |  0
|  62|0x0000000710a00000, 0x0000000710a00000, 0x0000000710c00000|  0%| F|  |TAMS 0x0000000710a00000| PB 0x0000000710a00000| Untracked |  0
|  63|0x0000000710c00000, 0x0000000710c00000, 0x0000000710e00000|  0%| F|  |TAMS 0x0000000710c00000| PB 0x0000000710c00000| Untracked |  0
|  64|0x0000000710e00000, 0x0000000710e00000, 0x0000000711000000|  0%| F|  |TAMS 0x0000000710e00000| PB 0x0000000710e00000| Untracked |  0
|  65|0x0000000711000000, 0x0000000711000000, 0x0000000711200000|  0%| F|  |TAMS 0x0000000711000000| PB 0x0000000711000000| Untracked |  0
|  66|0x0000000711200000, 0x0000000711200000, 0x0000000711400000|  0%| F|  |TAMS 0x0000000711200000| PB 0x0000000711200000| Untracked |  0
|  67|0x0000000711400000, 0x0000000711400000, 0x0000000711600000|  0%| F|  |TAMS 0x0000000711400000| PB 0x0000000711400000| Untracked |  0
|  68|0x0000000711600000, 0x0000000711600000, 0x0000000711800000|  0%| F|  |TAMS 0x0000000711600000| PB 0x0000000711600000| Untracked |  0
|  69|0x0000000711800000, 0x0000000711800000, 0x0000000711a00000|  0%| F|  |TAMS 0x0000000711800000| PB 0x0000000711800000| Untracked |  0
|  70|0x0000000711a00000, 0x0000000711a00000, 0x0000000711c00000|  0%| F|  |TAMS 0x0000000711a00000| PB 0x0000000711a00000| Untracked |  0
|  71|0x0000000711c00000, 0x0000000711c00000, 0x0000000711e00000|  0%| F|  |TAMS 0x0000000711c00000| PB 0x0000000711c00000| Untracked |  0
|  72|0x0000000711e00000, 0x0000000711e00000, 0x0000000712000000|  0%| F|  |TAMS 0x0000000711e00000| PB 0x0000000711e00000| Untracked |  0
|  73|0x0000000712000000, 0x0000000712000000, 0x0000000712200000|  0%| F|  |TAMS 0x0000000712000000| PB 0x0000000712000000| Untracked |  0
|  74|0x0000000712200000, 0x0000000712200000, 0x0000000712400000|  0%| F|  |TAMS 0x0000000712200000| PB 0x0000000712200000| Untracked |  0
|  75|0x0000000712400000, 0x0000000712400000, 0x0000000712600000|  0%| F|  |TAMS 0x0000000712400000| PB 0x0000000712400000| Untracked |  0
|  76|0x0000000712600000, 0x0000000712600000, 0x0000000712800000|  0%| F|  |TAMS 0x0000000712600000| PB 0x0000000712600000| Untracked |  0
|  77|0x0000000712800000, 0x0000000712800000, 0x0000000712a00000|  0%| F|  |TAMS 0x0000000712800000| PB 0x0000000712800000| Untracked |  0
|  78|0x0000000712a00000, 0x0000000712a00000, 0x0000000712c00000|  0%| F|  |TAMS 0x0000000712a00000| PB 0x0000000712a00000| Untracked |  0
|  79|0x0000000712c00000, 0x0000000712c00000, 0x0000000712e00000|  0%| F|  |TAMS 0x0000000712c00000| PB 0x0000000712c00000| Untracked |  0
|  80|0x0000000712e00000, 0x0000000712e00000, 0x0000000713000000|  0%| F|  |TAMS 0x0000000712e00000| PB 0x0000000712e00000| Untracked |  0
|  81|0x0000000713000000, 0x0000000713000000, 0x0000000713200000|  0%| F|  |TAMS 0x0000000713000000| PB 0x0000000713000000| Untracked |  0
|  82|0x0000000713200000, 0x0000000713200000, 0x0000000713400000|  0%| F|  |TAMS 0x0000000713200000| PB 0x0000000713200000| Untracked |  0
|  83|0x0000000713400000, 0x0000000713400000, 0x0000000713600000|  0%| F|  |TAMS 0x0000000713400000| PB 0x0000000713400000| Untracked |  0
|  84|0x0000000713600000, 0x0000000713600000, 0x0000000713800000|  0%| F|  |TAMS 0x0000000713600000| PB 0x0000000713600000| Untracked |  0
|  85|0x0000000713800000, 0x0000000713800000, 0x0000000713a00000|  0%| F|  |TAMS 0x0000000713800000| PB 0x0000000713800000| Untracked |  0
|  86|0x0000000713a00000, 0x0000000713a00000, 0x0000000713c00000|  0%| F|  |TAMS 0x0000000713a00000| PB 0x0000000713a00000| Untracked |  0
|  87|0x0000000713c00000, 0x0000000713c00000, 0x0000000713e00000|  0%| F|  |TAMS 0x0000000713c00000| PB 0x0000000713c00000| Untracked |  0
|  88|0x0000000713e00000, 0x0000000713e00000, 0x0000000714000000|  0%| F|  |TAMS 0x0000000713e00000| PB 0x0000000713e00000| Untracked |  0
|  89|0x0000000714000000, 0x0000000714000000, 0x0000000714200000|  0%| F|  |TAMS 0x0000000714000000| PB 0x0000000714000000| Untracked |  0
|  90|0x0000000714200000, 0x0000000714200000, 0x0000000714400000|  0%| F|  |TAMS 0x0000000714200000| PB 0x0000000714200000| Untracked |  0
|  91|0x0000000714400000, 0x0000000714400000, 0x0000000714600000|  0%| F|  |TAMS 0x0000000714400000| PB 0x0000000714400000| Untracked |  0
|  92|0x0000000714600000, 0x0000000714600000, 0x0000000714800000|  0%| F|  |TAMS 0x0000000714600000| PB 0x0000000714600000| Untracked |  0
|  93|0x0000000714800000, 0x0000000714800000, 0x0000000714a00000|  0%| F|  |TAMS 0x0000000714800000| PB 0x0000000714800000| Untracked |  0
|  94|0x0000000714a00000, 0x0000000714a00000, 0x0000000714c00000|  0%| F|  |TAMS 0x0000000714a00000| PB 0x0000000714a00000| Untracked |  0
|  95|0x0000000714c00000, 0x0000000714c00000, 0x0000000714e00000|  0%| F|  |TAMS 0x0000000714c00000| PB 0x0000000714c00000| Untracked |  0
|  96|0x0000000714e00000, 0x0000000714e00000, 0x0000000715000000|  0%| F|  |TAMS 0x0000000714e00000| PB 0x0000000714e00000| Untracked |  0
|  97|0x0000000715000000, 0x0000000715183538, 0x0000000715200000| 75%| S|CS|TAMS 0x0000000715000000| PB 0x0000000715000000| Complete |  0
|  98|0x0000000715200000, 0x0000000715400000, 0x0000000715400000|100%| S|CS|TAMS 0x0000000715200000| PB 0x0000000715200000| Complete |  0
|  99|0x0000000715400000, 0x0000000715600000, 0x0000000715600000|100%| S|CS|TAMS 0x0000000715400000| PB 0x0000000715400000| Complete |  0
| 100|0x0000000715600000, 0x0000000715600000, 0x0000000715800000|  0%| F|  |TAMS 0x0000000715600000| PB 0x0000000715600000| Untracked |  0
| 101|0x0000000715800000, 0x0000000715800000, 0x0000000715a00000|  0%| F|  |TAMS 0x0000000715800000| PB 0x0000000715800000| Untracked |  0
| 102|0x0000000715a00000, 0x0000000715a00000, 0x0000000715c00000|  0%| F|  |TAMS 0x0000000715a00000| PB 0x0000000715a00000| Untracked |  0
| 103|0x0000000715c00000, 0x0000000715c00000, 0x0000000715e00000|  0%| F|  |TAMS 0x0000000715c00000| PB 0x0000000715c00000| Untracked |  0
| 104|0x0000000715e00000, 0x0000000715e00000, 0x0000000716000000|  0%| F|  |TAMS 0x0000000715e00000| PB 0x0000000715e00000| Untracked |  0
| 105|0x0000000716000000, 0x0000000716000000, 0x0000000716200000|  0%| F|  |TAMS 0x0000000716000000| PB 0x0000000716000000| Untracked |  0
| 106|0x0000000716200000, 0x0000000716200000, 0x0000000716400000|  0%| F|  |TAMS 0x0000000716200000| PB 0x0000000716200000| Untracked |  0
| 107|0x0000000716400000, 0x0000000716400000, 0x0000000716600000|  0%| F|  |TAMS 0x0000000716400000| PB 0x0000000716400000| Untracked |  0
| 108|0x0000000716600000, 0x0000000716600000, 0x0000000716800000|  0%| F|  |TAMS 0x0000000716600000| PB 0x0000000716600000| Untracked |  0
| 109|0x0000000716800000, 0x0000000716800000, 0x0000000716a00000|  0%| F|  |TAMS 0x0000000716800000| PB 0x0000000716800000| Untracked |  0
| 110|0x0000000716a00000, 0x0000000716a00000, 0x0000000716c00000|  0%| F|  |TAMS 0x0000000716a00000| PB 0x0000000716a00000| Untracked |  0
| 111|0x0000000716c00000, 0x0000000716c00000, 0x0000000716e00000|  0%| F|  |TAMS 0x0000000716c00000| PB 0x0000000716c00000| Untracked |  0
| 112|0x0000000716e00000, 0x0000000716e00000, 0x0000000717000000|  0%| F|  |TAMS 0x0000000716e00000| PB 0x0000000716e00000| Untracked |  0
| 113|0x0000000717000000, 0x0000000717000000, 0x0000000717200000|  0%| F|  |TAMS 0x0000000717000000| PB 0x0000000717000000| Untracked |  0
| 114|0x0000000717200000, 0x0000000717200000, 0x0000000717400000|  0%| F|  |TAMS 0x0000000717200000| PB 0x0000000717200000| Untracked |  0
| 115|0x0000000717400000, 0x0000000717400000, 0x0000000717600000|  0%| F|  |TAMS 0x0000000717400000| PB 0x0000000717400000| Untracked |  0
| 116|0x0000000717600000, 0x0000000717600000, 0x0000000717800000|  0%| F|  |TAMS 0x0000000717600000| PB 0x0000000717600000| Untracked |  0
| 117|0x0000000717800000, 0x0000000717800000, 0x0000000717a00000|  0%| F|  |TAMS 0x0000000717800000| PB 0x0000000717800000| Untracked |  0
| 118|0x0000000717a00000, 0x0000000717a00000, 0x0000000717c00000|  0%| F|  |TAMS 0x0000000717a00000| PB 0x0000000717a00000| Untracked |  0
| 119|0x0000000717c00000, 0x0000000717c00000, 0x0000000717e00000|  0%| F|  |TAMS 0x0000000717c00000| PB 0x0000000717c00000| Untracked |  0
| 120|0x0000000717e00000, 0x0000000717e00000, 0x0000000718000000|  0%| F|  |TAMS 0x0000000717e00000| PB 0x0000000717e00000| Untracked |  0
| 121|0x0000000718000000, 0x0000000718000000, 0x0000000718200000|  0%| F|  |TAMS 0x0000000718000000| PB 0x0000000718000000| Untracked |  0
| 122|0x0000000718200000, 0x0000000718200000, 0x0000000718400000|  0%| F|  |TAMS 0x0000000718200000| PB 0x0000000718200000| Untracked |  0
| 123|0x0000000718400000, 0x0000000718600000, 0x0000000718600000|100%| E|  |TAMS 0x0000000718400000| PB 0x0000000718400000| Complete |  0
|1976|0x00000007ffe00000, 0x00000007fff25608, 0x0000000800000000| 57%| O|  |TAMS 0x00000007ffe00000| PB 0x00000007ffe00000| Untracked |  0

Card table byte_map: [0x0000016ae0540000,0x0000016ae0d00000] _byte_map_base: 0x0000016adccf9000

Marking Bits: (CMBitMap*) 0x0000016ac7bd4c60
 Bits: [0x0000016ae0d00000, 0x0000016ae4ac8000)

Polling page: 0x0000016ac56f0000

Metaspace:
Metaspace        used 14583K, committed 14784K, reserved 1114112K
 class space     used 1453K, committed 1536K, reserved 1048576K

Usage:
  Non-class:     12.82 MB used.
      Class:      1.42 MB used.
       Both:     14.24 MB used.

Virtual space:
  Non-class space:       64.00 MB reserved,      12.94 MB ( 20%) committed,  1 nodes.
      Class space:        1.00 GB reserved,       1.50 MB ( <1%) committed,  1 nodes.
             Both:        1.06 GB reserved,      14.44 MB (  1%) committed. 

Chunk freelists:
   Non-Class:  2.29 MB
       Class:  14.44 MB
        Both:  16.72 MB

MaxMetaspaceSize: unlimited
CompressedClassSpaceSize: 1.00 GB
Initial GC threshold: 21.00 MB
Current GC threshold: 21.00 MB
CDS: on
 - commit_granule_bytes: 65536.
 - commit_granule_words: 8192.
 - virtual_space_node_default_size: 8388608.
 - enlarge_chunks_in_place: 1.
UseCompressedClassPointers 1, UseCompactObjectHeaders 0
Narrow klass pointer bits 32, Max shift 3
Narrow klass base: 0x0000000032000000, Narrow klass shift: 0
Encoding Range: [0x0000000032000000 - 0x0000000132000000), (4294967296 bytes)
Klass Range:    [0x0000000032010000 - 0x0000000073000000), (1090453504 bytes)
Klass ID Range:  [65536 - 1090519033) (1090453497)
Protection zone: [0x0000000032000000 - 0x0000000032010000), (65536 bytes)


Internal statistics:

num_allocs_failed_limit: 0.
num_arena_births: 192.
num_arena_deaths: 0.
num_vsnodes_births: 2.
num_vsnodes_deaths: 0.
num_space_committed: 231.
num_space_uncommitted: 0.
num_chunks_returned_to_freelist: 0.
num_chunks_taken_from_freelist: 406.
num_chunk_merges: 0.
num_chunk_splits: 225.
num_chunks_enlarged: 135.
num_inconsistent_stats: 0.

CodeHeap 'non-profiled nmethods': size=119232Kb used=613Kb max_used=613Kb free=118618Kb
 bounds [0x0000016ad7f70000, 0x0000016ad81e0000, 0x0000016adf3e0000]
CodeHeap 'profiled nmethods': size=119104Kb used=3509Kb max_used=3509Kb free=115594Kb
 bounds [0x0000016ad03e0000, 0x0000016ad0750000, 0x0000016ad7830000]
CodeHeap 'non-nmethods': size=7424Kb used=3108Kb max_used=3169Kb free=4315Kb
 bounds [0x0000016ad7830000, 0x0000016ad7b50000, 0x0000016ad7f70000]
CodeCache: size=245760Kb, used=7230Kb, max_used=7291Kb, free=238527Kb
 total_blobs=2825, nmethods=2277, adapters=448, full_count=0
Compilation: enabled, stopped_count=0, restarted_count=0

Compilation events (20 events):
Event: 0.798 Thread 0x0000016ae7bf83a0 nmethod 2269 0x0000016ad0745e88 code [0x0000016ad0745f80, 0x0000016ad0746c68]
Event: 0.799 Thread 0x0000016ae7cab2e0 nmethod 2263 0x0000016ad0746c88 code [0x0000016ad0746d80, 0x0000016ad074a180]
Event: 0.800 Thread 0x0000016ae74c1670 nmethod 2260 0x0000016ad8007e08 code [0x0000016ad8007f00, 0x0000016ad80084f8]
Event: 0.802 Thread 0x0000016ae74e60a0 2271   !   3       java.lang.ref.ReferenceQueue::poll (44 bytes)
Event: 0.803 Thread 0x0000016ae7cab2e0 2272       3       jdk.internal.vm.ContinuationSupport::isSupported (4 bytes)
Event: 0.803 Thread 0x0000016ae7cab2e0 nmethod 2272 0x0000016ad074a208 code [0x0000016ad074a300, 0x0000016ad074a3f0]
Event: 0.803 Thread 0x0000016ae7bf83a0 2275   !   3       java.util.concurrent.ConcurrentHashMap::replaceNode (437 bytes)
Event: 0.803 Thread 0x0000016ae7cab2e0 2276       3       jdk.internal.vm.ContinuationSupport::pinIfSupported (10 bytes)
Event: 0.803 Thread 0x0000016aec5afd70 2278       3       java.util.concurrent.ConcurrentHashMap::remove (8 bytes)
Event: 0.803 Thread 0x0000016ae7cab2e0 nmethod 2276 0x0000016ad074a508 code [0x0000016ad074a600, 0x0000016ad074a778]
Event: 0.803 Thread 0x0000016ae7cab2e0 2279       3       jdk.internal.vm.ContinuationSupport::unpinIfSupported (10 bytes)
Event: 0.803 Thread 0x0000016ae7cab2e0 nmethod 2279 0x0000016ad074a808 code [0x0000016ad074a900, 0x0000016ad074aa78]
Event: 0.803 Thread 0x0000016ae74e60a0 nmethod 2271 0x0000016ad074ab08 code [0x0000016ad074ac00, 0x0000016ad074b230]
Event: 0.803 Thread 0x0000016ae74e60a0 2277       3       java.lang.ref.ReferenceQueue::poll0 (65 bytes)
Event: 0.803 Thread 0x0000016aec5afd70 nmethod 2278 0x0000016ad074b288 code [0x0000016ad074b380, 0x0000016ad074b550]
Event: 0.803 Thread 0x0000016ae74e60a0 nmethod 2277 0x0000016ad074b588 code [0x0000016ad074b680, 0x0000016ad074bb58]
Event: 0.804 Thread 0x0000016ae7bf83a0 nmethod 2275 0x0000016ad074bb88 code [0x0000016ad074bc80, 0x0000016ad074d490]
Event: 0.805 Thread 0x0000016aec5ad520 nmethod 2267 0x0000016ad8008b08 code [0x0000016ad8008c00, 0x0000016ad8009278]
Event: 0.806 Thread 0x0000016ae7cab2e0 2280       1       java.util.concurrent.CopyOnWriteArrayList::getArray (5 bytes)
Event: 0.806 Thread 0x0000016ae7cab2e0 nmethod 2280 0x0000016ad8009308 code [0x0000016ad8009400, 0x0000016ad80094c8]

GC Heap Usage History (2 events):
Event: 0.786 {heap Before GC invocations=0 (full 0):
 garbage-first heap   total reserved 4048896K, committed 256000K, used 50325K [0x0000000708e00000, 0x0000000800000000)
  region size 2048K, 24 young (49152K), 0 survivors (0K)
}
Event: 0.792 {heap After GC invocations=1 (full 0):
 garbage-first heap   total reserved 4048896K, committed 256000K, used 6818K [0x0000000708e00000, 0x0000000800000000)
  region size 2048K, 3 young (6144K), 3 survivors (6144K)
}

Metaspace Usage History (2 events):
Event: 0.786 {metaspace Before GC invocations=0 (full 0):
 Metaspace       used 14360K, committed 14592K, reserved 1114112K
  class space    used 1425K, committed 1536K, reserved 1048576K
}
Event: 0.792 {metaspace After GC invocations=1 (full 0):
 Metaspace       used 14360K, committed 14592K, reserved 1114112K
  class space    used 1425K, committed 1536K, reserved 1048576K
}

Dll operation events (11 events):
Event: 0.013 Loaded shared library C:\Program Files\Java\jdk-25\bin\java.dll
Event: 0.014 Loaded shared library C:\Program Files\Java\jdk-25\bin\zip.dll
Event: 0.114 Loaded shared library C:\Program Files\Java\jdk-25\bin\instrument.dll
Event: 0.125 Loaded shared library C:\Program Files\Java\jdk-25\bin\net.dll
Event: 0.127 Loaded shared library C:\Program Files\Java\jdk-25\bin\nio.dll
Event: 0.129 Loaded shared library C:\Program Files\Java\jdk-25\bin\jimage.dll
Event: 0.140 Loaded shared library C:\Program Files\Java\jdk-25\bin\verify.dll
Event: 0.146 Loaded shared library C:\Program Files\Java\jdk-25\bin\zip.dll
Event: 0.227 Loaded shared library C:\Program Files\Java\jdk-25\bin\extnet.dll
Event: 0.236 Loaded shared library C:\Program Files\Java\jdk-25\bin\management.dll
Event: 0.254 Loaded shared library C:\Program Files\Java\jdk-25\bin\management_ext.dll

Deoptimization events (20 events):
Event: 0.748 Thread 0x0000016ac7b6b560 Uncommon trap: trap_request=0xffffff45 fr.pc=0x0000016ad7f89988 relative=0x0000000000000188
Event: 0.748 Thread 0x0000016ac7b6b560 Uncommon trap: reason=unstable_if action=reinterpret pc=0x0000016ad7f89988 method=jdk.internal.util.ArraysSupport.vectorizedHashCode(Ljava/lang/Object;IIII)I @ 2 c2
Event: 0.748 Thread 0x0000016ac7b6b560 DEOPT PACKING pc=0x0000016ad7f89988 sp=0x0000000c3b8fbb50
Event: 0.748 Thread 0x0000016ac7b6b560 DEOPT UNPACKING pc=0x0000016ad7950082 sp=0x0000000c3b8fbb00 mode 2
Event: 0.793 Thread 0x0000016ac7b6b560 Uncommon trap: trap_request=0xffffff45 fr.pc=0x0000016ad7ffc67c relative=0x00000000000000fc
Event: 0.793 Thread 0x0000016ac7b6b560 Uncommon trap: reason=unstable_if action=reinterpret pc=0x0000016ad7ffc67c method=java.lang.ref.SoftReference.get()Ljava/lang/Object; @ 17 c2
Event: 0.793 Thread 0x0000016ac7b6b560 DEOPT PACKING pc=0x0000016ad7ffc67c sp=0x0000000c3b8f8db0
Event: 0.794 Thread 0x0000016ac7b6b560 DEOPT UNPACKING pc=0x0000016ad7950082 sp=0x0000000c3b8f8ce0 mode 2
Event: 0.802 Thread 0x0000016ac7b6b560 Uncommon trap: trap_request=0xffffff45 fr.pc=0x0000016ad7fed160 relative=0x0000000000000060
Event: 0.802 Thread 0x0000016ac7b6b560 Uncommon trap: reason=unstable_if action=reinterpret pc=0x0000016ad7fed160 method=java.lang.ref.ReferenceQueue.poll()Ljava/lang/ref/Reference; @ 4 c2
Event: 0.802 Thread 0x0000016ac7b6b560 DEOPT PACKING pc=0x0000016ad7fed160 sp=0x0000000c3b8fd870
Event: 0.802 Thread 0x0000016ac7b6b560 DEOPT UNPACKING pc=0x0000016ad7950082 sp=0x0000000c3b8fd780 mode 2
Event: 0.802 Thread 0x0000016ac7b6b560 Uncommon trap: trap_request=0xffffff45 fr.pc=0x0000016ad7fd6058 relative=0x0000000000000058
Event: 0.802 Thread 0x0000016ac7b6b560 Uncommon trap: reason=unstable_if action=reinterpret pc=0x0000016ad7fd6058 method=java.lang.ref.ReferenceQueue.poll()Ljava/lang/ref/Reference; @ 4 c2
Event: 0.802 Thread 0x0000016ac7b6b560 DEOPT PACKING pc=0x0000016ad7fd6058 sp=0x0000000c3b8fd800
Event: 0.802 Thread 0x0000016ac7b6b560 DEOPT UNPACKING pc=0x0000016ad7950082 sp=0x0000000c3b8fd780 mode 2
Event: 0.803 Thread 0x0000016ac7b6b560 Uncommon trap: trap_request=0xffffff45 fr.pc=0x0000016ad7fcc3b0 relative=0x00000000000000b0
Event: 0.803 Thread 0x0000016ac7b6b560 Uncommon trap: reason=unstable_if action=reinterpret pc=0x0000016ad7fcc3b0 method=java.lang.ref.SoftReference.get()Ljava/lang/Object; @ 17 c2
Event: 0.803 Thread 0x0000016ac7b6b560 DEOPT PACKING pc=0x0000016ad7fcc3b0 sp=0x0000000c3b8fdb10
Event: 0.803 Thread 0x0000016ac7b6b560 DEOPT UNPACKING pc=0x0000016ad7950082 sp=0x0000000c3b8fdaa8 mode 2

Classes loaded (20 events):
Event: 0.801 Loading class java/util/concurrent/ForkJoinPool$1
Event: 0.801 Loading class java/util/concurrent/ForkJoinPool$1 done
Event: 0.801 Loading class java/util/concurrent/ForkJoinPool$DefaultForkJoinWorkerThreadFactory
Event: 0.802 Loading class java/util/concurrent/ForkJoinPool$DefaultForkJoinWorkerThreadFactory done
Event: 0.802 Loading class java/util/concurrent/ForkJoinWorkerThread$InnocuousForkJoinWorkerThread
Event: 0.802 Loading class java/util/concurrent/ForkJoinWorkerThread$InnocuousForkJoinWorkerThread done
Event: 0.802 Loading class java/util/concurrent/ForkJoinTask$AdaptedRunnableAction
Event: 0.802 Loading class java/util/concurrent/ForkJoinTask$AdaptedRunnableAction done
Event: 0.803 Loading class org/junit/platform/launcher/TestPlan
Event: 0.803 Loading class org/junit/platform/launcher/TestPlan done
Event: 0.803 Loading class org/junit/platform/launcher/TestPlan
Event: 0.803 Loading class org/junit/platform/launcher/TestPlan done
Event: 0.804 Loading class org/junit/platform/launcher/TestPlan
Event: 0.804 Loading class org/junit/platform/launcher/TestPlan done
Event: 0.804 Loading class org/junit/platform/launcher/TestPlan
Event: 0.804 Loading class org/junit/platform/launcher/TestPlan done
Event: 0.804 Loading class org/junit/platform/launcher/core/DefaultLauncherSession$ClosedLauncher
Event: 0.804 Loading class org/junit/platform/launcher/core/DefaultLauncherSession$ClosedLauncher done
Event: 0.805 Loading class java/util/IdentityHashMap$KeyIterator
Event: 0.805 Loading class java/util/IdentityHashMap$KeyIterator done

Classes unloaded (0 events):
No events

Classes redefined (1 events):
Event: 0.155 Thread 0x0000016ae749a390 redefined class name=java.lang.Throwable, count=1

Internal exceptions (20 events):
Event: 0.618 Thread 0x0000016ac7b6b560 Exception <a 'java/lang/IncompatibleClassChangeError'{0x0000000716267d70}: Found class java.lang.Object, but interface was expected> (0x0000000716267d70) 
thrown [s\open\src\hotspot\share\interpreter\linkResolver.cpp, line 871]
Event: 0.621 Thread 0x0000016ac7b6b560 Exception <a 'java/lang/NoSuchMethodError'{0x0000000716298c78}: 'java.lang.Object java.lang.invoke.DirectMethodHandle$Holder.invokeStatic(java.lang.Object, java.lang.Object, int)'> (0x0000000716298c78) 
thrown [s\open\src\hotspot\share\interpreter\linkResolver.cpp, line 804]
Event: 0.624 Thread 0x0000016aec54c590 Exception <a 'java/lang/NoSuchMethodError'{0x00000007163ee820}: 'int java.lang.invoke.DelegatingMethodHandle$Holder.reinvoke_L(java.lang.Object, java.lang.Object, java.lang.Object, java.lang.Object, java.lang.Object)'> (0x00000007163ee820) 
thrown [s\open\src\hotspot\share\interpreter\linkResolver.cpp, line 804]
Event: 0.629 Thread 0x0000016ac7b6b560 Exception <a 'java/lang/NoSuchMethodError'{0x0000000716139010}: 'void java.lang.invoke.DirectMethodHandle$Holder.invokeSpecial(java.lang.Object, java.lang.Object, java.lang.Object, java.lang.Object, java.lang.Object)'> (0x0000000716139010) 
thrown [s\open\src\hotspot\share\interpreter\linkResolver.cpp, line 804]
Event: 0.629 Thread 0x0000016aec54c590 Exception <a 'java/lang/NoSuchMethodError'{0x0000000716038ef8}: 'java.lang.Object java.lang.invoke.DirectMethodHandle$Holder.invokeStatic(java.lang.Object, java.lang.Object, java.lang.Object, java.lang.Object, java.lang.Object, java.lang.Object, java.lang.Object, java.lang.Object, java.lang.Object)'> (0x0000000716038ef8) 
thrown [s\open\src\hotspot\share\interpreter\linkResolver.cpp, line 804]
Event: 0.630 Thread 0x0000016aec54c590 Exception <a 'java/lang/NoSuchMethodError'{0x000000071604c428}: 'java.lang.Object java.lang.invoke.Invokers$Holder.invokeExact_MT(java.lang.Object, java.lang.Object, java.lang.Object, java.lang.Object, java.lang.Object, java.lang.Object)'> (0x000000071604c428) 
thrown [s\open\src\hotspot\share\interpreter\linkResolver.cpp, line 804]
Event: 0.632 Thread 0x0000016aec54c590 Exception <a 'java/lang/NoSuchMethodError'{0x00000007160581c8}: 'java.lang.Object java.lang.invoke.DirectMethodHandle$Holder.invokeInterface(java.lang.Object, java.lang.Object, java.lang.Object, java.lang.Object, java.lang.Object)'> (0x00000007160581c8) 
thrown [s\open\src\hotspot\share\interpreter\linkResolver.cpp, line 804]
Event: 0.636 Thread 0x0000016aec54c590 Exception <a 'java/lang/NoSuchMethodError'{0x00000007160a7738}: 'double java.lang.invoke.DirectMethodHandle$Holder.invokeInterface(java.lang.Object, java.lang.Object)'> (0x00000007160a7738) 
thrown [s\open\src\hotspot\share\interpreter\linkResolver.cpp, line 804]
Event: 0.636 Thread 0x0000016aec54c590 Exception <a 'java/lang/NoSuchMethodError'{0x00000007160b8460}: 'double java.lang.invoke.DelegatingMethodHandle$Holder.reinvoke_L(java.lang.Object, java.lang.Object)'> (0x00000007160b8460) 
thrown [s\open\src\hotspot\share\interpreter\linkResolver.cpp, line 804]
Event: 0.641 Thread 0x0000016ac7b6b560 Exception <a 'java/lang/NoSuchMethodError'{0x0000000715e0b1f8}: 'void java.lang.invoke.DirectMethodHandle$Holder.invokeInterface(java.lang.Object, java.lang.Object, java.lang.Object, java.lang.Object)'> (0x0000000715e0b1f8) 
thrown [s\open\src\hotspot\share\interpreter\linkResolver.cpp, line 804]
Event: 0.642 Thread 0x0000016ac7b6b560 Exception <a 'java/lang/IncompatibleClassChangeError'{0x0000000715e132c0}: Found class java.lang.Object, but interface was expected> (0x0000000715e132c0) 
thrown [s\open\src\hotspot\share\interpreter\linkResolver.cpp, line 871]
Event: 0.646 Thread 0x0000016ac7b6b560 Exception <a 'java/lang/NoSuchMethodError'{0x0000000715e41730}: 'void java.lang.invoke.DirectMethodHandle$Holder.invokeStatic(java.lang.Object, java.lang.Object, java.lang.Object, java.lang.Object)'> (0x0000000715e41730) 
thrown [s\open\src\hotspot\share\interpreter\linkResolver.cpp, line 804]
Event: 0.649 Thread 0x0000016ac7b6b560 Exception <a 'java/lang/NoSuchMethodError'{0x0000000715e80540}: 'java.lang.Object java.lang.invoke.DirectMethodHandle$Holder.newInvokeSpecial(java.lang.Object, java.lang.Object, int)'> (0x0000000715e80540) 
thrown [s\open\src\hotspot\share\interpreter\linkResolver.cpp, line 804]
Event: 0.665 Thread 0x0000016ac7b6b560 Exception <a 'java/lang/NoSuchMethodError'{0x0000000715f75a88}: 'int java.lang.invoke.DirectMethodHandle$Holder.invokeSpecialIFC(java.lang.Object, java.lang.Object, java.lang.Object, java.lang.Object, java.lang.Object)'> (0x0000000715f75a88) 
thrown [s\open\src\hotspot\share\interpreter\linkResolver.cpp, line 804]
Event: 0.666 Thread 0x0000016ac7b6b560 Exception <a 'java/lang/NoSuchMethodError'{0x0000000715f86c10}: 'int java.lang.invoke.DirectMethodHandle$Holder.invokeStatic(java.lang.Object, java.lang.Object, java.lang.Object, java.lang.Object, java.lang.Object)'> (0x0000000715f86c10) 
thrown [s\open\src\hotspot\share\interpreter\linkResolver.cpp, line 804]
Event: 0.674 Thread 0x0000016ac7b6b560 Exception <a 'java/lang/NoSuchMethodError'{0x0000000715c1a038}: 'void java.lang.invoke.DirectMethodHandle$Holder.invokeStaticInit(java.lang.Object)'> (0x0000000715c1a038) 
thrown [s\open\src\hotspot\share\interpreter\linkResolver.cpp, line 804]
Event: 0.689 Thread 0x0000016ac7b6b560 Exception <a 'java/lang/NoSuchMethodError'{0x0000000715d134a8}: 'void java.lang.invoke.DirectMethodHandle$Holder.invokeStaticInit(java.lang.Object, java.lang.Object, java.lang.Object, java.lang.Object)'> (0x0000000715d134a8) 
thrown [s\open\src\hotspot\share\interpreter\linkResolver.cpp, line 804]
Event: 0.697 Thread 0x0000016ac7b6b560 Exception <a 'java/lang/NoSuchMethodError'{0x0000000715de2a30}: 'int java.lang.invoke.DirectMethodHandle$Holder.invokeStaticInit(java.lang.Object, java.lang.Object)'> (0x0000000715de2a30) 
thrown [s\open\src\hotspot\share\interpreter\linkResolver.cpp, line 804]
Event: 0.734 Thread 0x0000016ac7b6b560 Exception <a 'java/lang/IncompatibleClassChangeError'{0x0000000715874800}: Found class java.lang.Object, but interface was expected> (0x0000000715874800) 
thrown [s\open\src\hotspot\share\interpreter\linkResolver.cpp, line 871]
Event: 0.750 Thread 0x0000016ac7b6b560 Exception <a 'java/lang/NoSuchMethodError'{0x00000007159976b8}: 'void java.lang.invoke.DirectMethodHandle$Holder.invokeVirtual(java.lang.Object, java.lang.Object)'> (0x00000007159976b8) 
thrown [s\open\src\hotspot\share\interpreter\linkResolver.cpp, line 804]

VM Operations (20 events):
Event: 0.479 Executing non-safepoint VM operation: HandshakeAllThreads (Deoptimize) done
Event: 0.487 Executing non-safepoint VM operation: HandshakeAllThreads (Deoptimize)
Event: 0.487 Executing non-safepoint VM operation: HandshakeAllThreads (Deoptimize) done
Event: 0.524 Executing non-safepoint VM operation: HandshakeAllThreads (Deoptimize)
Event: 0.524 Executing non-safepoint VM operation: HandshakeAllThreads (Deoptimize) done
Event: 0.527 Executing non-safepoint VM operation: HandshakeAllThreads (Deoptimize)
Event: 0.527 Executing non-safepoint VM operation: HandshakeAllThreads (Deoptimize) done
Event: 0.527 Executing non-safepoint VM operation: HandshakeAllThreads (Deoptimize)
Event: 0.527 Executing non-safepoint VM operation: HandshakeAllThreads (Deoptimize) done
Event: 0.532 Executing non-safepoint VM operation: HandshakeAllThreads (Deoptimize)
Event: 0.532 Executing non-safepoint VM operation: HandshakeAllThreads (Deoptimize) done
Event: 0.616 Executing non-safepoint VM operation: HandshakeAllThreads (Deoptimize)
Event: 0.616 Executing non-safepoint VM operation: HandshakeAllThreads (Deoptimize) done
Event: 0.737 Executing non-safepoint VM operation: HandshakeAllThreads (Deoptimize)
Event: 0.737 Executing non-safepoint VM operation: HandshakeAllThreads (Deoptimize) done
Event: 0.747 Executing non-safepoint VM operation: HandshakeAllThreads (Deoptimize)
Event: 0.747 Executing non-safepoint VM operation: HandshakeAllThreads (Deoptimize) done
Event: 0.786 Executing safepoint VM operation: G1CollectForAllocation (G1 Evacuation Pause)
Event: 0.793 Executing safepoint VM operation: G1CollectForAllocation (G1 Evacuation Pause) done
Event: 0.806 Executing safepoint VM operation: Exit

Memory protections (0 events):
No events

Nmethod flushes (0 events):
No events

Events (20 events):
Event: 0.045 Thread 0x0000016ac7b6b560 Thread added: 0x0000016ae74e60a0
Event: 0.083 Thread 0x0000016ae74e60a0 Thread added: 0x0000016ae7bf83a0
Event: 0.100 Thread 0x0000016ae7bf83a0 Thread added: 0x0000016ae7cab2e0
Event: 0.106 Thread 0x0000016ae74c1670 Thread added: 0x0000016ae7cb97f0
Event: 0.127 Thread 0x0000016ac7b6b560 Thread added: 0x0000016ae7d6ed40
Event: 0.157 Thread 0x0000016ac7b6b560 Thread added: 0x0000016aec19d380
Event: 0.163 Thread 0x0000016ac7b6b560 Thread added: 0x0000016ae7e71e60
Event: 0.206 Thread 0x0000016ac7b6b560 Thread added: 0x0000016aec443960
Event: 0.206 Thread 0x0000016ac7b6b560 Thread added: 0x0000016aec446e30
Event: 0.364 Thread 0x0000016ae7bf83a0 Thread added: 0x0000016aec5afd70
Event: 0.377 Thread 0x0000016aec5afd70 Thread added: 0x0000016aec5ad520
Event: 0.379 Thread 0x0000016aec5afd70 Thread added: 0x0000016aec5aed50
Event: 0.382 Thread 0x0000016ae74e60a0 Thread added: 0x0000016aec5af560
Event: 0.532 Thread 0x0000016ae74b1410 Thread added: 0x0000016aec54eca0
Event: 0.590 Thread 0x0000016aec54eca0 Thread added: 0x0000016aec54c590
Event: 0.610 Thread 0x0000016aec54c590 Thread added: 0x0000016ae74bc5b0
Event: 0.615 Thread 0x0000016aec54c590 Thread added: 0x0000016aed60b590
Event: 0.805 Thread 0x0000016ac7b6b560 Thread added: 0x0000016aed93ea10
Event: 0.806 Thread 0x0000016aed93ea10 Thread exited: 0x0000016aed93ea10
Event: 0.806 Thread 0x0000016ac7b6b560 Before exit entered


Dynamic libraries:
0x00007ff615900000 - 0x00007ff615910000 	C:\Program Files\Java\jdk-25\bin\java.exe
0x00007ffa2dbc0000 - 0x00007ffa2de27000 	C:\Windows\SYSTEM32\ntdll.dll
0x00007ffa2cdd0000 - 0x00007ffa2ce99000 	C:\Windows\System32\KERNEL32.DLL
0x00007ffa2b110000 - 0x00007ffa2b507000 	C:\Windows\System32\KERNELBASE.dll
0x00007ffa2b7f0000 - 0x00007ffa2b93b000 	C:\Windows\System32\ucrtbase.dll
0x00007ffa16c60000 - 0x00007ffa16c77000 	C:\Program Files\Java\jdk-25\bin\jli.dll
0x00007ffa16c40000 - 0x00007ffa16c5e000 	C:\Program Files\Java\jdk-25\bin\VCRUNTIME140.dll
0x00007ffa2c2d0000 - 0x00007ffa2c496000 	C:\Windows\System32\USER32.dll
0x00007ffa087f0000 - 0x00007ffa08a82000 	C:\Windows\WinSxS\amd64_microsoft.windows.common-controls_6595b64144ccf1df_6.0.26100.8457_none_3e0b2faee331e92d\COMCTL32.dll
0x00007ffa2b510000 - 0x00007ffa2b537000 	C:\Windows\System32\win32u.dll
0x00007ffa2b9d0000 - 0x00007ffa2b9fb000 	C:\Windows\System32\GDI32.dll
0x00007ffa2bc10000 - 0x00007ffa2bcb9000 	C:\Windows\System32\msvcrt.dll
0x00007ffa2b6c0000 - 0x00007ffa2b7ec000 	C:\Windows\System32\gdi32full.dll
0x00007ffa2afd0000 - 0x00007ffa2b073000 	C:\Windows\System32\msvcp_win.dll
0x00007ffa2cf30000 - 0x00007ffa2cf62000 	C:\Windows\System32\IMM32.DLL
0x00007ffa19430000 - 0x00007ffa1943c000 	C:\Program Files\Java\jdk-25\bin\vcruntime140_1.dll
0x00007ff9f4ee0000 - 0x00007ff9f4f6d000 	C:\Program Files\Java\jdk-25\bin\msvcp140.dll
0x00007ff94c940000 - 0x00007ff94d79f000 	C:\Program Files\Java\jdk-25\bin\server\jvm.dll
0x00007ffa2c590000 - 0x00007ffa2c646000 	C:\Windows\System32\ADVAPI32.dll
0x00007ffa2d430000 - 0x00007ffa2d4d7000 	C:\Windows\System32\sechost.dll
0x00007ffa2be10000 - 0x00007ffa2bf28000 	C:\Windows\System32\RPCRT4.dll
0x00007ffa2cea0000 - 0x00007ffa2cf20000 	C:\Windows\System32\WS2_32.dll
0x00007ffa2a470000 - 0x00007ffa2a4ce000 	C:\Windows\SYSTEM32\POWRPROF.dll
0x00007ffa17580000 - 0x00007ffa175b6000 	C:\Windows\SYSTEM32\WINMM.dll
0x00007ffa18a90000 - 0x00007ffa18a9b000 	C:\Windows\SYSTEM32\VERSION.dll
0x00007ffa2a450000 - 0x00007ffa2a464000 	C:\Windows\SYSTEM32\UMPDC.dll
0x00007ffa29380000 - 0x00007ffa2939b000 	C:\Windows\SYSTEM32\kernel.appcore.dll
0x00007ffa16d30000 - 0x00007ffa16d3a000 	C:\Program Files\Java\jdk-25\bin\jimage.dll
0x00007ffa163f0000 - 0x00007ffa16632000 	C:\Windows\SYSTEM32\DBGHELP.DLL
0x00007ffa2d770000 - 0x00007ffa2daf3000 	C:\Windows\System32\combase.dll
0x00007ffa2c4a0000 - 0x00007ffa2c579000 	C:\Windows\System32\OLEAUT32.dll
0x00007ff9f90f0000 - 0x00007ff9f912b000 	C:\Windows\SYSTEM32\dbgcore.DLL
0x00007ffa2af20000 - 0x00007ffa2afc8000 	C:\Windows\System32\bcryptPrimitives.dll
0x00007ffa0f080000 - 0x00007ffa0f090000 	C:\Program Files\Java\jdk-25\bin\instrument.dll
0x00007ffa16c20000 - 0x00007ffa16c3f000 	C:\Program Files\Java\jdk-25\bin\java.dll
0x00007ffa2ba00000 - 0x00007ffa2bb97000 	C:\Windows\System32\ole32.dll
0x00007ffa2c650000 - 0x00007ffa2cdbe000 	C:\Windows\System32\SHELL32.dll
0x00007ff9f8e30000 - 0x00007ff9f8e47000 	C:\Program Files\Java\jdk-25\bin\zip.dll
0x00007ffa2a5f0000 - 0x00007ffa2ae5c000 	C:\Windows\System32\windows.storage.dll
0x00007ffa2d650000 - 0x00007ffa2d746000 	C:\Windows\System32\SHCORE.dll
0x00007ffa2bba0000 - 0x00007ffa2bc06000 	C:\Windows\System32\shlwapi.dll
0x00007ffa2a510000 - 0x00007ffa2a539000 	C:\Windows\SYSTEM32\profapi.dll
0x00007ff9fd960000 - 0x00007ff9fd972000 	C:\Program Files\Java\jdk-25\bin\net.dll
0x00007ffa298f0000 - 0x00007ffa2995c000 	C:\Windows\system32\mswsock.dll
0x00007ff9fc9d0000 - 0x00007ff9fc9e6000 	C:\Program Files\Java\jdk-25\bin\nio.dll
0x00007ffa05f70000 - 0x00007ffa05f80000 	C:\Program Files\Java\jdk-25\bin\verify.dll
0x00007ffa28e40000 - 0x00007ffa28f72000 	C:\Windows\SYSTEM32\DNSAPI.dll
0x00007ffa28e00000 - 0x00007ffa28e32000 	C:\Windows\SYSTEM32\IPHLPAPI.DLL
0x00007ffa2c580000 - 0x00007ffa2c58a000 	C:\Windows\System32\NSI.dll
0x00007ffa23870000 - 0x00007ffa2387b000 	C:\Windows\System32\rasadhlp.dll
0x00007ffa257c0000 - 0x00007ffa25846000 	C:\Windows\System32\fwpuclnt.dll
0x00007ffa03f20000 - 0x00007ffa03f29000 	C:\Program Files\Java\jdk-25\bin\extnet.dll
0x00007ff9fd950000 - 0x00007ff9fd95a000 	C:\Program Files\Java\jdk-25\bin\management.dll
0x00007ff9fcb80000 - 0x00007ff9fcb8c000 	C:\Program Files\Java\jdk-25\bin\management_ext.dll
0x00007ffa2db70000 - 0x00007ffa2db78000 	C:\Windows\System32\PSAPI.DLL
0x00007ffa29bd0000 - 0x00007ffa29beb000 	C:\Windows\SYSTEM32\CRYPTSP.dll
0x00007ffa292e0000 - 0x00007ffa29319000 	C:\Windows\system32\rsaenh.dll
0x00007ffa299a0000 - 0x00007ffa299d3000 	C:\Windows\SYSTEM32\USERENV.dll
0x00007ffa2a4e0000 - 0x00007ffa2a50a000 	C:\Windows\SYSTEM32\bcrypt.dll
0x00007ffa29bf0000 - 0x00007ffa29bfc000 	C:\Windows\SYSTEM32\CRYPTBASE.dll
0x00007ff9e8c50000 - 0x00007ff9e8c68000 	C:\Windows\system32\napinsp.dll
0x00007ff9e85d0000 - 0x00007ff9e85e3000 	C:\Windows\System32\winrnr.dll
0x00007ff9e85a0000 - 0x00007ff9e85c2000 	C:\Windows\system32\nlansp_c.dll
0x00007ff9f8180000 - 0x00007ff9f8196000 	C:\Windows\system32\wshbth.dll
0x00007ffa098a0000 - 0x00007ffa098f6000 	C:\Windows\SYSTEM32\pdh.dll
0x00007ff9fd6f0000 - 0x00007ff9fd702000 	C:\Windows\System32\perfproc.dll
0x00007ffa16d80000 - 0x00007ffa16d91000 	C:\Windows\System32\perfos.dll
0x00007ffa28a40000 - 0x00007ffa28a52000 	C:\Windows\SYSTEM32\pfclient.dll

JVMTI agents:
C:\Users\rober\AppData\Local\JetBrains\IntelliJIdea2026.1\captureAgent\debugger-agent.jar path:C:\Program Files\Java\jdk-25\bin\instrument.dll, loaded, initialized, instrumentlib options:file:///C:/Users/rober/AppData/Local/Temp/capture10918851219660635515.props
C:\Program Files\JetBrains\IntelliJ IDEA 2025.2.3\lib\idea_rt.jar path:C:\Program Files\Java\jdk-25\bin\instrument.dll, loaded, initialized, instrumentlib options:49247

dbghelp: loaded successfully - version: 4.0.5 - missing functions: none
symbol engine: initialized successfully - sym options: 0x614 - pdb path: .;C:\Program Files\Java\jdk-25\bin;C:\Windows\SYSTEM32;C:\Windows\WinSxS\amd64_microsoft.windows.common-controls_6595b64144ccf1df_6.0.26100.8457_none_3e0b2faee331e92d;C:\Program Files\Java\jdk-25\bin\server

VM Arguments:
jvm_args: -javaagent:C:\Users\rober\AppData\Local\JetBrains\IntelliJIdea2026.1\captureAgent\debugger-agent.jar=file:///C:/Users/rober/AppData/Local/Temp/capture10918851219660635515.props -ea -Didea.test.cyclic.buffer.size=1048576 -javaagent:C:\Program Files\JetBrains\IntelliJ IDEA 2025.2.3\lib\idea_rt.jar=49247 -Dkotlinx.coroutines.debug.enable.creation.stack.trace=false -Ddebugger.agent.enable.coroutines=true -Dkotlinx.coroutines.debug.enable.flows.stack.trace=true -Dkotlinx.coroutines.debug.enable.mutable.state.flows.stack.trace=true -Ddebugger.async.stack.trace.for.all.threads=true -Dfile.encoding=UTF-8 -Dsun.stdout.encoding=UTF-8 -Dsun.stderr.encoding=UTF-8 
java_command: com.intellij.rt.junit.JUnitStarter -ideVersion5 -junit5 com.treble.feasimulation.model.TriangularElementTest
java_class_path (initial): C:\Users\rober\.m2\repository\org\junit\platform\junit-platform-launcher\1.12.1\junit-platform-launcher-1.12.1.jar;C:\Program Files\JetBrains\IntelliJ IDEA 2025.2.3\lib\idea_rt.jar;C:\Program Files\JetBrains\IntelliJ IDEA 2025.2.3\plugins\junit\lib\junit5-rt.jar;C:\Program Files\JetBrains\IntelliJ IDEA 2025.2.3\plugins\junit\lib\junit-rt.jar;C:\Users\rober\IdeaProjects\FEA-Simulation\target\test-classes;C:\Users\rober\IdeaProjects\FEA-Simulation\target\classes;C:\Users\rober\.m2\repository\org\openjfx\javafx-controls\21.0.6\javafx-controls-21.0.6.jar;C:\Users\rober\.m2\repository\org\openjfx\javafx-controls\21.0.6\javafx-controls-21.0.6-win.jar;C:\Users\rober\.m2\repository\org\openjfx\javafx-graphics\21.0.6\javafx-graphics-21.0.6.jar;C:\Users\rober\.m2\repository\org\openjfx\javafx-graphics\21.0.6\javafx-graphics-21.0.6-win.jar;C:\Users\rober\.m2\repository\org\openjfx\javafx-base\21.0.6\javafx-base-21.0.6.jar;C:\Users\rober\.m2\repository\org\openjfx\javafx-base\21.0.6\javafx-base-21.0.6-win.jar;C:\Users\rober\.m2\repository\org\openjfx\javafx-fxml\21.0.6\javafx-fxml-21.0.6.jar;C:\Users\rober\.m2\repository\org\openjfx\javafx-fxml\21.0.6\javafx-fxml-21.0.6-win.jar;C:\Users\rober\.m2\repository\org\openjfx\javafx-web\21.0.6\javafx-web-21.0.6.jar;C:\Users\rober\.m2\repository\org\openjfx\javafx-web\21.0.6\javafx-web-21.0.6-win.jar;C:\Users\rober\.m2\repository\org\openjfx\javafx-swing\21.0.6\javafx-swing-21.0.6.jar;C:\Users\rober\.m2\repository\org\openjfx\javafx-swing\21.0.6\javafx-swing-21.0.6-win.jar;C:\Users\rober\.m2\repository\org\openjfx\javafx-media\21.0.6\javafx-media-21.0.6.jar;C:\Users\rober\.m2\repository\org\openjfx\javafx-media\21.0.6\javafx-media-21.0.6-win.jar;C:\Users\rober\.m2\repository\org\controlsfx\controlsfx\11.2.1\controlsfx-11.2.1.jar;C:\Users\rober\.m2\repository\com\dlsc\formsfx\formsfx-core\11.6.0\formsfx-core-11.6.0.jar;C:\Users\rober\.m2\repository\net\synedra\validatorfx\0.6.1\validatorfx-0.6.1.jar;C:\Users\rober\.m2\repository\org\kordamp\ikonli\ikonli-javafx\12.3.1\ikonli-javafx-12.3.1.jar;C:\Users\rober\.m2\repository\org\kordamp\ikonli\ikonli-core\12.3.1\ikonli-core-12.3.1.jar;C:\Users\rober\.m2\repository\org\kordamp\bootstrapfx\bootstrapfx-core\0.4.0\bootstrapfx-core-0.4.0.jar;C:\Users\rober\.m2\repository\eu\hansolo\tilesfx\21.0.9\tilesfx-21.0.9.jar;C:\Users\rober\.m2\repository\eu\hansolo\fx\countries\21.0.17\countries-21.0.17.jar;C:\Users\rober\.m2\repository\eu\hansolo\fx\heatmap\21.0.5\heatmap-21.0.5.jar;C:\Users\rober\.m2\repository\eu\hansolo\toolboxfx\21.0.5\toolboxfx-21.0.5.jar;C:\Users\rober\.m2\repository\eu\hansolo\toolbox\21.0.9\toolbox-21.0.9.jar;C:\Users\rober\.m2\repository\com\github\almasb\fxgl\11.17\fxgl-11.17.jar;C:\Users\rober\.m2\repository\com\github\almasb\fxgl-core\11.17\fxgl-core-11.17.jar;C:\Users\rober\.m2\repository\com\gluonhq\attach\audio\4.0.9\audio-4.0.9.jar;C:\Users\rober\.m2\repository\com\github\almasb\fxgl-io\11.17\fxgl-io-11.17.jar;C:\Users\rober\.m2\repository\com\gluonhq\attach\storage\4.0.9\storage-4.0.9.jar;C:\Users\rober\.m2\repository\com\gluonhq\attach\util\4.0.9\util-4.0.9.jar;C:\Users\rober\.m2\repository\com\github\almasb\fxgl-entity\11.17\fxgl-entity-11.17.jar;C:\Users\rober\.m2\repository\com\github\almasb\fxgl-scene\11.17\fxgl-scene-11.17.jar;C:\Users\rober\.m2\repository\com\github\almasb\fxgl-gameplay\11.17\fxgl-gameplay-11.17.jar;C:\Users\rober\.m2\repository\com\fasterxml\jackson\core\jackson-annotations\2.12.1\jackson-annotations-2.12.1.jar;C:\Users\rober\.m2\repository\com\fasterxml\jackson\core\jackson-databind\2.12.1\jackson-databind-2.12.1.jar;C:\Users\rober\.m2\repository\com\fasterxml\jackson\core\jackson-core\2.12.1\jackson-core-2.12.1.jar;C:\Users\rober\.m2\repository\com\gluonhq\attach\lifecycle\4.0.9\lifecycle-4.0.9.jar;C:\Users\rober\.m2\repository\org\jetbrains\kotlin\kotlin-stdlib\1.5.10\kotlin-stdlib-1.5.10-modular.jar;C:\Users\rober\.m2\repository\org\jetbrains\annotations\13.0\annotations-13.0.jar;C:\Users\rober\.m2\repository\org\jetbrains\kotlin\kotlin-stdlib-common\1.5.10\kotlin-stdlib-common-1.5.10.jar;C:\Users\rober\.m2\repository\org\junit\jupiter\junit-jupiter-api\5.12.1\junit-jupiter-api-5.12.1.jar;C:\Users\rober\.m2\repository\org\opentest4j\opentest4j\1.3.0\opentest4j-1.3.0.jar;C:\Users\rober\.m2\repository\org\junit\platform\junit-platform-commons\1.12.1\junit-platform-commons-1.12.1.jar;C:\Users\rober\.m2\repository\org\apiguardian\apiguardian-api\1.1.2\apiguardian-api-1.1.2.jar;C:\Users\rober\.m2\repository\org\junit\jupiter\junit-jupiter-engine\5.12.1\junit-jupiter-engine-5.12.1.jar;C:\Users\rober\.m2\repository\org\junit\platform\junit-platform-engine\1.12.1\junit-platform-engine-1.12.1.jar;C:\Users\rober\.m2\repository\org\ejml\ejml-core\0.41\ejml-core-0.41.jar;C:\Users\rober\.m2\repository\org\ejml\ejml-ddense\0.41\ejml-ddense-0.41.jar;C:\Users\rober\.m2\repository\org\ejml\ejml-simple\0.41\ejml-simple-0.41.jar;C:\Users\rober\.m2\repository\org\ejml\ejml-fdense\0.41\ejml-fdense-0.41.jar;C:\Users\rober\.m2\repository\org\ejml\ejml-cdense\0.41\ejml-cdense-0.41.jar;C:\Users\rober\.m2\repository\org\ejml\ejml-zdense\0.41\ejml-zdense-0.41.jar;C:\Users\rober\.m2\repository\org\ejml\ejml-dsparse\0.41\ejml-dsparse-0.41.jar;C:\Users\rober\.m2\repository\org\ejml\ejml-fsparse\0.41\ejml-fsparse-0.41.jar
Launcher Type: SUN_STANDARD

[Global flags]
     intx CICompilerCount                          = 12                                        {product} {ergonomic}
     uint ConcGCThreads                            = 3                                         {product} {ergonomic}
     uint G1ConcRefinementThreads                  = 13                                        {product} {ergonomic}
   size_t G1HeapRegionSize                         = 2097152                                   {product} {ergonomic}
   size_t InitialHeapSize                          = 260046848                                 {product} {ergonomic}
   size_t MarkStackSize                            = 4194304                                   {product} {ergonomic}
   size_t MarkStackSizeMax                         = 536870912                                 {product} {ergonomic}
   size_t MaxHeapSize                              = 4146069504                                {product} {ergonomic}
   size_t MaxNewSize                               = 2487222272                                {product} {ergonomic}
   size_t MinHeapDeltaBytes                        = 2097152                                   {product} {ergonomic}
   size_t MinHeapSize                              = 8388608                                   {product} {ergonomic}
    uintx NonNMethodCodeHeapSize                   = 7602176                                {pd product} {ergonomic}
    uintx NonProfiledCodeHeapSize                  = 122093568                              {pd product} {ergonomic}
    uintx ProfiledCodeHeapSize                     = 121962496                              {pd product} {ergonomic}
    uintx ReservedCodeCacheSize                    = 251658240                              {pd product} {ergonomic}
     bool SegmentedCodeCache                       = true                                      {product} {ergonomic}
   size_t SoftMaxHeapSize                          = 4146069504                             {manageable} {ergonomic}
     bool UseCompressedOops                        = true                           {product lp64_product} {ergonomic}
     bool UseG1GC                                  = true                                      {product} {ergonomic}
     bool UseLargePagesIndividualAllocation        = false                                  {pd product} {ergonomic}

Logging:
Log output configuration:
 #0: stdout all=off uptime,level,tags foldmultilines=false
 #1: stderr all=off uptime,level,tags foldmultilines=false

Release file:
IMPLEMENTOR="Oracle Corporation" 
JAVA_RUNTIME_VERSION="25+37-LTS-3491" 
JAVA_VERSION="25" 
JAVA_VERSION_DATE="2025-09-16" 
LIBC="default" 
MODULES="java.base java.compiler java.datatransfer java.xml java.prefs java.desktop java.instrument java.logging java.management java.security.sasl java.naming java.rmi java.management.rmi java.net.http java.scripting java.security.jgss java.transaction.xa java.sql java.sql.rowset java.xml.crypto java.se java.smartcardio jdk.accessibility jdk.internal.jvmstat jdk.attach jdk.charsets jdk.internal.opt jdk.zipfs jdk.compiler jdk.crypto.cryptoki jdk.crypto.ec jdk.crypto.mscapi jdk.dynalink jdk.internal.ed jdk.editpad jdk.internal.vm.ci jdk.graal.compiler jdk.graal.compiler.management jdk.hotspot.agent jdk.httpserver jdk.incubator.vector jdk.internal.le jdk.internal.md jdk.jartool jdk.javadoc jdk.jcmd jdk.management jdk.management.agent jdk.jconsole jdk.jdeps jdk.jdwp.agent jdk.jdi jdk.jfr jdk.jlink jdk.jpackage jdk.jshell jdk.jsobject jdk.jstatd jdk.localedata jdk.management.jfr jdk.naming.dns jdk.naming.rmi jdk.net jdk.nio.mapmode jdk.sctp jdk.security.auth jdk.security.jgss jdk.unsupported jdk.unsupported.desktop jdk.xml.dom" 
OS_ARCH="x86_64" 
OS_NAME="Windows" 
SOURCE=".:git:49d6a23b8806 open:git:6c48f4ed707b" 

Environment Variables:
PATH=C:\Program Files\Common Files\Oracle\Java\javapath;C:\Windows\system32;C:\Windows;C:\Windows\System32\Wbem;C:\Windows\System32\WindowsPowerShell\v1.0\;C:\Windows\System32\OpenSSH\;C:\Program Files\Git\cmd;C:\Program Files\dotnet\;C:\Program Files\nodejs\;C:\Program Files\GitHub CLI\;"C:\Users\rober\AppData\Local\Microsoft\WindowsApps;C:\Users\rober\Python\";C:\Users\rober\AppData\Local\Programs\Microsoft VS Code\bin;C:\Program Files\JetBrains\IntelliJ IDEA 2025.2.3\bin;C:\Users\rober\.dotnet\tools;C:\Users\rober\AppData\Roaming\npm;C:\Users\rober\AppData\Local\Python\bin;C:\Users\rober\AppData\Local\Python\pythoncore-3.14-64\Scripts;C:\Program Files\JetBrains\PyCharm 2026.1.2\bin;C:\Users\rober\AppData\Local\JetBrains\Toolbox\scripts;C:\Users\rober\AppData\Local\Programs\cursor\resources\app\bin
USERNAME=rober
OS=Windows_NT
PROCESSOR_IDENTIFIER=Intel64 Family 6 Model 197 Stepping 2, GenuineIntel
TMP=C:\Users\rober\AppData\Local\Temp
TEMP=C:\Users\rober\AppData\Local\Temp




Compilation memory statistics disabled.

Periodic native trim disabled

---------------  S Y S T E M  ---------------

OS:
 Windows 11 , 64 bit Build 26100 (10.0.26100.8328)
OS uptime: 0 days 7:57 hours
Hyper-V role detected

CPU: total 16 (initial active 16) (16 cores per cpu, 1 threads per core) family 6 model 197 stepping 2 microcode 0x116, cx8, cmov, fxsr, mmx, 3dnowpref, sse, sse2, sse3, ssse3, sse4.1, sse4.2, popcnt, lzcnt, tsc, tscinvbit, avx, avx2, aes, erms, clmul, bmi1, bmi2, adx, sha, fma, vzeroupper, clflush, clflushopt, clwb, hv, serialize, rdtscp, rdpid, fsrm, gfni, f16c, cet_ibt, cet_ss, avx_ifma
Processor Information for processor 0
  Max Mhz: 2000, Current Mhz: 2000, Mhz Limit: 2000
Processor Information for processor 1
  Max Mhz: 2000, Current Mhz: 2000, Mhz Limit: 2000
Processor Information for processor 2
  Max Mhz: 1500, Current Mhz: 1500, Mhz Limit: 1500
Processor Information for processor 3
  Max Mhz: 1500, Current Mhz: 1500, Mhz Limit: 1500
Processor Information for processor 4
  Max Mhz: 1500, Current Mhz: 1500, Mhz Limit: 1500
Processor Information for processor 5
  Max Mhz: 1500, Current Mhz: 1500, Mhz Limit: 1500
Processor Information for processor 6
  Max Mhz: 1500, Current Mhz: 1500, Mhz Limit: 1500
Processor Information for processor 7
  Max Mhz: 1500, Current Mhz: 1500, Mhz Limit: 1500
Processor Information for processor 8
  Max Mhz: 1500, Current Mhz: 1500, Mhz Limit: 1500
Processor Information for processor 9
  Max Mhz: 1500, Current Mhz: 1500, Mhz Limit: 1500
Processor Information for processor 10
  Max Mhz: 2000, Current Mhz: 2000, Mhz Limit: 2000
Processor Information for processor 11
  Max Mhz: 2000, Current Mhz: 2000, Mhz Limit: 2000
Processor Information for processor 12
  Max Mhz: 2000, Current Mhz: 2000, Mhz Limit: 2000
Processor Information for processor 13
  Max Mhz: 2000, Current Mhz: 2000, Mhz Limit: 2000
Processor Information for processor 14
  Max Mhz: 700, Current Mhz: 700, Mhz Limit: 700
Processor Information for processor 15
  Max Mhz: 700, Current Mhz: 700, Mhz Limit: 700

Memory: 4k page, system-wide physical 15814M (1004M free)
TotalPageFile size 52678M (AvailPageFile size 20109M)
current process WorkingSet (physical memory assigned to process): 145M, peak: 145M
current process commit charge ("private bytes"): 395M, peak: 397M

vm_info: Java HotSpot(TM) 64-Bit Server VM (25+37-LTS-3491) for windows-amd64 JRE (25+37-LTS-3491), built on 2025-08-14T21:13:00Z with unknown MS VC++:1943

END.
